<?xml version="1.0" encoding="UTF-8"?>
<!-- Generated by org.testng.reporters.JUnitReportReporter -->
<testsuite hostname="ATMECSBLRLT-030" failures="0" tests="1" name="com.atmecs.demoblaze.ContactClass" time="0.008" errors="1" timestamp="23 Sep 2020 12:08:18 GMT" skipped="0">
  <testcase classname="com.atmecs.demoblaze.ContactClass" name="contact" time="0.008">
    <error type="java.lang.StackOverflowError">
      <![CDATA[java.lang.StackOverflowError
at com.atmecs.demoblaze.ContactClass.contact(ContactClass.java:12)
at com.atmecs.demoblaze.ContactClass.contact(ContactClass.java:12)
at com.atmecs.demoblaze.ContactClass.contact(ContactClass.java:12)
at com.atmecs.demoblaze.ContactClass.contact(ContactClass.java:12)
at com.atmecs.demoblaze.ContactClass.contact(ContactClass.java:12)
at com.atmecs.demoblaze.ContactClass.contact(ContactClass.java:12)
at com.atmecs.demoblaze.ContactClass.contact(ContactClass.java:12)
at com.atmecs.demoblaze.ContactClass.contact(ContactClass.java:12)
at com.atmecs.demoblaze.ContactClass.contact(ContactClass.java:12)
at com.atmecs.demoblaze.ContactClass.contact(ContactClass.java:12)
at com.atmecs.demoblaze.ContactClass.contact(ContactClass.java:12)
at com.atmecs.demoblaze.ContactClass.contact(ContactClass.java:12)
at com.atmecs.demoblaze.ContactClass.contact(ContactClass.java:12)
at com.atmecs.demoblaze.ContactClass.contact(ContactClass.java:12)
at com.atmecs.demoblaze.ContactClass.contact(ContactClass.java:12)
at com.atmecs.demoblaze.ContactClass.contact(ContactClass.java:12)
at com.atmecs.demoblaze.ContactClass.contact(ContactClass.java:12)
at com.atmecs.demoblaze.ContactClass.contact(ContactClass.java:12)
at com.atmecs.demoblaze.ContactClass.contact(ContactClass.java:12)
at com.atmecs.demoblaze.ContactClass.contact(ContactClass.java:12)
at com.atmecs.demoblaze.ContactClass.contact(ContactClass.java:12)
at com.atmecs.demoblaze.ContactClass.contact(ContactClass.java:12)
at com.atmecs.demoblaze.ContactClass.contact(ContactClass.java:12)
at com.atmecs.demoblaze.ContactClass.contact(ContactClass.java:12)
at com.atmecs.demoblaze.ContactClass.contact(ContactClass.java:12)
at com.atmecs.demoblaze.ContactClass.contact(ContactClass.java:12)
at com.atmecs.demoblaze.ContactClass.contact(ContactClass.java:12)
at com.atmecs.demoblaze.ContactClass.contact(ContactClass.java:12)
at com.atmecs.demoblaze.ContactClass.contact(ContactClass.java:12)
at com.atmecs.demoblaze.ContactClass.contact(ContactClass.java:12)
at com.atmecs.demoblaze.ContactClass.contact(ContactClass.java:12)
at com.atmecs.demoblaze.ContactClass.contact(ContactClass.java:12)
at com.atmecs.demoblaze.ContactClass.contact(ContactClass.java:12)
at com.atmecs.demoblaze.ContactClass.contact(ContactClass.java:12)
at com.atmecs.demoblaze.ContactClass.contact(ContactClass.java:12)
at com.atmecs.demoblaze.ContactClass.contact(ContactClass.java:12)
at com.atmecs.demoblaze.ContactClass.contact(ContactClass.java:12)
at com.atmecs.demoblaze.ContactClass.contact(ContactClass.java:12)
at com.atmecs.demoblaze.ContactClass.contact(ContactClass.java:12)
at com.atmecs.demoblaze.ContactClass.contact(ContactClass.java:12)
at com.atmecs.demoblaze.ContactClass.contact(ContactClass.java:12)
at com.atmecs.demoblaze.ContactClass.contact(ContactClass.java:12)
at com.atmecs.demoblaze.ContactClass.contact(ContactClass.java:12)
at com.atmecs.demoblaze.ContactClass.contact(ContactClass.java:12)
at com.atmecs.demoblaze.ContactClass.contact(ContactClass.java:12)
at com.atmecs.demoblaze.ContactClass.contact(ContactClass.java:12)
at com.atmecs.demoblaze.ContactClass.contact(ContactClass.java:12)
at com.atmecs.demoblaze.ContactClass.contact(ContactClass.java:12)
at com.atmecs.demoblaze.ContactClass.contact(ContactClass.java:12)
at com.atmecs.demoblaze.ContactClass.contact(ContactClass.java:12)
at com.atmecs.demoblaze.ContactClass.contact(ContactClass.java:12)
at com.atmecs.demoblaze.ContactClass.contact(ContactClass.java:12)
at com.atmecs.demoblaze.ContactClass.contact(ContactClass.java:12)
at com.atmecs.demoblaze.ContactClass.contact(ContactClass.java:12)
at com.atmecs.demoblaze.ContactClass.contact(ContactClass.java:12)
at com.atmecs.demoblaze.ContactClass.contact(ContactClass.java:12)
at com.atmecs.demoblaze.ContactClass.contact(ContactClass.java:12)
at com.atmecs.demoblaze.ContactClass.contact(ContactClass.java:12)
at com.atmecs.demoblaze.ContactClass.contact(ContactClass.java:12)
at com.atmecs.demoblaze.ContactClass.contact(ContactClass.java:12)
at com.atmecs.demoblaze.ContactClass.contact(ContactClass.java:12)
at com.atmecs.demoblaze.ContactClass.contact(ContactClass.java:12)
at com.atmecs.demoblaze.ContactClass.contact(ContactClass.java:12)
at com.atmecs.demoblaze.ContactClass.contact(ContactClass.java:12)
at com.atmecs.demoblaze.ContactClass.contact(ContactClass.java:12)
at com.atmecs.demoblaze.ContactClass.contact(ContactClass.java:12)
at com.atmecs.demoblaze.ContactClass.contact(ContactClass.java:12)
at com.atmecs.demoblaze.ContactClass.contact(ContactClass.java:12)
at com.atmecs.demoblaze.ContactClass.contact(ContactClass.java:12)
at com.atmecs.demoblaze.ContactClass.contact(ContactClass.java:12)
at com.atmecs.demoblaze.ContactClass.contact(ContactClass.java:12)
at com.atmecs.demoblaze.ContactClass.contact(ContactClass.java:12)
at com.atmecs.demoblaze.ContactClass.contact(ContactClass.java:12)
at com.atmecs.demoblaze.ContactClass.contact(ContactClass.java:12)
at com.atmecs.demoblaze.ContactClass.contact(ContactClass.java:12)
at com.atmecs.demoblaze.ContactClass.contact(ContactClass.java:12)
at com.atmecs.demoblaze.ContactClass.contact(ContactClass.java:12)
at com.atmecs.demoblaze.ContactClass.contact(ContactClass.java:12)
at com.atmecs.demoblaze.ContactClass.contact(ContactClass.java:12)
at com.atmecs.demoblaze.ContactClass.contact(ContactClass.java:12)
at com.atmecs.demoblaze.ContactClass.contact(ContactClass.java:12)
at com.atmecs.demoblaze.ContactClass.contact(ContactClass.java:12)
at com.atmecs.demoblaze.ContactClass.contact(ContactClass.java:12)
at com.atmecs.demoblaze.ContactClass.contact(ContactClass.java:12)
at com.atmecs.demoblaze.ContactClass.contact(ContactClass.java:12)
at com.atmecs.demoblaze.ContactClass.contact(ContactClass.java:12)
at com.atmecs.demoblaze.ContactClass.contact(ContactClass.java:12)
at com.atmecs.demoblaze.ContactClass.contact(ContactClass.java:12)
at com.atmecs.demoblaze.ContactClass.contact(ContactClass.java:12)
at com.atmecs.demoblaze.ContactClass.contact(ContactClass.java:12)
at com.atmecs.demoblaze.ContactClass.contact(ContactClass.java:12)
at com.atmecs.demoblaze.ContactClass.contact(ContactClass.java:12)
at com.atmecs.demoblaze.ContactClass.contact(ContactClass.java:12)
at com.atmecs.demoblaze.ContactClass.contact(ContactClass.java:12)
at com.atmecs.demoblaze.ContactClass.contact(ContactClass.java:12)
at com.atmecs.demoblaze.ContactClass.contact(ContactClass.java:12)
at com.atmecs.demoblaze.ContactClass.contact(ContactClass.java:12)
at com.atmecs.demoblaze.ContactClass.contact(ContactClass.java:12)
at com.atmecs.demoblaze.ContactClass.contact(ContactClass.java:12)
at com.atmecs.demoblaze.ContactClass.contact(ContactClass.java:12)
at com.atmecs.demoblaze.ContactClass.contact(ContactClass.java:12)
at com.atmecs.demoblaze.ContactClass.contact(ContactClass.java:12)
at com.atmecs.demoblaze.ContactClass.contact(ContactClass.java:12)
at com.atmecs.demoblaze.ContactClass.contact(ContactClass.java:12)
at com.atmecs.demoblaze.ContactClass.contact(ContactClass.java:12)
at com.atmecs.demoblaze.ContactClass.contact(ContactClass.java:12)
at com.atmecs.demoblaze.ContactClass.contact(ContactClass.java:12)
at com.atmecs.demoblaze.ContactClass.contact(ContactClass.java:12)
at com.atmecs.demoblaze.ContactClass.contact(ContactClass.java:12)
at com.atmecs.demoblaze.ContactClass.contact(ContactClass.java:12)
at com.atmecs.demoblaze.ContactClass.contact(ContactClass.java:12)
at com.atmecs.demoblaze.ContactClass.contact(ContactClass.java:12)
at com.atmecs.demoblaze.ContactClass.contact(ContactClass.java:12)
at com.atmecs.demoblaze.ContactClass.contact(ContactClass.java:12)
at com.atmecs.demoblaze.ContactClass.contact(ContactClass.java:12)
at com.atmecs.demoblaze.ContactClass.contact(ContactClass.java:12)
at com.atmecs.demoblaze.ContactClass.contact(ContactClass.java:12)
at com.atmecs.demoblaze.ContactClass.contact(ContactClass.java:12)
at com.atmecs.demoblaze.ContactClass.contact(ContactClass.java:12)
at com.atmecs.demoblaze.ContactClass.contact(ContactClass.java:12)
at com.atmecs.demoblaze.ContactClass.contact(ContactClass.java:12)
at com.atmecs.demoblaze.ContactClass.contact(ContactClass.java:12)
at com.atmecs.demoblaze.ContactClass.contact(ContactClass.java:12)
at com.atmecs.demoblaze.ContactClass.contact(ContactClass.java:12)
at com.atmecs.demoblaze.ContactClass.contact(ContactClass.java:12)
at com.atmecs.demoblaze.ContactClass.contact(ContactClass.java:12)
at com.atmecs.demoblaze.ContactClass.contact(ContactClass.java:12)
at com.atmecs.demoblaze.ContactClass.contact(ContactClass.java:12)
at com.atmecs.demoblaze.ContactClass.contact(ContactClass.java:12)
at com.atmecs.demoblaze.ContactClass.contact(ContactClass.java:12)
at com.atmecs.demoblaze.ContactClass.contact(ContactClass.java:12)
at com.atmecs.demoblaze.ContactClass.contact(ContactClass.java:12)
at com.atmecs.demoblaze.ContactClass.contact(ContactClass.java:12)
at com.atmecs.demoblaze.ContactClass.contact(ContactClass.java:12)
at com.atmecs.demoblaze.ContactClass.contact(ContactClass.java:12)
at com.atmecs.demoblaze.ContactClass.contact(ContactClass.java:12)
at com.atmecs.demoblaze.ContactClass.contact(ContactClass.java:12)
at com.atmecs.demoblaze.ContactClass.contact(ContactClass.java:12)
at com.atmecs.demoblaze.ContactClass.contact(ContactClass.java:12)
at com.atmecs.demoblaze.ContactClass.contact(ContactClass.java:12)
at com.atmecs.demoblaze.ContactClass.contact(ContactClass.java:12)
at com.atmecs.demoblaze.ContactClass.contact(ContactClass.java:12)
at com.atmecs.demoblaze.ContactClass.contact(ContactClass.java:12)
at com.atmecs.demoblaze.ContactClass.contact(ContactClass.java:12)
at com.atmecs.demoblaze.ContactClass.contact(ContactClass.java:12)
at com.atmecs.demoblaze.ContactClass.contact(ContactClass.java:12)
at com.atmecs.demoblaze.ContactClass.contact(ContactClass.java:12)
at com.atmecs.demoblaze.ContactClass.contact(ContactClass.java:12)
at com.atmecs.demoblaze.ContactClass.contact(ContactClass.java:12)
at com.atmecs.demoblaze.ContactClass.contact(ContactClass.java:12)
at com.atmecs.demoblaze.ContactClass.contact(ContactClass.java:12)
at com.atmecs.demoblaze.ContactClass.contact(ContactClass.java:12)
at com.atmecs.demoblaze.ContactClass.contact(ContactClass.java:12)
at com.atmecs.demoblaze.ContactClass.contact(ContactClass.java:12)
at com.atmecs.demoblaze.ContactClass.contact(ContactClass.java:12)
at com.atmecs.demoblaze.ContactClass.contact(ContactClass.java:12)
at com.atmecs.demoblaze.ContactClass.contact(ContactClass.java:12)
at com.atmecs.demoblaze.ContactClass.contact(ContactClass.java:12)
at com.atmecs.demoblaze.ContactClass.contact(ContactClass.java:12)
at com.atmecs.demoblaze.ContactClass.contact(ContactClass.java:12)
at com.atmecs.demoblaze.ContactClass.contact(ContactClass.java:12)
at com.atmecs.demoblaze.ContactClass.contact(ContactClass.java:12)
at com.atmecs.demoblaze.ContactClass.contact(ContactClass.java:12)
at com.atmecs.demoblaze.ContactClass.contact(ContactClass.java:12)
at com.atmecs.demoblaze.ContactClass.contact(ContactClass.java:12)
at com.atmecs.demoblaze.ContactClass.contact(ContactClass.java:12)
at com.atmecs.demoblaze.ContactClass.contact(ContactClass.java:12)
at com.atmecs.demoblaze.ContactClass.contact(ContactClass.java:12)
at com.atmecs.demoblaze.ContactClass.contact(ContactClass.java:12)
at com.atmecs.demoblaze.ContactClass.contact(ContactClass.java:12)
at com.atmecs.demoblaze.ContactClass.contact(ContactClass.java:12)
at com.atmecs.demoblaze.ContactClass.contact(ContactClass.java:12)
at com.atmecs.demoblaze.ContactClass.contact(ContactClass.java:12)
at com.atmecs.demoblaze.ContactClass.contact(ContactClass.java:12)
at com.atmecs.demoblaze.ContactClass.contact(ContactClass.java:12)
at com.atmecs.demoblaze.ContactClass.contact(ContactClass.java:12)
at com.atmecs.demoblaze.ContactClass.contact(ContactClass.java:12)
at com.atmecs.demoblaze.ContactClass.contact(ContactClass.java:12)
at com.atmecs.demoblaze.ContactClass.contact(ContactClass.java:12)
at com.atmecs.demoblaze.ContactClass.contact(ContactClass.java:12)
at com.atmecs.demoblaze.ContactClass.contact(ContactClass.java:12)
at com.atmecs.demoblaze.ContactClass.contact(ContactClass.java:12)
at com.atmecs.demoblaze.ContactClass.contact(ContactClass.java:12)
at com.atmecs.demoblaze.ContactClass.contact(ContactClass.java:12)
at com.atmecs.demoblaze.ContactClass.contact(ContactClass.java:12)
at com.atmecs.demoblaze.ContactClass.contact(ContactClass.java:12)
at com.atmecs.demoblaze.ContactClass.contact(ContactClass.java:12)
at com.atmecs.demoblaze.ContactClass.contact(ContactClass.java:12)
at com.atmecs.demoblaze.ContactClass.contact(ContactClass.java:12)
at com.atmecs.demoblaze.ContactClass.contact(ContactClass.java:12)
at com.atmecs.demoblaze.ContactClass.contact(ContactClass.java:12)
at com.atmecs.demoblaze.ContactClass.contact(ContactClass.java:12)
at com.atmecs.demoblaze.ContactClass.contact(ContactClass.java:12)
at com.atmecs.demoblaze.ContactClass.contact(ContactClass.java:12)
at com.atmecs.demoblaze.ContactClass.contact(ContactClass.java:12)
at com.atmecs.demoblaze.ContactClass.contact(ContactClass.java:12)
at com.atmecs.demoblaze.ContactClass.contact(ContactClass.java:12)
at com.atmecs.demoblaze.ContactClass.contact(ContactClass.java:12)
at com.atmecs.demoblaze.ContactClass.contact(ContactClass.java:12)
at com.atmecs.demoblaze.ContactClass.contact(ContactClass.java:12)
at com.atmecs.demoblaze.ContactClass.contact(ContactClass.java:12)
at com.atmecs.demoblaze.ContactClass.contact(ContactClass.java:12)
at com.atmecs.demoblaze.ContactClass.contact(ContactClass.java:12)
at com.atmecs.demoblaze.ContactClass.contact(ContactClass.java:12)
at com.atmecs.demoblaze.ContactClass.contact(ContactClass.java:12)
at com.atmecs.demoblaze.ContactClass.contact(ContactClass.java:12)
at com.atmecs.demoblaze.ContactClass.contact(ContactClass.java:12)
at com.atmecs.demoblaze.ContactClass.contact(ContactClass.java:12)
at com.atmecs.demoblaze.ContactClass.contact(ContactClass.java:12)
at com.atmecs.demoblaze.ContactClass.contact(ContactClass.java:12)
at com.atmecs.demoblaze.ContactClass.contact(ContactClass.java:12)
at com.atmecs.demoblaze.ContactClass.contact(ContactClass.java:12)
at com.atmecs.demoblaze.ContactClass.contact(ContactClass.java:12)
at com.atmecs.demoblaze.ContactClass.contact(ContactClass.java:12)
at com.atmecs.demoblaze.ContactClass.contact(ContactClass.java:12)
at com.atmecs.demoblaze.ContactClass.contact(ContactClass.java:12)
at com.atmecs.demoblaze.ContactClass.contact(ContactClass.java:12)
at com.atmecs.demoblaze.ContactClass.contact(ContactClass.java:12)
at com.atmecs.demoblaze.ContactClass.contact(ContactClass.java:12)
at com.atmecs.demoblaze.ContactClass.contact(ContactClass.java:12)
at com.atmecs.demoblaze.ContactClass.contact(ContactClass.java:12)
at com.atmecs.demoblaze.ContactClass.contact(ContactClass.java:12)
at com.atmecs.demoblaze.ContactClass.contact(ContactClass.java:12)
at com.atmecs.demoblaze.ContactClass.contact(ContactClass.java:12)
at com.atmecs.demoblaze.ContactClass.contact(ContactClass.java:12)
at com.atmecs.demoblaze.ContactClass.contact(ContactClass.java:12)
at com.atmecs.demoblaze.ContactClass.contact(ContactClass.java:12)
at com.atmecs.demoblaze.ContactClass.contact(ContactClass.java:12)
at com.atmecs.demoblaze.ContactClass.contact(ContactClass.java:12)
at com.atmecs.demoblaze.ContactClass.contact(ContactClass.java:12)
at com.atmecs.demoblaze.ContactClass.contact(ContactClass.java:12)
at com.atmecs.demoblaze.ContactClass.contact(ContactClass.java:12)
at com.atmecs.demoblaze.ContactClass.contact(ContactClass.java:12)
at com.atmecs.demoblaze.ContactClass.contact(ContactClass.java:12)
at com.atmecs.demoblaze.ContactClass.contact(ContactClass.java:12)
at com.atmecs.demoblaze.ContactClass.contact(ContactClass.java:12)
at com.atmecs.demoblaze.ContactClass.contact(ContactClass.java:12)
at com.atmecs.demoblaze.ContactClass.contact(ContactClass.java:12)
at com.atmecs.demoblaze.ContactClass.contact(ContactClass.java:12)
at com.atmecs.demoblaze.ContactClass.contact(ContactClass.java:12)
at com.atmecs.demoblaze.ContactClass.contact(ContactClass.java:12)
at com.atmecs.demoblaze.ContactClass.contact(ContactClass.java:12)
at com.atmecs.demoblaze.ContactClass.contact(ContactClass.java:12)
at com.atmecs.demoblaze.ContactClass.contact(ContactClass.java:12)
at com.atmecs.demoblaze.ContactClass.contact(ContactClass.java:12)
at com.atmecs.demoblaze.ContactClass.contact(ContactClass.java:12)
at com.atmecs.demoblaze.ContactClass.contact(ContactClass.java:12)
at com.atmecs.demoblaze.ContactClass.contact(ContactClass.java:12)
at com.atmecs.demoblaze.ContactClass.contact(ContactClass.java:12)
at com.atmecs.demoblaze.ContactClass.contact(ContactClass.java:12)
at com.atmecs.demoblaze.ContactClass.contact(ContactClass.java:12)
at com.atmecs.demoblaze.ContactClass.contact(ContactClass.java:12)
at com.atmecs.demoblaze.ContactClass.contact(ContactClass.java:12)
at com.atmecs.demoblaze.ContactClass.contact(ContactClass.java:12)
at com.atmecs.demoblaze.ContactClass.contact(ContactClass.java:12)
at com.atmecs.demoblaze.ContactClass.contact(ContactClass.java:12)
at com.atmecs.demoblaze.ContactClass.contact(ContactClass.java:12)
at com.atmecs.demoblaze.ContactClass.contact(ContactClass.java:12)
at com.atmecs.demoblaze.ContactClass.contact(ContactClass.java:12)
at com.atmecs.demoblaze.ContactClass.contact(ContactClass.java:12)
at com.atmecs.demoblaze.ContactClass.contact(ContactClass.java:12)
at com.atmecs.demoblaze.ContactClass.contact(ContactClass.java:12)
at com.atmecs.demoblaze.ContactClass.contact(ContactClass.java:12)
at com.atmecs.demoblaze.ContactClass.contact(ContactClass.java:12)
at com.atmecs.demoblaze.ContactClass.contact(ContactClass.java:12)
at com.atmecs.demoblaze.ContactClass.contact(ContactClass.java:12)
at com.atmecs.demoblaze.ContactClass.contact(ContactClass.java:12)
at com.atmecs.demoblaze.ContactClass.contact(ContactClass.java:12)
at com.atmecs.demoblaze.ContactClass.contact(ContactClass.java:12)
at com.atmecs.demoblaze.ContactClass.contact(ContactClass.java:12)
at com.atmecs.demoblaze.ContactClass.contact(ContactClass.java:12)
at com.atmecs.demoblaze.ContactClass.contact(ContactClass.java:12)
at com.atmecs.demoblaze.ContactClass.contact(ContactClass.java:12)
at com.atmecs.demoblaze.ContactClass.contact(ContactClass.java:12)
at com.atmecs.demoblaze.ContactClass.contact(ContactClass.java:12)
at com.atmecs.demoblaze.ContactClass.contact(ContactClass.java:12)
at com.atmecs.demoblaze.ContactClass.contact(ContactClass.java:12)
at com.atmecs.demoblaze.ContactClass.contact(ContactClass.java:12)
at com.atmecs.demoblaze.ContactClass.contact(ContactClass.java:12)
at com.atmecs.demoblaze.ContactClass.contact(ContactClass.java:12)
at com.atmecs.demoblaze.ContactClass.contact(ContactClass.java:12)
at com.atmecs.demoblaze.ContactClass.contact(ContactClass.java:12)
at com.atmecs.demoblaze.ContactClass.contact(ContactClass.java:12)
at com.atmecs.demoblaze.ContactClass.contact(ContactClass.java:12)
at com.atmecs.demoblaze.ContactClass.contact(ContactClass.java:12)
at com.atmecs.demoblaze.ContactClass.contact(ContactClass.java:12)
at com.atmecs.demoblaze.ContactClass.contact(ContactClass.java:12)
at com.atmecs.demoblaze.ContactClass.contact(ContactClass.java:12)
at com.atmecs.demoblaze.ContactClass.contact(ContactClass.java:12)
at com.atmecs.demoblaze.ContactClass.contact(ContactClass.java:12)
at com.atmecs.demoblaze.ContactClass.contact(ContactClass.java:12)
at com.atmecs.demoblaze.ContactClass.contact(ContactClass.java:12)
at com.atmecs.demoblaze.ContactClass.contact(ContactClass.java:12)
at com.atmecs.demoblaze.ContactClass.contact(ContactClass.java:12)
at com.atmecs.demoblaze.ContactClass.contact(ContactClass.java:12)
at com.atmecs.demoblaze.ContactClass.contact(ContactClass.java:12)
at com.atmecs.demoblaze.ContactClass.contact(ContactClass.java:12)
at com.atmecs.demoblaze.ContactClass.contact(ContactClass.java:12)
at com.atmecs.demoblaze.ContactClass.contact(ContactClass.java:12)
at com.atmecs.demoblaze.ContactClass.contact(ContactClass.java:12)
at com.atmecs.demoblaze.ContactClass.contact(ContactClass.java:12)
at com.atmecs.demoblaze.ContactClass.contact(ContactClass.java:12)
at com.atmecs.demoblaze.ContactClass.contact(ContactClass.java:12)
at com.atmecs.demoblaze.ContactClass.contact(ContactClass.java:12)
at com.atmecs.demoblaze.ContactClass.contact(ContactClass.java:12)
at com.atmecs.demoblaze.ContactClass.contact(ContactClass.java:12)
at com.atmecs.demoblaze.ContactClass.contact(ContactClass.java:12)
at com.atmecs.demoblaze.ContactClass.contact(ContactClass.java:12)
at com.atmecs.demoblaze.ContactClass.contact(ContactClass.java:12)
at com.atmecs.demoblaze.ContactClass.contact(ContactClass.java:12)
at com.atmecs.demoblaze.ContactClass.contact(ContactClass.java:12)
at com.atmecs.demoblaze.ContactClass.contact(ContactClass.java:12)
at com.atmecs.demoblaze.ContactClass.contact(ContactClass.java:12)
at com.atmecs.demoblaze.ContactClass.contact(ContactClass.java:12)
at com.atmecs.demoblaze.ContactClass.contact(ContactClass.java:12)
at com.atmecs.demoblaze.ContactClass.contact(ContactClass.java:12)
at com.atmecs.demoblaze.ContactClass.contact(ContactClass.java:12)
at com.atmecs.demoblaze.ContactClass.contact(ContactClass.java:12)
at com.atmecs.demoblaze.ContactClass.contact(ContactClass.java:12)
at com.atmecs.demoblaze.ContactClass.contact(ContactClass.java:12)
at com.atmecs.demoblaze.ContactClass.contact(ContactClass.java:12)
at com.atmecs.demoblaze.ContactClass.contact(ContactClass.java:12)
at com.atmecs.demoblaze.ContactClass.contact(ContactClass.java:12)
at com.atmecs.demoblaze.ContactClass.contact(ContactClass.java:12)
at com.atmecs.demoblaze.ContactClass.contact(ContactClass.java:12)
at com.atmecs.demoblaze.ContactClass.contact(ContactClass.java:12)
at com.atmecs.demoblaze.ContactClass.contact(ContactClass.java:12)
at com.atmecs.demoblaze.ContactClass.contact(ContactClass.java:12)
at com.atmecs.demoblaze.ContactClass.contact(ContactClass.java:12)
at com.atmecs.demoblaze.ContactClass.contact(ContactClass.java:12)
at com.atmecs.demoblaze.ContactClass.contact(ContactClass.java:12)
at com.atmecs.demoblaze.ContactClass.contact(ContactClass.java:12)
at com.atmecs.demoblaze.ContactClass.contact(ContactClass.java:12)
at com.atmecs.demoblaze.ContactClass.contact(ContactClass.java:12)
at com.atmecs.demoblaze.ContactClass.contact(ContactClass.java:12)
at com.atmecs.demoblaze.ContactClass.contact(ContactClass.java:12)
at com.atmecs.demoblaze.ContactClass.contact(ContactClass.java:12)
at com.atmecs.demoblaze.ContactClass.contact(ContactClass.java:12)
at com.atmecs.demoblaze.ContactClass.contact(ContactClass.java:12)
at com.atmecs.demoblaze.ContactClass.contact(ContactClass.java:12)
at com.atmecs.demoblaze.ContactClass.contact(ContactClass.java:12)
at com.atmecs.demoblaze.ContactClass.contact(ContactClass.java:12)
at com.atmecs.demoblaze.ContactClass.contact(ContactClass.java:12)
at com.atmecs.demoblaze.ContactClass.contact(ContactClass.java:12)
at com.atmecs.demoblaze.ContactClass.contact(ContactClass.java:12)
at com.atmecs.demoblaze.ContactClass.contact(ContactClass.java:12)
at com.atmecs.demoblaze.ContactClass.contact(ContactClass.java:12)
at com.atmecs.demoblaze.ContactClass.contact(ContactClass.java:12)
at com.atmecs.demoblaze.ContactClass.contact(ContactClass.java:12)
at com.atmecs.demoblaze.ContactClass.contact(ContactClass.java:12)
at com.atmecs.demoblaze.ContactClass.contact(ContactClass.java:12)
at com.atmecs.demoblaze.ContactClass.contact(ContactClass.java:12)
at com.atmecs.demoblaze.ContactClass.contact(ContactClass.java:12)
at com.atmecs.demoblaze.ContactClass.contact(ContactClass.java:12)
at com.atmecs.demoblaze.ContactClass.contact(ContactClass.java:12)
at com.atmecs.demoblaze.ContactClass.contact(ContactClass.java:12)
at com.atmecs.demoblaze.ContactClass.contact(ContactClass.java:12)
at com.atmecs.demoblaze.ContactClass.contact(ContactClass.java:12)
at com.atmecs.demoblaze.ContactClass.contact(ContactClass.java:12)
at com.atmecs.demoblaze.ContactClass.contact(ContactClass.java:12)
at com.atmecs.demoblaze.ContactClass.contact(ContactClass.java:12)
at com.atmecs.demoblaze.ContactClass.contact(ContactClass.java:12)
at com.atmecs.demoblaze.ContactClass.contact(ContactClass.java:12)
at com.atmecs.demoblaze.ContactClass.contact(ContactClass.java:12)
at com.atmecs.demoblaze.ContactClass.contact(ContactClass.java:12)
at com.atmecs.demoblaze.ContactClass.contact(ContactClass.java:12)
at com.atmecs.demoblaze.ContactClass.contact(ContactClass.java:12)
at com.atmecs.demoblaze.ContactClass.contact(ContactClass.java:12)
at com.atmecs.demoblaze.ContactClass.contact(ContactClass.java:12)
at com.atmecs.demoblaze.ContactClass.contact(ContactClass.java:12)
at com.atmecs.demoblaze.ContactClass.contact(ContactClass.java:12)
at com.atmecs.demoblaze.ContactClass.contact(ContactClass.java:12)
at com.atmecs.demoblaze.ContactClass.contact(ContactClass.java:12)
at com.atmecs.demoblaze.ContactClass.contact(ContactClass.java:12)
at com.atmecs.demoblaze.ContactClass.contact(ContactClass.java:12)
at com.atmecs.demoblaze.ContactClass.contact(ContactClass.java:12)
at com.atmecs.demoblaze.ContactClass.contact(ContactClass.java:12)
at com.atmecs.demoblaze.ContactClass.contact(ContactClass.java:12)
at com.atmecs.demoblaze.ContactClass.contact(ContactClass.java:12)
at com.atmecs.demoblaze.ContactClass.contact(ContactClass.java:12)
at com.atmecs.demoblaze.ContactClass.contact(ContactClass.java:12)
at com.atmecs.demoblaze.ContactClass.contact(ContactClass.java:12)
at com.atmecs.demoblaze.ContactClass.contact(ContactClass.java:12)
at com.atmecs.demoblaze.ContactClass.contact(ContactClass.java:12)
at com.atmecs.demoblaze.ContactClass.contact(ContactClass.java:12)
at com.atmecs.demoblaze.ContactClass.contact(ContactClass.java:12)
at com.atmecs.demoblaze.ContactClass.contact(ContactClass.java:12)
at com.atmecs.demoblaze.ContactClass.contact(ContactClass.java:12)
at com.atmecs.demoblaze.ContactClass.contact(ContactClass.java:12)
at com.atmecs.demoblaze.ContactClass.contact(ContactClass.java:12)
at com.atmecs.demoblaze.ContactClass.contact(ContactClass.java:12)
at com.atmecs.demoblaze.ContactClass.contact(ContactClass.java:12)
at com.atmecs.demoblaze.ContactClass.contact(ContactClass.java:12)
at com.atmecs.demoblaze.ContactClass.contact(ContactClass.java:12)
at com.atmecs.demoblaze.ContactClass.contact(ContactClass.java:12)
at com.atmecs.demoblaze.ContactClass.contact(ContactClass.java:12)
at com.atmecs.demoblaze.ContactClass.contact(ContactClass.java:12)
at com.atmecs.demoblaze.ContactClass.contact(ContactClass.java:12)
at com.atmecs.demoblaze.ContactClass.contact(ContactClass.java:12)
at com.atmecs.demoblaze.ContactClass.contact(ContactClass.java:12)
at com.atmecs.demoblaze.ContactClass.contact(ContactClass.java:12)
at com.atmecs.demoblaze.ContactClass.contact(ContactClass.java:12)
at com.atmecs.demoblaze.ContactClass.contact(ContactClass.java:12)
at com.atmecs.demoblaze.ContactClass.contact(ContactClass.java:12)
at com.atmecs.demoblaze.ContactClass.contact(ContactClass.java:12)
at com.atmecs.demoblaze.ContactClass.contact(ContactClass.java:12)
at com.atmecs.demoblaze.ContactClass.contact(ContactClass.java:12)
at com.atmecs.demoblaze.ContactClass.contact(ContactClass.java:12)
at com.atmecs.demoblaze.ContactClass.contact(ContactClass.java:12)
at com.atmecs.demoblaze.ContactClass.contact(ContactClass.java:12)
at com.atmecs.demoblaze.ContactClass.contact(ContactClass.java:12)
at com.atmecs.demoblaze.ContactClass.contact(ContactClass.java:12)
at com.atmecs.demoblaze.ContactClass.contact(ContactClass.java:12)
at com.atmecs.demoblaze.ContactClass.contact(ContactClass.java:12)
at com.atmecs.demoblaze.ContactClass.contact(ContactClass.java:12)
at com.atmecs.demoblaze.ContactClass.contact(ContactClass.java:12)
at com.atmecs.demoblaze.ContactClass.contact(ContactClass.java:12)
at com.atmecs.demoblaze.ContactClass.contact(ContactClass.java:12)
at com.atmecs.demoblaze.ContactClass.contact(ContactClass.java:12)
at com.atmecs.demoblaze.ContactClass.contact(ContactClass.java:12)
at com.atmecs.demoblaze.ContactClass.contact(ContactClass.java:12)
at com.atmecs.demoblaze.ContactClass.contact(ContactClass.java:12)
at com.atmecs.demoblaze.ContactClass.contact(ContactClass.java:12)
at com.atmecs.demoblaze.ContactClass.contact(ContactClass.java:12)
at com.atmecs.demoblaze.ContactClass.contact(ContactClass.java:12)
at com.atmecs.demoblaze.ContactClass.contact(ContactClass.java:12)
at com.atmecs.demoblaze.ContactClass.contact(ContactClass.java:12)
at com.atmecs.demoblaze.ContactClass.contact(ContactClass.java:12)
at com.atmecs.demoblaze.ContactClass.contact(ContactClass.java:12)
at com.atmecs.demoblaze.ContactClass.contact(ContactClass.java:12)
at com.atmecs.demoblaze.ContactClass.contact(ContactClass.java:12)
at com.atmecs.demoblaze.ContactClass.contact(ContactClass.java:12)
at com.atmecs.demoblaze.ContactClass.contact(ContactClass.java:12)
at com.atmecs.demoblaze.ContactClass.contact(ContactClass.java:12)
at com.atmecs.demoblaze.ContactClass.contact(ContactClass.java:12)
at com.atmecs.demoblaze.ContactClass.contact(ContactClass.java:12)
at com.atmecs.demoblaze.ContactClass.contact(ContactClass.java:12)
at com.atmecs.demoblaze.ContactClass.contact(ContactClass.java:12)
at com.atmecs.demoblaze.ContactClass.contact(ContactClass.java:12)
at com.atmecs.demoblaze.ContactClass.contact(ContactClass.java:12)
at com.atmecs.demoblaze.ContactClass.contact(ContactClass.java:12)
at com.atmecs.demoblaze.ContactClass.contact(ContactClass.java:12)
at com.atmecs.demoblaze.ContactClass.contact(ContactClass.java:12)
at com.atmecs.demoblaze.ContactClass.contact(ContactClass.java:12)
at com.atmecs.demoblaze.ContactClass.contact(ContactClass.java:12)
at com.atmecs.demoblaze.ContactClass.contact(ContactClass.java:12)
at com.atmecs.demoblaze.ContactClass.contact(ContactClass.java:12)
at com.atmecs.demoblaze.ContactClass.contact(ContactClass.java:12)
at com.atmecs.demoblaze.ContactClass.contact(ContactClass.java:12)
at com.atmecs.demoblaze.ContactClass.contact(ContactClass.java:12)
at com.atmecs.demoblaze.ContactClass.contact(ContactClass.java:12)
at com.atmecs.demoblaze.ContactClass.contact(ContactClass.java:12)
at com.atmecs.demoblaze.ContactClass.contact(ContactClass.java:12)
at com.atmecs.demoblaze.ContactClass.contact(ContactClass.java:12)
at com.atmecs.demoblaze.ContactClass.contact(ContactClass.java:12)
at com.atmecs.demoblaze.ContactClass.contact(ContactClass.java:12)
at com.atmecs.demoblaze.ContactClass.contact(ContactClass.java:12)
at com.atmecs.demoblaze.ContactClass.contact(ContactClass.java:12)
at com.atmecs.demoblaze.ContactClass.contact(ContactClass.java:12)
at com.atmecs.demoblaze.ContactClass.contact(ContactClass.java:12)
at com.atmecs.demoblaze.ContactClass.contact(ContactClass.java:12)
at com.atmecs.demoblaze.ContactClass.contact(ContactClass.java:12)
at com.atmecs.demoblaze.ContactClass.contact(ContactClass.java:12)
at com.atmecs.demoblaze.ContactClass.contact(ContactClass.java:12)
at com.atmecs.demoblaze.ContactClass.contact(ContactClass.java:12)
at com.atmecs.demoblaze.ContactClass.contact(ContactClass.java:12)
at com.atmecs.demoblaze.ContactClass.contact(ContactClass.java:12)
at com.atmecs.demoblaze.ContactClass.contact(ContactClass.java:12)
at com.atmecs.demoblaze.ContactClass.contact(ContactClass.java:12)
at com.atmecs.demoblaze.ContactClass.contact(ContactClass.java:12)
at com.atmecs.demoblaze.ContactClass.contact(ContactClass.java:12)
at com.atmecs.demoblaze.ContactClass.contact(ContactClass.java:12)
at com.atmecs.demoblaze.ContactClass.contact(ContactClass.java:12)
at com.atmecs.demoblaze.ContactClass.contact(ContactClass.java:12)
at com.atmecs.demoblaze.ContactClass.contact(ContactClass.java:12)
at com.atmecs.demoblaze.ContactClass.contact(ContactClass.java:12)
at com.atmecs.demoblaze.ContactClass.contact(ContactClass.java:12)
at com.atmecs.demoblaze.ContactClass.contact(ContactClass.java:12)
at com.atmecs.demoblaze.ContactClass.contact(ContactClass.java:12)
at com.atmecs.demoblaze.ContactClass.contact(ContactClass.java:12)
at com.atmecs.demoblaze.ContactClass.contact(ContactClass.java:12)
at com.atmecs.demoblaze.ContactClass.contact(ContactClass.java:12)
at com.atmecs.demoblaze.ContactClass.contact(ContactClass.java:12)
at com.atmecs.demoblaze.ContactClass.contact(ContactClass.java:12)
at com.atmecs.demoblaze.ContactClass.contact(ContactClass.java:12)
at com.atmecs.demoblaze.ContactClass.contact(ContactClass.java:12)
at com.atmecs.demoblaze.ContactClass.contact(ContactClass.java:12)
at com.atmecs.demoblaze.ContactClass.contact(ContactClass.java:12)
at com.atmecs.demoblaze.ContactClass.contact(ContactClass.java:12)
at com.atmecs.demoblaze.ContactClass.contact(ContactClass.java:12)
at com.atmecs.demoblaze.ContactClass.contact(ContactClass.java:12)
at com.atmecs.demoblaze.ContactClass.contact(ContactClass.java:12)
at com.atmecs.demoblaze.ContactClass.contact(ContactClass.java:12)
at com.atmecs.demoblaze.ContactClass.contact(ContactClass.java:12)
at com.atmecs.demoblaze.ContactClass.contact(ContactClass.java:12)
at com.atmecs.demoblaze.ContactClass.contact(ContactClass.java:12)
at com.atmecs.demoblaze.ContactClass.contact(ContactClass.java:12)
at com.atmecs.demoblaze.ContactClass.contact(ContactClass.java:12)
at com.atmecs.demoblaze.ContactClass.contact(ContactClass.java:12)
at com.atmecs.demoblaze.ContactClass.contact(ContactClass.java:12)
at com.atmecs.demoblaze.ContactClass.contact(ContactClass.java:12)
at com.atmecs.demoblaze.ContactClass.contact(ContactClass.java:12)
at com.atmecs.demoblaze.ContactClass.contact(ContactClass.java:12)
at com.atmecs.demoblaze.ContactClass.contact(ContactClass.java:12)
at com.atmecs.demoblaze.ContactClass.contact(ContactClass.java:12)
at com.atmecs.demoblaze.ContactClass.contact(ContactClass.java:12)
at com.atmecs.demoblaze.ContactClass.contact(ContactClass.java:12)
at com.atmecs.demoblaze.ContactClass.contact(ContactClass.java:12)
at com.atmecs.demoblaze.ContactClass.contact(ContactClass.java:12)
at com.atmecs.demoblaze.ContactClass.contact(ContactClass.java:12)
at com.atmecs.demoblaze.ContactClass.contact(ContactClass.java:12)
at com.atmecs.demoblaze.ContactClass.contact(ContactClass.java:12)
at com.atmecs.demoblaze.ContactClass.contact(ContactClass.java:12)
at com.atmecs.demoblaze.ContactClass.contact(ContactClass.java:12)
at com.atmecs.demoblaze.ContactClass.contact(ContactClass.java:12)
at com.atmecs.demoblaze.ContactClass.contact(ContactClass.java:12)
at com.atmecs.demoblaze.ContactClass.contact(ContactClass.java:12)
at com.atmecs.demoblaze.ContactClass.contact(ContactClass.java:12)
at com.atmecs.demoblaze.ContactClass.contact(ContactClass.java:12)
at com.atmecs.demoblaze.ContactClass.contact(ContactClass.java:12)
at com.atmecs.demoblaze.ContactClass.contact(ContactClass.java:12)
at com.atmecs.demoblaze.ContactClass.contact(ContactClass.java:12)
at com.atmecs.demoblaze.ContactClass.contact(ContactClass.java:12)
at com.atmecs.demoblaze.ContactClass.contact(ContactClass.java:12)
at com.atmecs.demoblaze.ContactClass.contact(ContactClass.java:12)
at com.atmecs.demoblaze.ContactClass.contact(ContactClass.java:12)
at com.atmecs.demoblaze.ContactClass.contact(ContactClass.java:12)
at com.atmecs.demoblaze.ContactClass.contact(ContactClass.java:12)
at com.atmecs.demoblaze.ContactClass.contact(ContactClass.java:12)
at com.atmecs.demoblaze.ContactClass.contact(ContactClass.java:12)
at com.atmecs.demoblaze.ContactClass.contact(ContactClass.java:12)
at com.atmecs.demoblaze.ContactClass.contact(ContactClass.java:12)
at com.atmecs.demoblaze.ContactClass.contact(ContactClass.java:12)
at com.atmecs.demoblaze.ContactClass.contact(ContactClass.java:12)
at com.atmecs.demoblaze.ContactClass.contact(ContactClass.java:12)
at com.atmecs.demoblaze.ContactClass.contact(ContactClass.java:12)
at com.atmecs.demoblaze.ContactClass.contact(ContactClass.java:12)
at com.atmecs.demoblaze.ContactClass.contact(ContactClass.java:12)
at com.atmecs.demoblaze.ContactClass.contact(ContactClass.java:12)
at com.atmecs.demoblaze.ContactClass.contact(ContactClass.java:12)
at com.atmecs.demoblaze.ContactClass.contact(ContactClass.java:12)
at com.atmecs.demoblaze.ContactClass.contact(ContactClass.java:12)
at com.atmecs.demoblaze.ContactClass.contact(ContactClass.java:12)
at com.atmecs.demoblaze.ContactClass.contact(ContactClass.java:12)
at com.atmecs.demoblaze.ContactClass.contact(ContactClass.java:12)
at com.atmecs.demoblaze.ContactClass.contact(ContactClass.java:12)
at com.atmecs.demoblaze.ContactClass.contact(ContactClass.java:12)
at com.atmecs.demoblaze.ContactClass.contact(ContactClass.java:12)
at com.atmecs.demoblaze.ContactClass.contact(ContactClass.java:12)
at com.atmecs.demoblaze.ContactClass.contact(ContactClass.java:12)
at com.atmecs.demoblaze.ContactClass.contact(ContactClass.java:12)
at com.atmecs.demoblaze.ContactClass.contact(ContactClass.java:12)
at com.atmecs.demoblaze.ContactClass.contact(ContactClass.java:12)
at com.atmecs.demoblaze.ContactClass.contact(ContactClass.java:12)
at com.atmecs.demoblaze.ContactClass.contact(ContactClass.java:12)
at com.atmecs.demoblaze.ContactClass.contact(ContactClass.java:12)
at com.atmecs.demoblaze.ContactClass.contact(ContactClass.java:12)
at com.atmecs.demoblaze.ContactClass.contact(ContactClass.java:12)
at com.atmecs.demoblaze.ContactClass.contact(ContactClass.java:12)
at com.atmecs.demoblaze.ContactClass.contact(ContactClass.java:12)
at com.atmecs.demoblaze.ContactClass.contact(ContactClass.java:12)
at com.atmecs.demoblaze.ContactClass.contact(ContactClass.java:12)
at com.atmecs.demoblaze.ContactClass.contact(ContactClass.java:12)
at com.atmecs.demoblaze.ContactClass.contact(ContactClass.java:12)
at com.atmecs.demoblaze.ContactClass.contact(ContactClass.java:12)
at com.atmecs.demoblaze.ContactClass.contact(ContactClass.java:12)
at com.atmecs.demoblaze.ContactClass.contact(ContactClass.java:12)
at com.atmecs.demoblaze.ContactClass.contact(ContactClass.java:12)
at com.atmecs.demoblaze.ContactClass.contact(ContactClass.java:12)
at com.atmecs.demoblaze.ContactClass.contact(ContactClass.java:12)
at com.atmecs.demoblaze.ContactClass.contact(ContactClass.java:12)
at com.atmecs.demoblaze.ContactClass.contact(ContactClass.java:12)
at com.atmecs.demoblaze.ContactClass.contact(ContactClass.java:12)
at com.atmecs.demoblaze.ContactClass.contact(ContactClass.java:12)
at com.atmecs.demoblaze.ContactClass.contact(ContactClass.java:12)
at com.atmecs.demoblaze.ContactClass.contact(ContactClass.java:12)
at com.atmecs.demoblaze.ContactClass.contact(ContactClass.java:12)
at com.atmecs.demoblaze.ContactClass.contact(ContactClass.java:12)
at com.atmecs.demoblaze.ContactClass.contact(ContactClass.java:12)
at com.atmecs.demoblaze.ContactClass.contact(ContactClass.java:12)
at com.atmecs.demoblaze.ContactClass.contact(ContactClass.java:12)
at com.atmecs.demoblaze.ContactClass.contact(ContactClass.java:12)
at com.atmecs.demoblaze.ContactClass.contact(ContactClass.java:12)
at com.atmecs.demoblaze.ContactClass.contact(ContactClass.java:12)
at com.atmecs.demoblaze.ContactClass.contact(ContactClass.java:12)
at com.atmecs.demoblaze.ContactClass.contact(ContactClass.java:12)
at com.atmecs.demoblaze.ContactClass.contact(ContactClass.java:12)
at com.atmecs.demoblaze.ContactClass.contact(ContactClass.java:12)
at com.atmecs.demoblaze.ContactClass.contact(ContactClass.java:12)
at com.atmecs.demoblaze.ContactClass.contact(ContactClass.java:12)
at com.atmecs.demoblaze.ContactClass.contact(ContactClass.java:12)
at com.atmecs.demoblaze.ContactClass.contact(ContactClass.java:12)
at com.atmecs.demoblaze.ContactClass.contact(ContactClass.java:12)
at com.atmecs.demoblaze.ContactClass.contact(ContactClass.java:12)
at com.atmecs.demoblaze.ContactClass.contact(ContactClass.java:12)
at com.atmecs.demoblaze.ContactClass.contact(ContactClass.java:12)
at com.atmecs.demoblaze.ContactClass.contact(ContactClass.java:12)
at com.atmecs.demoblaze.ContactClass.contact(ContactClass.java:12)
at com.atmecs.demoblaze.ContactClass.contact(ContactClass.java:12)
at com.atmecs.demoblaze.ContactClass.contact(ContactClass.java:12)
at com.atmecs.demoblaze.ContactClass.contact(ContactClass.java:12)
at com.atmecs.demoblaze.ContactClass.contact(ContactClass.java:12)
at com.atmecs.demoblaze.ContactClass.contact(ContactClass.java:12)
at com.atmecs.demoblaze.ContactClass.contact(ContactClass.java:12)
at com.atmecs.demoblaze.ContactClass.contact(ContactClass.java:12)
at com.atmecs.demoblaze.ContactClass.contact(ContactClass.java:12)
at com.atmecs.demoblaze.ContactClass.contact(ContactClass.java:12)
at com.atmecs.demoblaze.ContactClass.contact(ContactClass.java:12)
at com.atmecs.demoblaze.ContactClass.contact(ContactClass.java:12)
at com.atmecs.demoblaze.ContactClass.contact(ContactClass.java:12)
at com.atmecs.demoblaze.ContactClass.contact(ContactClass.java:12)
at com.atmecs.demoblaze.ContactClass.contact(ContactClass.java:12)
at com.atmecs.demoblaze.ContactClass.contact(ContactClass.java:12)
at com.atmecs.demoblaze.ContactClass.contact(ContactClass.java:12)
at com.atmecs.demoblaze.ContactClass.contact(ContactClass.java:12)
at com.atmecs.demoblaze.ContactClass.contact(ContactClass.java:12)
at com.atmecs.demoblaze.ContactClass.contact(ContactClass.java:12)
at com.atmecs.demoblaze.ContactClass.contact(ContactClass.java:12)
at com.atmecs.demoblaze.ContactClass.contact(ContactClass.java:12)
at com.atmecs.demoblaze.ContactClass.contact(ContactClass.java:12)
at com.atmecs.demoblaze.ContactClass.contact(ContactClass.java:12)
at com.atmecs.demoblaze.ContactClass.contact(ContactClass.java:12)
at com.atmecs.demoblaze.ContactClass.contact(ContactClass.java:12)
at com.atmecs.demoblaze.ContactClass.contact(ContactClass.java:12)
at com.atmecs.demoblaze.ContactClass.contact(ContactClass.java:12)
at com.atmecs.demoblaze.ContactClass.contact(ContactClass.java:12)
at com.atmecs.demoblaze.ContactClass.contact(ContactClass.java:12)
at com.atmecs.demoblaze.ContactClass.contact(ContactClass.java:12)
at com.atmecs.demoblaze.ContactClass.contact(ContactClass.java:12)
at com.atmecs.demoblaze.ContactClass.contact(ContactClass.java:12)
at com.atmecs.demoblaze.ContactClass.contact(ContactClass.java:12)
at com.atmecs.demoblaze.ContactClass.contact(ContactClass.java:12)
at com.atmecs.demoblaze.ContactClass.contact(ContactClass.java:12)
at com.atmecs.demoblaze.ContactClass.contact(ContactClass.java:12)
at com.atmecs.demoblaze.ContactClass.contact(ContactClass.java:12)
at com.atmecs.demoblaze.ContactClass.contact(ContactClass.java:12)
at com.atmecs.demoblaze.ContactClass.contact(ContactClass.java:12)
at com.atmecs.demoblaze.ContactClass.contact(ContactClass.java:12)
at com.atmecs.demoblaze.ContactClass.contact(ContactClass.java:12)
at com.atmecs.demoblaze.ContactClass.contact(ContactClass.java:12)
at com.atmecs.demoblaze.ContactClass.contact(ContactClass.java:12)
at com.atmecs.demoblaze.ContactClass.contact(ContactClass.java:12)
at com.atmecs.demoblaze.ContactClass.contact(ContactClass.java:12)
at com.atmecs.demoblaze.ContactClass.contact(ContactClass.java:12)
at com.atmecs.demoblaze.ContactClass.contact(ContactClass.java:12)
at com.atmecs.demoblaze.ContactClass.contact(ContactClass.java:12)
at com.atmecs.demoblaze.ContactClass.contact(ContactClass.java:12)
at com.atmecs.demoblaze.ContactClass.contact(ContactClass.java:12)
at com.atmecs.demoblaze.ContactClass.contact(ContactClass.java:12)
at com.atmecs.demoblaze.ContactClass.contact(ContactClass.java:12)
at com.atmecs.demoblaze.ContactClass.contact(ContactClass.java:12)
at com.atmecs.demoblaze.ContactClass.contact(ContactClass.java:12)
at com.atmecs.demoblaze.ContactClass.contact(ContactClass.java:12)
at com.atmecs.demoblaze.ContactClass.contact(ContactClass.java:12)
at com.atmecs.demoblaze.ContactClass.contact(ContactClass.java:12)
at com.atmecs.demoblaze.ContactClass.contact(ContactClass.java:12)
at com.atmecs.demoblaze.ContactClass.contact(ContactClass.java:12)
at com.atmecs.demoblaze.ContactClass.contact(ContactClass.java:12)
at com.atmecs.demoblaze.ContactClass.contact(ContactClass.java:12)
at com.atmecs.demoblaze.ContactClass.contact(ContactClass.java:12)
at com.atmecs.demoblaze.ContactClass.contact(ContactClass.java:12)
at com.atmecs.demoblaze.ContactClass.contact(ContactClass.java:12)
at com.atmecs.demoblaze.ContactClass.contact(ContactClass.java:12)
at com.atmecs.demoblaze.ContactClass.contact(ContactClass.java:12)
at com.atmecs.demoblaze.ContactClass.contact(ContactClass.java:12)
at com.atmecs.demoblaze.ContactClass.contact(ContactClass.java:12)
at com.atmecs.demoblaze.ContactClass.contact(ContactClass.java:12)
at com.atmecs.demoblaze.ContactClass.contact(ContactClass.java:12)
at com.atmecs.demoblaze.ContactClass.contact(ContactClass.java:12)
at com.atmecs.demoblaze.ContactClass.contact(ContactClass.java:12)
at com.atmecs.demoblaze.ContactClass.contact(ContactClass.java:12)
at com.atmecs.demoblaze.ContactClass.contact(ContactClass.java:12)
at com.atmecs.demoblaze.ContactClass.contact(ContactClass.java:12)
at com.atmecs.demoblaze.ContactClass.contact(ContactClass.java:12)
at com.atmecs.demoblaze.ContactClass.contact(ContactClass.java:12)
at com.atmecs.demoblaze.ContactClass.contact(ContactClass.java:12)
at com.atmecs.demoblaze.ContactClass.contact(ContactClass.java:12)
at com.atmecs.demoblaze.ContactClass.contact(ContactClass.java:12)
at com.atmecs.demoblaze.ContactClass.contact(ContactClass.java:12)
at com.atmecs.demoblaze.ContactClass.contact(ContactClass.java:12)
at com.atmecs.demoblaze.ContactClass.contact(ContactClass.java:12)
at com.atmecs.demoblaze.ContactClass.contact(ContactClass.java:12)
at com.atmecs.demoblaze.ContactClass.contact(ContactClass.java:12)
at com.atmecs.demoblaze.ContactClass.contact(ContactClass.java:12)
at com.atmecs.demoblaze.ContactClass.contact(ContactClass.java:12)
at com.atmecs.demoblaze.ContactClass.contact(ContactClass.java:12)
at com.atmecs.demoblaze.ContactClass.contact(ContactClass.java:12)
at com.atmecs.demoblaze.ContactClass.contact(ContactClass.java:12)
at com.atmecs.demoblaze.ContactClass.contact(ContactClass.java:12)
at com.atmecs.demoblaze.ContactClass.contact(ContactClass.java:12)
at com.atmecs.demoblaze.ContactClass.contact(ContactClass.java:12)
at com.atmecs.demoblaze.ContactClass.contact(ContactClass.java:12)
at com.atmecs.demoblaze.ContactClass.contact(ContactClass.java:12)
at com.atmecs.demoblaze.ContactClass.contact(ContactClass.java:12)
at com.atmecs.demoblaze.ContactClass.contact(ContactClass.java:12)
at com.atmecs.demoblaze.ContactClass.contact(ContactClass.java:12)
at com.atmecs.demoblaze.ContactClass.contact(ContactClass.java:12)
at com.atmecs.demoblaze.ContactClass.contact(ContactClass.java:12)
at com.atmecs.demoblaze.ContactClass.contact(ContactClass.java:12)
at com.atmecs.demoblaze.ContactClass.contact(ContactClass.java:12)
at com.atmecs.demoblaze.ContactClass.contact(ContactClass.java:12)
at com.atmecs.demoblaze.ContactClass.contact(ContactClass.java:12)
at com.atmecs.demoblaze.ContactClass.contact(ContactClass.java:12)
at com.atmecs.demoblaze.ContactClass.contact(ContactClass.java:12)
at com.atmecs.demoblaze.ContactClass.contact(ContactClass.java:12)
at com.atmecs.demoblaze.ContactClass.contact(ContactClass.java:12)
at com.atmecs.demoblaze.ContactClass.contact(ContactClass.java:12)
at com.atmecs.demoblaze.ContactClass.contact(ContactClass.java:12)
at com.atmecs.demoblaze.ContactClass.contact(ContactClass.java:12)
at com.atmecs.demoblaze.ContactClass.contact(ContactClass.java:12)
at com.atmecs.demoblaze.ContactClass.contact(ContactClass.java:12)
at com.atmecs.demoblaze.ContactClass.contact(ContactClass.java:12)
at com.atmecs.demoblaze.ContactClass.contact(ContactClass.java:12)
at com.atmecs.demoblaze.ContactClass.contact(ContactClass.java:12)
at com.atmecs.demoblaze.ContactClass.contact(ContactClass.java:12)
at com.atmecs.demoblaze.ContactClass.contact(ContactClass.java:12)
at com.atmecs.demoblaze.ContactClass.contact(ContactClass.java:12)
at com.atmecs.demoblaze.ContactClass.contact(ContactClass.java:12)
at com.atmecs.demoblaze.ContactClass.contact(ContactClass.java:12)
at com.atmecs.demoblaze.ContactClass.contact(ContactClass.java:12)
at com.atmecs.demoblaze.ContactClass.contact(ContactClass.java:12)
at com.atmecs.demoblaze.ContactClass.contact(ContactClass.java:12)
at com.atmecs.demoblaze.ContactClass.contact(ContactClass.java:12)
at com.atmecs.demoblaze.ContactClass.contact(ContactClass.java:12)
at com.atmecs.demoblaze.ContactClass.contact(ContactClass.java:12)
at com.atmecs.demoblaze.ContactClass.contact(ContactClass.java:12)
at com.atmecs.demoblaze.ContactClass.contact(ContactClass.java:12)
at com.atmecs.demoblaze.ContactClass.contact(ContactClass.java:12)
at com.atmecs.demoblaze.ContactClass.contact(ContactClass.java:12)
at com.atmecs.demoblaze.ContactClass.contact(ContactClass.java:12)
at com.atmecs.demoblaze.ContactClass.contact(ContactClass.java:12)
at com.atmecs.demoblaze.ContactClass.contact(ContactClass.java:12)
at com.atmecs.demoblaze.ContactClass.contact(ContactClass.java:12)
at com.atmecs.demoblaze.ContactClass.contact(ContactClass.java:12)
at com.atmecs.demoblaze.ContactClass.contact(ContactClass.java:12)
at com.atmecs.demoblaze.ContactClass.contact(ContactClass.java:12)
at com.atmecs.demoblaze.ContactClass.contact(ContactClass.java:12)
at com.atmecs.demoblaze.ContactClass.contact(ContactClass.java:12)
at com.atmecs.demoblaze.ContactClass.contact(ContactClass.java:12)
at com.atmecs.demoblaze.ContactClass.contact(ContactClass.java:12)
at com.atmecs.demoblaze.ContactClass.contact(ContactClass.java:12)
at com.atmecs.demoblaze.ContactClass.contact(ContactClass.java:12)
at com.atmecs.demoblaze.ContactClass.contact(ContactClass.java:12)
at com.atmecs.demoblaze.ContactClass.contact(ContactClass.java:12)
at com.atmecs.demoblaze.ContactClass.contact(ContactClass.java:12)
at com.atmecs.demoblaze.ContactClass.contact(ContactClass.java:12)
at com.atmecs.demoblaze.ContactClass.contact(ContactClass.java:12)
at com.atmecs.demoblaze.ContactClass.contact(ContactClass.java:12)
at com.atmecs.demoblaze.ContactClass.contact(ContactClass.java:12)
at com.atmecs.demoblaze.ContactClass.contact(ContactClass.java:12)
at com.atmecs.demoblaze.ContactClass.contact(ContactClass.java:12)
at com.atmecs.demoblaze.ContactClass.contact(ContactClass.java:12)
at com.atmecs.demoblaze.ContactClass.contact(ContactClass.java:12)
at com.atmecs.demoblaze.ContactClass.contact(ContactClass.java:12)
at com.atmecs.demoblaze.ContactClass.contact(ContactClass.java:12)
at com.atmecs.demoblaze.ContactClass.contact(ContactClass.java:12)
at com.atmecs.demoblaze.ContactClass.contact(ContactClass.java:12)
at com.atmecs.demoblaze.ContactClass.contact(ContactClass.java:12)
at com.atmecs.demoblaze.ContactClass.contact(ContactClass.java:12)
at com.atmecs.demoblaze.ContactClass.contact(ContactClass.java:12)
at com.atmecs.demoblaze.ContactClass.contact(ContactClass.java:12)
at com.atmecs.demoblaze.ContactClass.contact(ContactClass.java:12)
at com.atmecs.demoblaze.ContactClass.contact(ContactClass.java:12)
at com.atmecs.demoblaze.ContactClass.contact(ContactClass.java:12)
at com.atmecs.demoblaze.ContactClass.contact(ContactClass.java:12)
at com.atmecs.demoblaze.ContactClass.contact(ContactClass.java:12)
at com.atmecs.demoblaze.ContactClass.contact(ContactClass.java:12)
at com.atmecs.demoblaze.ContactClass.contact(ContactClass.java:12)
at com.atmecs.demoblaze.ContactClass.contact(ContactClass.java:12)
at com.atmecs.demoblaze.ContactClass.contact(ContactClass.java:12)
at com.atmecs.demoblaze.ContactClass.contact(ContactClass.java:12)
at com.atmecs.demoblaze.ContactClass.contact(ContactClass.java:12)
at com.atmecs.demoblaze.ContactClass.contact(ContactClass.java:12)
at com.atmecs.demoblaze.ContactClass.contact(ContactClass.java:12)
at com.atmecs.demoblaze.ContactClass.contact(ContactClass.java:12)
at com.atmecs.demoblaze.ContactClass.contact(ContactClass.java:12)
at com.atmecs.demoblaze.ContactClass.contact(ContactClass.java:12)
at com.atmecs.demoblaze.ContactClass.contact(ContactClass.java:12)
at com.atmecs.demoblaze.ContactClass.contact(ContactClass.java:12)
at com.atmecs.demoblaze.ContactClass.contact(ContactClass.java:12)
at com.atmecs.demoblaze.ContactClass.contact(ContactClass.java:12)
at com.atmecs.demoblaze.ContactClass.contact(ContactClass.java:12)
at com.atmecs.demoblaze.ContactClass.contact(ContactClass.java:12)
at com.atmecs.demoblaze.ContactClass.contact(ContactClass.java:12)
at com.atmecs.demoblaze.ContactClass.contact(ContactClass.java:12)
at com.atmecs.demoblaze.ContactClass.contact(ContactClass.java:12)
at com.atmecs.demoblaze.ContactClass.contact(ContactClass.java:12)
at com.atmecs.demoblaze.ContactClass.contact(ContactClass.java:12)
at com.atmecs.demoblaze.ContactClass.contact(ContactClass.java:12)
at com.atmecs.demoblaze.ContactClass.contact(ContactClass.java:12)
at com.atmecs.demoblaze.ContactClass.contact(ContactClass.java:12)
at com.atmecs.demoblaze.ContactClass.contact(ContactClass.java:12)
at com.atmecs.demoblaze.ContactClass.contact(ContactClass.java:12)
at com.atmecs.demoblaze.ContactClass.contact(ContactClass.java:12)
at com.atmecs.demoblaze.ContactClass.contact(ContactClass.java:12)
at com.atmecs.demoblaze.ContactClass.contact(ContactClass.java:12)
at com.atmecs.demoblaze.ContactClass.contact(ContactClass.java:12)
at com.atmecs.demoblaze.ContactClass.contact(ContactClass.java:12)
at com.atmecs.demoblaze.ContactClass.contact(ContactClass.java:12)
at com.atmecs.demoblaze.ContactClass.contact(ContactClass.java:12)
at com.atmecs.demoblaze.ContactClass.contact(ContactClass.java:12)
at com.atmecs.demoblaze.ContactClass.contact(ContactClass.java:12)
at com.atmecs.demoblaze.ContactClass.contact(ContactClass.java:12)
at com.atmecs.demoblaze.ContactClass.contact(ContactClass.java:12)
at com.atmecs.demoblaze.ContactClass.contact(ContactClass.java:12)
at com.atmecs.demoblaze.ContactClass.contact(ContactClass.java:12)
at com.atmecs.demoblaze.ContactClass.contact(ContactClass.java:12)
at com.atmecs.demoblaze.ContactClass.contact(ContactClass.java:12)
at com.atmecs.demoblaze.ContactClass.contact(ContactClass.java:12)
at com.atmecs.demoblaze.ContactClass.contact(ContactClass.java:12)
at com.atmecs.demoblaze.ContactClass.contact(ContactClass.java:12)
at com.atmecs.demoblaze.ContactClass.contact(ContactClass.java:12)
at com.atmecs.demoblaze.ContactClass.contact(ContactClass.java:12)
at com.atmecs.demoblaze.ContactClass.contact(ContactClass.java:12)
at com.atmecs.demoblaze.ContactClass.contact(ContactClass.java:12)
at com.atmecs.demoblaze.ContactClass.contact(ContactClass.java:12)
at com.atmecs.demoblaze.ContactClass.contact(ContactClass.java:12)
at com.atmecs.demoblaze.ContactClass.contact(ContactClass.java:12)
at com.atmecs.demoblaze.ContactClass.contact(ContactClass.java:12)
at com.atmecs.demoblaze.ContactClass.contact(ContactClass.java:12)
at com.atmecs.demoblaze.ContactClass.contact(ContactClass.java:12)
at com.atmecs.demoblaze.ContactClass.contact(ContactClass.java:12)
at com.atmecs.demoblaze.ContactClass.contact(ContactClass.java:12)
at com.atmecs.demoblaze.ContactClass.contact(ContactClass.java:12)
at com.atmecs.demoblaze.ContactClass.contact(ContactClass.java:12)
at com.atmecs.demoblaze.ContactClass.contact(ContactClass.java:12)
at com.atmecs.demoblaze.ContactClass.contact(ContactClass.java:12)
at com.atmecs.demoblaze.ContactClass.contact(ContactClass.java:12)
at com.atmecs.demoblaze.ContactClass.contact(ContactClass.java:12)
at com.atmecs.demoblaze.ContactClass.contact(ContactClass.java:12)
at com.atmecs.demoblaze.ContactClass.contact(ContactClass.java:12)
at com.atmecs.demoblaze.ContactClass.contact(ContactClass.java:12)
at com.atmecs.demoblaze.ContactClass.contact(ContactClass.java:12)
at com.atmecs.demoblaze.ContactClass.contact(ContactClass.java:12)
at com.atmecs.demoblaze.ContactClass.contact(ContactClass.java:12)
at com.atmecs.demoblaze.ContactClass.contact(ContactClass.java:12)
at com.atmecs.demoblaze.ContactClass.contact(ContactClass.java:12)
at com.atmecs.demoblaze.ContactClass.contact(ContactClass.java:12)
at com.atmecs.demoblaze.ContactClass.contact(ContactClass.java:12)
at com.atmecs.demoblaze.ContactClass.contact(ContactClass.java:12)
at com.atmecs.demoblaze.ContactClass.contact(ContactClass.java:12)
at com.atmecs.demoblaze.ContactClass.contact(ContactClass.java:12)
at com.atmecs.demoblaze.ContactClass.contact(ContactClass.java:12)
at com.atmecs.demoblaze.ContactClass.contact(ContactClass.java:12)
at com.atmecs.demoblaze.ContactClass.contact(ContactClass.java:12)
at com.atmecs.demoblaze.ContactClass.contact(ContactClass.java:12)
at com.atmecs.demoblaze.ContactClass.contact(ContactClass.java:12)
at com.atmecs.demoblaze.ContactClass.contact(ContactClass.java:12)
at com.atmecs.demoblaze.ContactClass.contact(ContactClass.java:12)
at com.atmecs.demoblaze.ContactClass.contact(ContactClass.java:12)
at com.atmecs.demoblaze.ContactClass.contact(ContactClass.java:12)
at com.atmecs.demoblaze.ContactClass.contact(ContactClass.java:12)
at com.atmecs.demoblaze.ContactClass.contact(ContactClass.java:12)
at com.atmecs.demoblaze.ContactClass.contact(ContactClass.java:12)
at com.atmecs.demoblaze.ContactClass.contact(ContactClass.java:12)
at com.atmecs.demoblaze.ContactClass.contact(ContactClass.java:12)
at com.atmecs.demoblaze.ContactClass.contact(ContactClass.java:12)
at com.atmecs.demoblaze.ContactClass.contact(ContactClass.java:12)
at com.atmecs.demoblaze.ContactClass.contact(ContactClass.java:12)
at com.atmecs.demoblaze.ContactClass.contact(ContactClass.java:12)
at com.atmecs.demoblaze.ContactClass.contact(ContactClass.java:12)
at com.atmecs.demoblaze.ContactClass.contact(ContactClass.java:12)
at com.atmecs.demoblaze.ContactClass.contact(ContactClass.java:12)
at com.atmecs.demoblaze.ContactClass.contact(ContactClass.java:12)
at com.atmecs.demoblaze.ContactClass.contact(ContactClass.java:12)
at com.atmecs.demoblaze.ContactClass.contact(ContactClass.java:12)
at com.atmecs.demoblaze.ContactClass.contact(ContactClass.java:12)
at com.atmecs.demoblaze.ContactClass.contact(ContactClass.java:12)
at com.atmecs.demoblaze.ContactClass.contact(ContactClass.java:12)
at com.atmecs.demoblaze.ContactClass.contact(ContactClass.java:12)
at com.atmecs.demoblaze.ContactClass.contact(ContactClass.java:12)
at com.atmecs.demoblaze.ContactClass.contact(ContactClass.java:12)
at com.atmecs.demoblaze.ContactClass.contact(ContactClass.java:12)
at com.atmecs.demoblaze.ContactClass.contact(ContactClass.java:12)
at com.atmecs.demoblaze.ContactClass.contact(ContactClass.java:12)
at com.atmecs.demoblaze.ContactClass.contact(ContactClass.java:12)
at com.atmecs.demoblaze.ContactClass.contact(ContactClass.java:12)
at com.atmecs.demoblaze.ContactClass.contact(ContactClass.java:12)
at com.atmecs.demoblaze.ContactClass.contact(ContactClass.java:12)
at com.atmecs.demoblaze.ContactClass.contact(ContactClass.java:12)
at com.atmecs.demoblaze.ContactClass.contact(ContactClass.java:12)
at com.atmecs.demoblaze.ContactClass.contact(ContactClass.java:12)
at com.atmecs.demoblaze.ContactClass.contact(ContactClass.java:12)
at com.atmecs.demoblaze.ContactClass.contact(ContactClass.java:12)
at com.atmecs.demoblaze.ContactClass.contact(ContactClass.java:12)
at com.atmecs.demoblaze.ContactClass.contact(ContactClass.java:12)
at com.atmecs.demoblaze.ContactClass.contact(ContactClass.java:12)
at com.atmecs.demoblaze.ContactClass.contact(ContactClass.java:12)
at com.atmecs.demoblaze.ContactClass.contact(ContactClass.java:12)
at com.atmecs.demoblaze.ContactClass.contact(ContactClass.java:12)
at com.atmecs.demoblaze.ContactClass.contact(ContactClass.java:12)
at com.atmecs.demoblaze.ContactClass.contact(ContactClass.java:12)
at com.atmecs.demoblaze.ContactClass.contact(ContactClass.java:12)
at com.atmecs.demoblaze.ContactClass.contact(ContactClass.java:12)
at com.atmecs.demoblaze.ContactClass.contact(ContactClass.java:12)
at com.atmecs.demoblaze.ContactClass.contact(ContactClass.java:12)
at com.atmecs.demoblaze.ContactClass.contact(ContactClass.java:12)
at com.atmecs.demoblaze.ContactClass.contact(ContactClass.java:12)
at com.atmecs.demoblaze.ContactClass.contact(ContactClass.java:12)
at com.atmecs.demoblaze.ContactClass.contact(ContactClass.java:12)
at com.atmecs.demoblaze.ContactClass.contact(ContactClass.java:12)
at com.atmecs.demoblaze.ContactClass.contact(ContactClass.java:12)
at com.atmecs.demoblaze.ContactClass.contact(ContactClass.java:12)
at com.atmecs.demoblaze.ContactClass.contact(ContactClass.java:12)
at com.atmecs.demoblaze.ContactClass.contact(ContactClass.java:12)
at com.atmecs.demoblaze.ContactClass.contact(ContactClass.java:12)
at com.atmecs.demoblaze.ContactClass.contact(ContactClass.java:12)
at com.atmecs.demoblaze.ContactClass.contact(ContactClass.java:12)
at com.atmecs.demoblaze.ContactClass.contact(ContactClass.java:12)
at com.atmecs.demoblaze.ContactClass.contact(ContactClass.java:12)
at com.atmecs.demoblaze.ContactClass.contact(ContactClass.java:12)
at com.atmecs.demoblaze.ContactClass.contact(ContactClass.java:12)
at com.atmecs.demoblaze.ContactClass.contact(ContactClass.java:12)
at com.atmecs.demoblaze.ContactClass.contact(ContactClass.java:12)
at com.atmecs.demoblaze.ContactClass.contact(ContactClass.java:12)
at com.atmecs.demoblaze.ContactClass.contact(ContactClass.java:12)
at com.atmecs.demoblaze.ContactClass.contact(ContactClass.java:12)
at com.atmecs.demoblaze.ContactClass.contact(ContactClass.java:12)
at com.atmecs.demoblaze.ContactClass.contact(ContactClass.java:12)
at com.atmecs.demoblaze.ContactClass.contact(ContactClass.java:12)
at com.atmecs.demoblaze.ContactClass.contact(ContactClass.java:12)
at com.atmecs.demoblaze.ContactClass.contact(ContactClass.java:12)
at com.atmecs.demoblaze.ContactClass.contact(ContactClass.java:12)
at com.atmecs.demoblaze.ContactClass.contact(ContactClass.java:12)
at com.atmecs.demoblaze.ContactClass.contact(ContactClass.java:12)
at com.atmecs.demoblaze.ContactClass.contact(ContactClass.java:12)
at com.atmecs.demoblaze.ContactClass.contact(ContactClass.java:12)
at com.atmecs.demoblaze.ContactClass.contact(ContactClass.java:12)
at com.atmecs.demoblaze.ContactClass.contact(ContactClass.java:12)
at com.atmecs.demoblaze.ContactClass.contact(ContactClass.java:12)
at com.atmecs.demoblaze.ContactClass.contact(ContactClass.java:12)
at com.atmecs.demoblaze.ContactClass.contact(ContactClass.java:12)
at com.atmecs.demoblaze.ContactClass.contact(ContactClass.java:12)
at com.atmecs.demoblaze.ContactClass.contact(ContactClass.java:12)
at com.atmecs.demoblaze.ContactClass.contact(ContactClass.java:12)
at com.atmecs.demoblaze.ContactClass.contact(ContactClass.java:12)
at com.atmecs.demoblaze.ContactClass.contact(ContactClass.java:12)
at com.atmecs.demoblaze.ContactClass.contact(ContactClass.java:12)
at com.atmecs.demoblaze.ContactClass.contact(ContactClass.java:12)
at com.atmecs.demoblaze.ContactClass.contact(ContactClass.java:12)
at com.atmecs.demoblaze.ContactClass.contact(ContactClass.java:12)
at com.atmecs.demoblaze.ContactClass.contact(ContactClass.java:12)
at com.atmecs.demoblaze.ContactClass.contact(ContactClass.java:12)
at com.atmecs.demoblaze.ContactClass.contact(ContactClass.java:12)
at com.atmecs.demoblaze.ContactClass.contact(ContactClass.java:12)
at com.atmecs.demoblaze.ContactClass.contact(ContactClass.java:12)
at com.atmecs.demoblaze.ContactClass.contact(ContactClass.java:12)
at com.atmecs.demoblaze.ContactClass.contact(ContactClass.java:12)
at com.atmecs.demoblaze.ContactClass.contact(ContactClass.java:12)
at com.atmecs.demoblaze.ContactClass.contact(ContactClass.java:12)
at com.atmecs.demoblaze.ContactClass.contact(ContactClass.java:12)
at com.atmecs.demoblaze.ContactClass.contact(ContactClass.java:12)
at com.atmecs.demoblaze.ContactClass.contact(ContactClass.java:12)
at com.atmecs.demoblaze.ContactClass.contact(ContactClass.java:12)
at com.atmecs.demoblaze.ContactClass.contact(ContactClass.java:12)
at com.atmecs.demoblaze.ContactClass.contact(ContactClass.java:12)
at com.atmecs.demoblaze.ContactClass.contact(ContactClass.java:12)
at com.atmecs.demoblaze.ContactClass.contact(ContactClass.java:12)
at com.atmecs.demoblaze.ContactClass.contact(ContactClass.java:12)
at com.atmecs.demoblaze.ContactClass.contact(ContactClass.java:12)
at com.atmecs.demoblaze.ContactClass.contact(ContactClass.java:12)
at com.atmecs.demoblaze.ContactClass.contact(ContactClass.java:12)
at com.atmecs.demoblaze.ContactClass.contact(ContactClass.java:12)
at com.atmecs.demoblaze.ContactClass.contact(ContactClass.java:12)
at com.atmecs.demoblaze.ContactClass.contact(ContactClass.java:12)
at com.atmecs.demoblaze.ContactClass.contact(ContactClass.java:12)
at com.atmecs.demoblaze.ContactClass.contact(ContactClass.java:12)
at com.atmecs.demoblaze.ContactClass.contact(ContactClass.java:12)
at com.atmecs.demoblaze.ContactClass.contact(ContactClass.java:12)
at com.atmecs.demoblaze.ContactClass.contact(ContactClass.java:12)
at com.atmecs.demoblaze.ContactClass.contact(ContactClass.java:12)
at com.atmecs.demoblaze.ContactClass.contact(ContactClass.java:12)
at com.atmecs.demoblaze.ContactClass.contact(ContactClass.java:12)
at com.atmecs.demoblaze.ContactClass.contact(ContactClass.java:12)
at com.atmecs.demoblaze.ContactClass.contact(ContactClass.java:12)
at com.atmecs.demoblaze.ContactClass.contact(ContactClass.java:12)
at com.atmecs.demoblaze.ContactClass.contact(ContactClass.java:12)
at com.atmecs.demoblaze.ContactClass.contact(ContactClass.java:12)
at com.atmecs.demoblaze.ContactClass.contact(ContactClass.java:12)
at com.atmecs.demoblaze.ContactClass.contact(ContactClass.java:12)
at com.atmecs.demoblaze.ContactClass.contact(ContactClass.java:12)
at com.atmecs.demoblaze.ContactClass.contact(ContactClass.java:12)
at com.atmecs.demoblaze.ContactClass.contact(ContactClass.java:12)
at com.atmecs.demoblaze.ContactClass.contact(ContactClass.java:12)
at com.atmecs.demoblaze.ContactClass.contact(ContactClass.java:12)
at com.atmecs.demoblaze.ContactClass.contact(ContactClass.java:12)
at com.atmecs.demoblaze.ContactClass.contact(ContactClass.java:12)
at com.atmecs.demoblaze.ContactClass.contact(ContactClass.java:12)
at com.atmecs.demoblaze.ContactClass.contact(ContactClass.java:12)
at com.atmecs.demoblaze.ContactClass.contact(ContactClass.java:12)
at com.atmecs.demoblaze.ContactClass.contact(ContactClass.java:12)
at com.atmecs.demoblaze.ContactClass.contact(ContactClass.java:12)
at com.atmecs.demoblaze.ContactClass.contact(ContactClass.java:12)
at com.atmecs.demoblaze.ContactClass.contact(ContactClass.java:12)
at com.atmecs.demoblaze.ContactClass.contact(ContactClass.java:12)
at com.atmecs.demoblaze.ContactClass.contact(ContactClass.java:12)
at com.atmecs.demoblaze.ContactClass.contact(ContactClass.java:12)
at com.atmecs.demoblaze.ContactClass.contact(ContactClass.java:12)
at com.atmecs.demoblaze.ContactClass.contact(ContactClass.java:12)
at com.atmecs.demoblaze.ContactClass.contact(ContactClass.java:12)
at com.atmecs.demoblaze.ContactClass.contact(ContactClass.java:12)
at com.atmecs.demoblaze.ContactClass.contact(ContactClass.java:12)
at com.atmecs.demoblaze.ContactClass.contact(ContactClass.java:12)
at com.atmecs.demoblaze.ContactClass.contact(ContactClass.java:12)
at com.atmecs.demoblaze.ContactClass.contact(ContactClass.java:12)
at com.atmecs.demoblaze.ContactClass.contact(ContactClass.java:12)
at com.atmecs.demoblaze.ContactClass.contact(ContactClass.java:12)
at com.atmecs.demoblaze.ContactClass.contact(ContactClass.java:12)
at com.atmecs.demoblaze.ContactClass.contact(ContactClass.java:12)
at com.atmecs.demoblaze.ContactClass.contact(ContactClass.java:12)
at com.atmecs.demoblaze.ContactClass.contact(ContactClass.java:12)
at com.atmecs.demoblaze.ContactClass.contact(ContactClass.java:12)
at com.atmecs.demoblaze.ContactClass.contact(ContactClass.java:12)
at com.atmecs.demoblaze.ContactClass.contact(ContactClass.java:12)
at com.atmecs.demoblaze.ContactClass.contact(ContactClass.java:12)
at com.atmecs.demoblaze.ContactClass.contact(ContactClass.java:12)
at com.atmecs.demoblaze.ContactClass.contact(ContactClass.java:12)
at com.atmecs.demoblaze.ContactClass.contact(ContactClass.java:12)
at com.atmecs.demoblaze.ContactClass.contact(ContactClass.java:12)
at com.atmecs.demoblaze.ContactClass.contact(ContactClass.java:12)
at com.atmecs.demoblaze.ContactClass.contact(ContactClass.java:12)
at com.atmecs.demoblaze.ContactClass.contact(ContactClass.java:12)
at com.atmecs.demoblaze.ContactClass.contact(ContactClass.java:12)
at com.atmecs.demoblaze.ContactClass.contact(ContactClass.java:12)
]]>
    </error>
  </testcase> <!-- contact -->
</testsuite> <!-- com.atmecs.demoblaze.ContactClass -->
