<?xml version="1.0" encoding="UTF-8"?>
<!-- Generated by org.testng.reporters.JUnitReportReporter -->
<testsuite hostname="ATMECSBLRLT-030" failures="0" tests="1" name="pageActions.AddCartClass" time="11.437" errors="0" timestamp="24 Sep 2020 06:45:31 GMT" skipped="0">
  <testcase classname="pageActions.AddCartClass" name="addCart" time="11.437"/>
</testsuite> <!-- pageActions.AddCartClass -->
