<?xml version="1.0" encoding="UTF-8"?>
<!-- Generated by org.testng.reporters.JUnitReportReporter -->
<testsuite hostname="ATMECSBLRLT-030" failures="0" tests="1" name="com.atmecs.demoblaze.Signup" time="0.017" errors="1" timestamp="23 Sep 2020 12:10:15 GMT" skipped="0">
  <testcase classname="com.atmecs.demoblaze.Signup" name="signUp" time="0.017">
    <error type="java.lang.StackOverflowError">
      <![CDATA[java.lang.StackOverflowError
at com.atmecs.demoblaze.Signup.signUp(Signup.java:19)
at com.atmecs.demoblaze.Signup.signUp(Signup.java:19)
at com.atmecs.demoblaze.Signup.signUp(Signup.java:19)
at com.atmecs.demoblaze.Signup.signUp(Signup.java:19)
at com.atmecs.demoblaze.Signup.signUp(Signup.java:19)
at com.atmecs.demoblaze.Signup.signUp(Signup.java:19)
at com.atmecs.demoblaze.Signup.signUp(Signup.java:19)
at com.atmecs.demoblaze.Signup.signUp(Signup.java:19)
at com.atmecs.demoblaze.Signup.signUp(Signup.java:19)
at com.atmecs.demoblaze.Signup.signUp(Signup.java:19)
at com.atmecs.demoblaze.Signup.signUp(Signup.java:19)
at com.atmecs.demoblaze.Signup.signUp(Signup.java:19)
at com.atmecs.demoblaze.Signup.signUp(Signup.java:19)
at com.atmecs.demoblaze.Signup.signUp(Signup.java:19)
at com.atmecs.demoblaze.Signup.signUp(Signup.java:19)
at com.atmecs.demoblaze.Signup.signUp(Signup.java:19)
at com.atmecs.demoblaze.Signup.signUp(Signup.java:19)
at com.atmecs.demoblaze.Signup.signUp(Signup.java:19)
at com.atmecs.demoblaze.Signup.signUp(Signup.java:19)
at com.atmecs.demoblaze.Signup.signUp(Signup.java:19)
at com.atmecs.demoblaze.Signup.signUp(Signup.java:19)
at com.atmecs.demoblaze.Signup.signUp(Signup.java:19)
at com.atmecs.demoblaze.Signup.signUp(Signup.java:19)
at com.atmecs.demoblaze.Signup.signUp(Signup.java:19)
at com.atmecs.demoblaze.Signup.signUp(Signup.java:19)
at com.atmecs.demoblaze.Signup.signUp(Signup.java:19)
at com.atmecs.demoblaze.Signup.signUp(Signup.java:19)
at com.atmecs.demoblaze.Signup.signUp(Signup.java:19)
at com.atmecs.demoblaze.Signup.signUp(Signup.java:19)
at com.atmecs.demoblaze.Signup.signUp(Signup.java:19)
at com.atmecs.demoblaze.Signup.signUp(Signup.java:19)
at com.atmecs.demoblaze.Signup.signUp(Signup.java:19)
at com.atmecs.demoblaze.Signup.signUp(Signup.java:19)
at com.atmecs.demoblaze.Signup.signUp(Signup.java:19)
at com.atmecs.demoblaze.Signup.signUp(Signup.java:19)
at com.atmecs.demoblaze.Signup.signUp(Signup.java:19)
at com.atmecs.demoblaze.Signup.signUp(Signup.java:19)
at com.atmecs.demoblaze.Signup.signUp(Signup.java:19)
at com.atmecs.demoblaze.Signup.signUp(Signup.java:19)
at com.atmecs.demoblaze.Signup.signUp(Signup.java:19)
at com.atmecs.demoblaze.Signup.signUp(Signup.java:19)
at com.atmecs.demoblaze.Signup.signUp(Signup.java:19)
at com.atmecs.demoblaze.Signup.signUp(Signup.java:19)
at com.atmecs.demoblaze.Signup.signUp(Signup.java:19)
at com.atmecs.demoblaze.Signup.signUp(Signup.java:19)
at com.atmecs.demoblaze.Signup.signUp(Signup.java:19)
at com.atmecs.demoblaze.Signup.signUp(Signup.java:19)
at com.atmecs.demoblaze.Signup.signUp(Signup.java:19)
at com.atmecs.demoblaze.Signup.signUp(Signup.java:19)
at com.atmecs.demoblaze.Signup.signUp(Signup.java:19)
at com.atmecs.demoblaze.Signup.signUp(Signup.java:19)
at com.atmecs.demoblaze.Signup.signUp(Signup.java:19)
at com.atmecs.demoblaze.Signup.signUp(Signup.java:19)
at com.atmecs.demoblaze.Signup.signUp(Signup.java:19)
at com.atmecs.demoblaze.Signup.signUp(Signup.java:19)
at com.atmecs.demoblaze.Signup.signUp(Signup.java:19)
at com.atmecs.demoblaze.Signup.signUp(Signup.java:19)
at com.atmecs.demoblaze.Signup.signUp(Signup.java:19)
at com.atmecs.demoblaze.Signup.signUp(Signup.java:19)
at com.atmecs.demoblaze.Signup.signUp(Signup.java:19)
at com.atmecs.demoblaze.Signup.signUp(Signup.java:19)
at com.atmecs.demoblaze.Signup.signUp(Signup.java:19)
at com.atmecs.demoblaze.Signup.signUp(Signup.java:19)
at com.atmecs.demoblaze.Signup.signUp(Signup.java:19)
at com.atmecs.demoblaze.Signup.signUp(Signup.java:19)
at com.atmecs.demoblaze.Signup.signUp(Signup.java:19)
at com.atmecs.demoblaze.Signup.signUp(Signup.java:19)
at com.atmecs.demoblaze.Signup.signUp(Signup.java:19)
at com.atmecs.demoblaze.Signup.signUp(Signup.java:19)
at com.atmecs.demoblaze.Signup.signUp(Signup.java:19)
at com.atmecs.demoblaze.Signup.signUp(Signup.java:19)
at com.atmecs.demoblaze.Signup.signUp(Signup.java:19)
at com.atmecs.demoblaze.Signup.signUp(Signup.java:19)
at com.atmecs.demoblaze.Signup.signUp(Signup.java:19)
at com.atmecs.demoblaze.Signup.signUp(Signup.java:19)
at com.atmecs.demoblaze.Signup.signUp(Signup.java:19)
at com.atmecs.demoblaze.Signup.signUp(Signup.java:19)
at com.atmecs.demoblaze.Signup.signUp(Signup.java:19)
at com.atmecs.demoblaze.Signup.signUp(Signup.java:19)
at com.atmecs.demoblaze.Signup.signUp(Signup.java:19)
at com.atmecs.demoblaze.Signup.signUp(Signup.java:19)
at com.atmecs.demoblaze.Signup.signUp(Signup.java:19)
at com.atmecs.demoblaze.Signup.signUp(Signup.java:19)
at com.atmecs.demoblaze.Signup.signUp(Signup.java:19)
at com.atmecs.demoblaze.Signup.signUp(Signup.java:19)
at com.atmecs.demoblaze.Signup.signUp(Signup.java:19)
at com.atmecs.demoblaze.Signup.signUp(Signup.java:19)
at com.atmecs.demoblaze.Signup.signUp(Signup.java:19)
at com.atmecs.demoblaze.Signup.signUp(Signup.java:19)
at com.atmecs.demoblaze.Signup.signUp(Signup.java:19)
at com.atmecs.demoblaze.Signup.signUp(Signup.java:19)
at com.atmecs.demoblaze.Signup.signUp(Signup.java:19)
at com.atmecs.demoblaze.Signup.signUp(Signup.java:19)
at com.atmecs.demoblaze.Signup.signUp(Signup.java:19)
at com.atmecs.demoblaze.Signup.signUp(Signup.java:19)
at com.atmecs.demoblaze.Signup.signUp(Signup.java:19)
at com.atmecs.demoblaze.Signup.signUp(Signup.java:19)
at com.atmecs.demoblaze.Signup.signUp(Signup.java:19)
at com.atmecs.demoblaze.Signup.signUp(Signup.java:19)
at com.atmecs.demoblaze.Signup.signUp(Signup.java:19)
at com.atmecs.demoblaze.Signup.signUp(Signup.java:19)
at com.atmecs.demoblaze.Signup.signUp(Signup.java:19)
at com.atmecs.demoblaze.Signup.signUp(Signup.java:19)
at com.atmecs.demoblaze.Signup.signUp(Signup.java:19)
at com.atmecs.demoblaze.Signup.signUp(Signup.java:19)
at com.atmecs.demoblaze.Signup.signUp(Signup.java:19)
at com.atmecs.demoblaze.Signup.signUp(Signup.java:19)
at com.atmecs.demoblaze.Signup.signUp(Signup.java:19)
at com.atmecs.demoblaze.Signup.signUp(Signup.java:19)
at com.atmecs.demoblaze.Signup.signUp(Signup.java:19)
at com.atmecs.demoblaze.Signup.signUp(Signup.java:19)
at com.atmecs.demoblaze.Signup.signUp(Signup.java:19)
at com.atmecs.demoblaze.Signup.signUp(Signup.java:19)
at com.atmecs.demoblaze.Signup.signUp(Signup.java:19)
at com.atmecs.demoblaze.Signup.signUp(Signup.java:19)
at com.atmecs.demoblaze.Signup.signUp(Signup.java:19)
at com.atmecs.demoblaze.Signup.signUp(Signup.java:19)
at com.atmecs.demoblaze.Signup.signUp(Signup.java:19)
at com.atmecs.demoblaze.Signup.signUp(Signup.java:19)
at com.atmecs.demoblaze.Signup.signUp(Signup.java:19)
at com.atmecs.demoblaze.Signup.signUp(Signup.java:19)
at com.atmecs.demoblaze.Signup.signUp(Signup.java:19)
at com.atmecs.demoblaze.Signup.signUp(Signup.java:19)
at com.atmecs.demoblaze.Signup.signUp(Signup.java:19)
at com.atmecs.demoblaze.Signup.signUp(Signup.java:19)
at com.atmecs.demoblaze.Signup.signUp(Signup.java:19)
at com.atmecs.demoblaze.Signup.signUp(Signup.java:19)
at com.atmecs.demoblaze.Signup.signUp(Signup.java:19)
at com.atmecs.demoblaze.Signup.signUp(Signup.java:19)
at com.atmecs.demoblaze.Signup.signUp(Signup.java:19)
at com.atmecs.demoblaze.Signup.signUp(Signup.java:19)
at com.atmecs.demoblaze.Signup.signUp(Signup.java:19)
at com.atmecs.demoblaze.Signup.signUp(Signup.java:19)
at com.atmecs.demoblaze.Signup.signUp(Signup.java:19)
at com.atmecs.demoblaze.Signup.signUp(Signup.java:19)
at com.atmecs.demoblaze.Signup.signUp(Signup.java:19)
at com.atmecs.demoblaze.Signup.signUp(Signup.java:19)
at com.atmecs.demoblaze.Signup.signUp(Signup.java:19)
at com.atmecs.demoblaze.Signup.signUp(Signup.java:19)
at com.atmecs.demoblaze.Signup.signUp(Signup.java:19)
at com.atmecs.demoblaze.Signup.signUp(Signup.java:19)
at com.atmecs.demoblaze.Signup.signUp(Signup.java:19)
at com.atmecs.demoblaze.Signup.signUp(Signup.java:19)
at com.atmecs.demoblaze.Signup.signUp(Signup.java:19)
at com.atmecs.demoblaze.Signup.signUp(Signup.java:19)
at com.atmecs.demoblaze.Signup.signUp(Signup.java:19)
at com.atmecs.demoblaze.Signup.signUp(Signup.java:19)
at com.atmecs.demoblaze.Signup.signUp(Signup.java:19)
at com.atmecs.demoblaze.Signup.signUp(Signup.java:19)
at com.atmecs.demoblaze.Signup.signUp(Signup.java:19)
at com.atmecs.demoblaze.Signup.signUp(Signup.java:19)
at com.atmecs.demoblaze.Signup.signUp(Signup.java:19)
at com.atmecs.demoblaze.Signup.signUp(Signup.java:19)
at com.atmecs.demoblaze.Signup.signUp(Signup.java:19)
at com.atmecs.demoblaze.Signup.signUp(Signup.java:19)
at com.atmecs.demoblaze.Signup.signUp(Signup.java:19)
at com.atmecs.demoblaze.Signup.signUp(Signup.java:19)
at com.atmecs.demoblaze.Signup.signUp(Signup.java:19)
at com.atmecs.demoblaze.Signup.signUp(Signup.java:19)
at com.atmecs.demoblaze.Signup.signUp(Signup.java:19)
at com.atmecs.demoblaze.Signup.signUp(Signup.java:19)
at com.atmecs.demoblaze.Signup.signUp(Signup.java:19)
at com.atmecs.demoblaze.Signup.signUp(Signup.java:19)
at com.atmecs.demoblaze.Signup.signUp(Signup.java:19)
at com.atmecs.demoblaze.Signup.signUp(Signup.java:19)
at com.atmecs.demoblaze.Signup.signUp(Signup.java:19)
at com.atmecs.demoblaze.Signup.signUp(Signup.java:19)
at com.atmecs.demoblaze.Signup.signUp(Signup.java:19)
at com.atmecs.demoblaze.Signup.signUp(Signup.java:19)
at com.atmecs.demoblaze.Signup.signUp(Signup.java:19)
at com.atmecs.demoblaze.Signup.signUp(Signup.java:19)
at com.atmecs.demoblaze.Signup.signUp(Signup.java:19)
at com.atmecs.demoblaze.Signup.signUp(Signup.java:19)
at com.atmecs.demoblaze.Signup.signUp(Signup.java:19)
at com.atmecs.demoblaze.Signup.signUp(Signup.java:19)
at com.atmecs.demoblaze.Signup.signUp(Signup.java:19)
at com.atmecs.demoblaze.Signup.signUp(Signup.java:19)
at com.atmecs.demoblaze.Signup.signUp(Signup.java:19)
at com.atmecs.demoblaze.Signup.signUp(Signup.java:19)
at com.atmecs.demoblaze.Signup.signUp(Signup.java:19)
at com.atmecs.demoblaze.Signup.signUp(Signup.java:19)
at com.atmecs.demoblaze.Signup.signUp(Signup.java:19)
at com.atmecs.demoblaze.Signup.signUp(Signup.java:19)
at com.atmecs.demoblaze.Signup.signUp(Signup.java:19)
at com.atmecs.demoblaze.Signup.signUp(Signup.java:19)
at com.atmecs.demoblaze.Signup.signUp(Signup.java:19)
at com.atmecs.demoblaze.Signup.signUp(Signup.java:19)
at com.atmecs.demoblaze.Signup.signUp(Signup.java:19)
at com.atmecs.demoblaze.Signup.signUp(Signup.java:19)
at com.atmecs.demoblaze.Signup.signUp(Signup.java:19)
at com.atmecs.demoblaze.Signup.signUp(Signup.java:19)
at com.atmecs.demoblaze.Signup.signUp(Signup.java:19)
at com.atmecs.demoblaze.Signup.signUp(Signup.java:19)
at com.atmecs.demoblaze.Signup.signUp(Signup.java:19)
at com.atmecs.demoblaze.Signup.signUp(Signup.java:19)
at com.atmecs.demoblaze.Signup.signUp(Signup.java:19)
at com.atmecs.demoblaze.Signup.signUp(Signup.java:19)
at com.atmecs.demoblaze.Signup.signUp(Signup.java:19)
at com.atmecs.demoblaze.Signup.signUp(Signup.java:19)
at com.atmecs.demoblaze.Signup.signUp(Signup.java:19)
at com.atmecs.demoblaze.Signup.signUp(Signup.java:19)
at com.atmecs.demoblaze.Signup.signUp(Signup.java:19)
at com.atmecs.demoblaze.Signup.signUp(Signup.java:19)
at com.atmecs.demoblaze.Signup.signUp(Signup.java:19)
at com.atmecs.demoblaze.Signup.signUp(Signup.java:19)
at com.atmecs.demoblaze.Signup.signUp(Signup.java:19)
at com.atmecs.demoblaze.Signup.signUp(Signup.java:19)
at com.atmecs.demoblaze.Signup.signUp(Signup.java:19)
at com.atmecs.demoblaze.Signup.signUp(Signup.java:19)
at com.atmecs.demoblaze.Signup.signUp(Signup.java:19)
at com.atmecs.demoblaze.Signup.signUp(Signup.java:19)
at com.atmecs.demoblaze.Signup.signUp(Signup.java:19)
at com.atmecs.demoblaze.Signup.signUp(Signup.java:19)
at com.atmecs.demoblaze.Signup.signUp(Signup.java:19)
at com.atmecs.demoblaze.Signup.signUp(Signup.java:19)
at com.atmecs.demoblaze.Signup.signUp(Signup.java:19)
at com.atmecs.demoblaze.Signup.signUp(Signup.java:19)
at com.atmecs.demoblaze.Signup.signUp(Signup.java:19)
at com.atmecs.demoblaze.Signup.signUp(Signup.java:19)
at com.atmecs.demoblaze.Signup.signUp(Signup.java:19)
at com.atmecs.demoblaze.Signup.signUp(Signup.java:19)
at com.atmecs.demoblaze.Signup.signUp(Signup.java:19)
at com.atmecs.demoblaze.Signup.signUp(Signup.java:19)
at com.atmecs.demoblaze.Signup.signUp(Signup.java:19)
at com.atmecs.demoblaze.Signup.signUp(Signup.java:19)
at com.atmecs.demoblaze.Signup.signUp(Signup.java:19)
at com.atmecs.demoblaze.Signup.signUp(Signup.java:19)
at com.atmecs.demoblaze.Signup.signUp(Signup.java:19)
at com.atmecs.demoblaze.Signup.signUp(Signup.java:19)
at com.atmecs.demoblaze.Signup.signUp(Signup.java:19)
at com.atmecs.demoblaze.Signup.signUp(Signup.java:19)
at com.atmecs.demoblaze.Signup.signUp(Signup.java:19)
at com.atmecs.demoblaze.Signup.signUp(Signup.java:19)
at com.atmecs.demoblaze.Signup.signUp(Signup.java:19)
at com.atmecs.demoblaze.Signup.signUp(Signup.java:19)
at com.atmecs.demoblaze.Signup.signUp(Signup.java:19)
at com.atmecs.demoblaze.Signup.signUp(Signup.java:19)
at com.atmecs.demoblaze.Signup.signUp(Signup.java:19)
at com.atmecs.demoblaze.Signup.signUp(Signup.java:19)
at com.atmecs.demoblaze.Signup.signUp(Signup.java:19)
at com.atmecs.demoblaze.Signup.signUp(Signup.java:19)
at com.atmecs.demoblaze.Signup.signUp(Signup.java:19)
at com.atmecs.demoblaze.Signup.signUp(Signup.java:19)
at com.atmecs.demoblaze.Signup.signUp(Signup.java:19)
at com.atmecs.demoblaze.Signup.signUp(Signup.java:19)
at com.atmecs.demoblaze.Signup.signUp(Signup.java:19)
at com.atmecs.demoblaze.Signup.signUp(Signup.java:19)
at com.atmecs.demoblaze.Signup.signUp(Signup.java:19)
at com.atmecs.demoblaze.Signup.signUp(Signup.java:19)
at com.atmecs.demoblaze.Signup.signUp(Signup.java:19)
at com.atmecs.demoblaze.Signup.signUp(Signup.java:19)
at com.atmecs.demoblaze.Signup.signUp(Signup.java:19)
at com.atmecs.demoblaze.Signup.signUp(Signup.java:19)
at com.atmecs.demoblaze.Signup.signUp(Signup.java:19)
at com.atmecs.demoblaze.Signup.signUp(Signup.java:19)
at com.atmecs.demoblaze.Signup.signUp(Signup.java:19)
at com.atmecs.demoblaze.Signup.signUp(Signup.java:19)
at com.atmecs.demoblaze.Signup.signUp(Signup.java:19)
at com.atmecs.demoblaze.Signup.signUp(Signup.java:19)
at com.atmecs.demoblaze.Signup.signUp(Signup.java:19)
at com.atmecs.demoblaze.Signup.signUp(Signup.java:19)
at com.atmecs.demoblaze.Signup.signUp(Signup.java:19)
at com.atmecs.demoblaze.Signup.signUp(Signup.java:19)
at com.atmecs.demoblaze.Signup.signUp(Signup.java:19)
at com.atmecs.demoblaze.Signup.signUp(Signup.java:19)
at com.atmecs.demoblaze.Signup.signUp(Signup.java:19)
at com.atmecs.demoblaze.Signup.signUp(Signup.java:19)
at com.atmecs.demoblaze.Signup.signUp(Signup.java:19)
at com.atmecs.demoblaze.Signup.signUp(Signup.java:19)
at com.atmecs.demoblaze.Signup.signUp(Signup.java:19)
at com.atmecs.demoblaze.Signup.signUp(Signup.java:19)
at com.atmecs.demoblaze.Signup.signUp(Signup.java:19)
at com.atmecs.demoblaze.Signup.signUp(Signup.java:19)
at com.atmecs.demoblaze.Signup.signUp(Signup.java:19)
at com.atmecs.demoblaze.Signup.signUp(Signup.java:19)
at com.atmecs.demoblaze.Signup.signUp(Signup.java:19)
at com.atmecs.demoblaze.Signup.signUp(Signup.java:19)
at com.atmecs.demoblaze.Signup.signUp(Signup.java:19)
at com.atmecs.demoblaze.Signup.signUp(Signup.java:19)
at com.atmecs.demoblaze.Signup.signUp(Signup.java:19)
at com.atmecs.demoblaze.Signup.signUp(Signup.java:19)
at com.atmecs.demoblaze.Signup.signUp(Signup.java:19)
at com.atmecs.demoblaze.Signup.signUp(Signup.java:19)
at com.atmecs.demoblaze.Signup.signUp(Signup.java:19)
at com.atmecs.demoblaze.Signup.signUp(Signup.java:19)
at com.atmecs.demoblaze.Signup.signUp(Signup.java:19)
at com.atmecs.demoblaze.Signup.signUp(Signup.java:19)
at com.atmecs.demoblaze.Signup.signUp(Signup.java:19)
at com.atmecs.demoblaze.Signup.signUp(Signup.java:19)
at com.atmecs.demoblaze.Signup.signUp(Signup.java:19)
at com.atmecs.demoblaze.Signup.signUp(Signup.java:19)
at com.atmecs.demoblaze.Signup.signUp(Signup.java:19)
at com.atmecs.demoblaze.Signup.signUp(Signup.java:19)
at com.atmecs.demoblaze.Signup.signUp(Signup.java:19)
at com.atmecs.demoblaze.Signup.signUp(Signup.java:19)
at com.atmecs.demoblaze.Signup.signUp(Signup.java:19)
at com.atmecs.demoblaze.Signup.signUp(Signup.java:19)
at com.atmecs.demoblaze.Signup.signUp(Signup.java:19)
at com.atmecs.demoblaze.Signup.signUp(Signup.java:19)
at com.atmecs.demoblaze.Signup.signUp(Signup.java:19)
at com.atmecs.demoblaze.Signup.signUp(Signup.java:19)
at com.atmecs.demoblaze.Signup.signUp(Signup.java:19)
at com.atmecs.demoblaze.Signup.signUp(Signup.java:19)
at com.atmecs.demoblaze.Signup.signUp(Signup.java:19)
at com.atmecs.demoblaze.Signup.signUp(Signup.java:19)
at com.atmecs.demoblaze.Signup.signUp(Signup.java:19)
at com.atmecs.demoblaze.Signup.signUp(Signup.java:19)
at com.atmecs.demoblaze.Signup.signUp(Signup.java:19)
at com.atmecs.demoblaze.Signup.signUp(Signup.java:19)
at com.atmecs.demoblaze.Signup.signUp(Signup.java:19)
at com.atmecs.demoblaze.Signup.signUp(Signup.java:19)
at com.atmecs.demoblaze.Signup.signUp(Signup.java:19)
at com.atmecs.demoblaze.Signup.signUp(Signup.java:19)
at com.atmecs.demoblaze.Signup.signUp(Signup.java:19)
at com.atmecs.demoblaze.Signup.signUp(Signup.java:19)
at com.atmecs.demoblaze.Signup.signUp(Signup.java:19)
at com.atmecs.demoblaze.Signup.signUp(Signup.java:19)
at com.atmecs.demoblaze.Signup.signUp(Signup.java:19)
at com.atmecs.demoblaze.Signup.signUp(Signup.java:19)
at com.atmecs.demoblaze.Signup.signUp(Signup.java:19)
at com.atmecs.demoblaze.Signup.signUp(Signup.java:19)
at com.atmecs.demoblaze.Signup.signUp(Signup.java:19)
at com.atmecs.demoblaze.Signup.signUp(Signup.java:19)
at com.atmecs.demoblaze.Signup.signUp(Signup.java:19)
at com.atmecs.demoblaze.Signup.signUp(Signup.java:19)
at com.atmecs.demoblaze.Signup.signUp(Signup.java:19)
at com.atmecs.demoblaze.Signup.signUp(Signup.java:19)
at com.atmecs.demoblaze.Signup.signUp(Signup.java:19)
at com.atmecs.demoblaze.Signup.signUp(Signup.java:19)
at com.atmecs.demoblaze.Signup.signUp(Signup.java:19)
at com.atmecs.demoblaze.Signup.signUp(Signup.java:19)
at com.atmecs.demoblaze.Signup.signUp(Signup.java:19)
at com.atmecs.demoblaze.Signup.signUp(Signup.java:19)
at com.atmecs.demoblaze.Signup.signUp(Signup.java:19)
at com.atmecs.demoblaze.Signup.signUp(Signup.java:19)
at com.atmecs.demoblaze.Signup.signUp(Signup.java:19)
at com.atmecs.demoblaze.Signup.signUp(Signup.java:19)
at com.atmecs.demoblaze.Signup.signUp(Signup.java:19)
at com.atmecs.demoblaze.Signup.signUp(Signup.java:19)
at com.atmecs.demoblaze.Signup.signUp(Signup.java:19)
at com.atmecs.demoblaze.Signup.signUp(Signup.java:19)
at com.atmecs.demoblaze.Signup.signUp(Signup.java:19)
at com.atmecs.demoblaze.Signup.signUp(Signup.java:19)
at com.atmecs.demoblaze.Signup.signUp(Signup.java:19)
at com.atmecs.demoblaze.Signup.signUp(Signup.java:19)
at com.atmecs.demoblaze.Signup.signUp(Signup.java:19)
at com.atmecs.demoblaze.Signup.signUp(Signup.java:19)
at com.atmecs.demoblaze.Signup.signUp(Signup.java:19)
at com.atmecs.demoblaze.Signup.signUp(Signup.java:19)
at com.atmecs.demoblaze.Signup.signUp(Signup.java:19)
at com.atmecs.demoblaze.Signup.signUp(Signup.java:19)
at com.atmecs.demoblaze.Signup.signUp(Signup.java:19)
at com.atmecs.demoblaze.Signup.signUp(Signup.java:19)
at com.atmecs.demoblaze.Signup.signUp(Signup.java:19)
at com.atmecs.demoblaze.Signup.signUp(Signup.java:19)
at com.atmecs.demoblaze.Signup.signUp(Signup.java:19)
at com.atmecs.demoblaze.Signup.signUp(Signup.java:19)
at com.atmecs.demoblaze.Signup.signUp(Signup.java:19)
at com.atmecs.demoblaze.Signup.signUp(Signup.java:19)
at com.atmecs.demoblaze.Signup.signUp(Signup.java:19)
at com.atmecs.demoblaze.Signup.signUp(Signup.java:19)
at com.atmecs.demoblaze.Signup.signUp(Signup.java:19)
at com.atmecs.demoblaze.Signup.signUp(Signup.java:19)
at com.atmecs.demoblaze.Signup.signUp(Signup.java:19)
at com.atmecs.demoblaze.Signup.signUp(Signup.java:19)
at com.atmecs.demoblaze.Signup.signUp(Signup.java:19)
at com.atmecs.demoblaze.Signup.signUp(Signup.java:19)
at com.atmecs.demoblaze.Signup.signUp(Signup.java:19)
at com.atmecs.demoblaze.Signup.signUp(Signup.java:19)
at com.atmecs.demoblaze.Signup.signUp(Signup.java:19)
at com.atmecs.demoblaze.Signup.signUp(Signup.java:19)
at com.atmecs.demoblaze.Signup.signUp(Signup.java:19)
at com.atmecs.demoblaze.Signup.signUp(Signup.java:19)
at com.atmecs.demoblaze.Signup.signUp(Signup.java:19)
at com.atmecs.demoblaze.Signup.signUp(Signup.java:19)
at com.atmecs.demoblaze.Signup.signUp(Signup.java:19)
at com.atmecs.demoblaze.Signup.signUp(Signup.java:19)
at com.atmecs.demoblaze.Signup.signUp(Signup.java:19)
at com.atmecs.demoblaze.Signup.signUp(Signup.java:19)
at com.atmecs.demoblaze.Signup.signUp(Signup.java:19)
at com.atmecs.demoblaze.Signup.signUp(Signup.java:19)
at com.atmecs.demoblaze.Signup.signUp(Signup.java:19)
at com.atmecs.demoblaze.Signup.signUp(Signup.java:19)
at com.atmecs.demoblaze.Signup.signUp(Signup.java:19)
at com.atmecs.demoblaze.Signup.signUp(Signup.java:19)
at com.atmecs.demoblaze.Signup.signUp(Signup.java:19)
at com.atmecs.demoblaze.Signup.signUp(Signup.java:19)
at com.atmecs.demoblaze.Signup.signUp(Signup.java:19)
at com.atmecs.demoblaze.Signup.signUp(Signup.java:19)
at com.atmecs.demoblaze.Signup.signUp(Signup.java:19)
at com.atmecs.demoblaze.Signup.signUp(Signup.java:19)
at com.atmecs.demoblaze.Signup.signUp(Signup.java:19)
at com.atmecs.demoblaze.Signup.signUp(Signup.java:19)
at com.atmecs.demoblaze.Signup.signUp(Signup.java:19)
at com.atmecs.demoblaze.Signup.signUp(Signup.java:19)
at com.atmecs.demoblaze.Signup.signUp(Signup.java:19)
at com.atmecs.demoblaze.Signup.signUp(Signup.java:19)
at com.atmecs.demoblaze.Signup.signUp(Signup.java:19)
at com.atmecs.demoblaze.Signup.signUp(Signup.java:19)
at com.atmecs.demoblaze.Signup.signUp(Signup.java:19)
at com.atmecs.demoblaze.Signup.signUp(Signup.java:19)
at com.atmecs.demoblaze.Signup.signUp(Signup.java:19)
at com.atmecs.demoblaze.Signup.signUp(Signup.java:19)
at com.atmecs.demoblaze.Signup.signUp(Signup.java:19)
at com.atmecs.demoblaze.Signup.signUp(Signup.java:19)
at com.atmecs.demoblaze.Signup.signUp(Signup.java:19)
at com.atmecs.demoblaze.Signup.signUp(Signup.java:19)
at com.atmecs.demoblaze.Signup.signUp(Signup.java:19)
at com.atmecs.demoblaze.Signup.signUp(Signup.java:19)
at com.atmecs.demoblaze.Signup.signUp(Signup.java:19)
at com.atmecs.demoblaze.Signup.signUp(Signup.java:19)
at com.atmecs.demoblaze.Signup.signUp(Signup.java:19)
at com.atmecs.demoblaze.Signup.signUp(Signup.java:19)
at com.atmecs.demoblaze.Signup.signUp(Signup.java:19)
at com.atmecs.demoblaze.Signup.signUp(Signup.java:19)
at com.atmecs.demoblaze.Signup.signUp(Signup.java:19)
at com.atmecs.demoblaze.Signup.signUp(Signup.java:19)
at com.atmecs.demoblaze.Signup.signUp(Signup.java:19)
at com.atmecs.demoblaze.Signup.signUp(Signup.java:19)
at com.atmecs.demoblaze.Signup.signUp(Signup.java:19)
at com.atmecs.demoblaze.Signup.signUp(Signup.java:19)
at com.atmecs.demoblaze.Signup.signUp(Signup.java:19)
at com.atmecs.demoblaze.Signup.signUp(Signup.java:19)
at com.atmecs.demoblaze.Signup.signUp(Signup.java:19)
at com.atmecs.demoblaze.Signup.signUp(Signup.java:19)
at com.atmecs.demoblaze.Signup.signUp(Signup.java:19)
at com.atmecs.demoblaze.Signup.signUp(Signup.java:19)
at com.atmecs.demoblaze.Signup.signUp(Signup.java:19)
at com.atmecs.demoblaze.Signup.signUp(Signup.java:19)
at com.atmecs.demoblaze.Signup.signUp(Signup.java:19)
at com.atmecs.demoblaze.Signup.signUp(Signup.java:19)
at com.atmecs.demoblaze.Signup.signUp(Signup.java:19)
at com.atmecs.demoblaze.Signup.signUp(Signup.java:19)
at com.atmecs.demoblaze.Signup.signUp(Signup.java:19)
at com.atmecs.demoblaze.Signup.signUp(Signup.java:19)
at com.atmecs.demoblaze.Signup.signUp(Signup.java:19)
at com.atmecs.demoblaze.Signup.signUp(Signup.java:19)
at com.atmecs.demoblaze.Signup.signUp(Signup.java:19)
at com.atmecs.demoblaze.Signup.signUp(Signup.java:19)
at com.atmecs.demoblaze.Signup.signUp(Signup.java:19)
at com.atmecs.demoblaze.Signup.signUp(Signup.java:19)
at com.atmecs.demoblaze.Signup.signUp(Signup.java:19)
at com.atmecs.demoblaze.Signup.signUp(Signup.java:19)
at com.atmecs.demoblaze.Signup.signUp(Signup.java:19)
at com.atmecs.demoblaze.Signup.signUp(Signup.java:19)
at com.atmecs.demoblaze.Signup.signUp(Signup.java:19)
at com.atmecs.demoblaze.Signup.signUp(Signup.java:19)
at com.atmecs.demoblaze.Signup.signUp(Signup.java:19)
at com.atmecs.demoblaze.Signup.signUp(Signup.java:19)
at com.atmecs.demoblaze.Signup.signUp(Signup.java:19)
at com.atmecs.demoblaze.Signup.signUp(Signup.java:19)
at com.atmecs.demoblaze.Signup.signUp(Signup.java:19)
at com.atmecs.demoblaze.Signup.signUp(Signup.java:19)
at com.atmecs.demoblaze.Signup.signUp(Signup.java:19)
at com.atmecs.demoblaze.Signup.signUp(Signup.java:19)
at com.atmecs.demoblaze.Signup.signUp(Signup.java:19)
at com.atmecs.demoblaze.Signup.signUp(Signup.java:19)
at com.atmecs.demoblaze.Signup.signUp(Signup.java:19)
at com.atmecs.demoblaze.Signup.signUp(Signup.java:19)
at com.atmecs.demoblaze.Signup.signUp(Signup.java:19)
at com.atmecs.demoblaze.Signup.signUp(Signup.java:19)
at com.atmecs.demoblaze.Signup.signUp(Signup.java:19)
at com.atmecs.demoblaze.Signup.signUp(Signup.java:19)
at com.atmecs.demoblaze.Signup.signUp(Signup.java:19)
at com.atmecs.demoblaze.Signup.signUp(Signup.java:19)
at com.atmecs.demoblaze.Signup.signUp(Signup.java:19)
at com.atmecs.demoblaze.Signup.signUp(Signup.java:19)
at com.atmecs.demoblaze.Signup.signUp(Signup.java:19)
at com.atmecs.demoblaze.Signup.signUp(Signup.java:19)
at com.atmecs.demoblaze.Signup.signUp(Signup.java:19)
at com.atmecs.demoblaze.Signup.signUp(Signup.java:19)
at com.atmecs.demoblaze.Signup.signUp(Signup.java:19)
at com.atmecs.demoblaze.Signup.signUp(Signup.java:19)
at com.atmecs.demoblaze.Signup.signUp(Signup.java:19)
at com.atmecs.demoblaze.Signup.signUp(Signup.java:19)
at com.atmecs.demoblaze.Signup.signUp(Signup.java:19)
at com.atmecs.demoblaze.Signup.signUp(Signup.java:19)
at com.atmecs.demoblaze.Signup.signUp(Signup.java:19)
at com.atmecs.demoblaze.Signup.signUp(Signup.java:19)
at com.atmecs.demoblaze.Signup.signUp(Signup.java:19)
at com.atmecs.demoblaze.Signup.signUp(Signup.java:19)
at com.atmecs.demoblaze.Signup.signUp(Signup.java:19)
at com.atmecs.demoblaze.Signup.signUp(Signup.java:19)
at com.atmecs.demoblaze.Signup.signUp(Signup.java:19)
at com.atmecs.demoblaze.Signup.signUp(Signup.java:19)
at com.atmecs.demoblaze.Signup.signUp(Signup.java:19)
at com.atmecs.demoblaze.Signup.signUp(Signup.java:19)
at com.atmecs.demoblaze.Signup.signUp(Signup.java:19)
at com.atmecs.demoblaze.Signup.signUp(Signup.java:19)
at com.atmecs.demoblaze.Signup.signUp(Signup.java:19)
at com.atmecs.demoblaze.Signup.signUp(Signup.java:19)
at com.atmecs.demoblaze.Signup.signUp(Signup.java:19)
at com.atmecs.demoblaze.Signup.signUp(Signup.java:19)
at com.atmecs.demoblaze.Signup.signUp(Signup.java:19)
at com.atmecs.demoblaze.Signup.signUp(Signup.java:19)
at com.atmecs.demoblaze.Signup.signUp(Signup.java:19)
at com.atmecs.demoblaze.Signup.signUp(Signup.java:19)
at com.atmecs.demoblaze.Signup.signUp(Signup.java:19)
at com.atmecs.demoblaze.Signup.signUp(Signup.java:19)
at com.atmecs.demoblaze.Signup.signUp(Signup.java:19)
at com.atmecs.demoblaze.Signup.signUp(Signup.java:19)
at com.atmecs.demoblaze.Signup.signUp(Signup.java:19)
at com.atmecs.demoblaze.Signup.signUp(Signup.java:19)
at com.atmecs.demoblaze.Signup.signUp(Signup.java:19)
at com.atmecs.demoblaze.Signup.signUp(Signup.java:19)
at com.atmecs.demoblaze.Signup.signUp(Signup.java:19)
at com.atmecs.demoblaze.Signup.signUp(Signup.java:19)
at com.atmecs.demoblaze.Signup.signUp(Signup.java:19)
at com.atmecs.demoblaze.Signup.signUp(Signup.java:19)
at com.atmecs.demoblaze.Signup.signUp(Signup.java:19)
at com.atmecs.demoblaze.Signup.signUp(Signup.java:19)
at com.atmecs.demoblaze.Signup.signUp(Signup.java:19)
at com.atmecs.demoblaze.Signup.signUp(Signup.java:19)
at com.atmecs.demoblaze.Signup.signUp(Signup.java:19)
at com.atmecs.demoblaze.Signup.signUp(Signup.java:19)
at com.atmecs.demoblaze.Signup.signUp(Signup.java:19)
at com.atmecs.demoblaze.Signup.signUp(Signup.java:19)
at com.atmecs.demoblaze.Signup.signUp(Signup.java:19)
at com.atmecs.demoblaze.Signup.signUp(Signup.java:19)
at com.atmecs.demoblaze.Signup.signUp(Signup.java:19)
at com.atmecs.demoblaze.Signup.signUp(Signup.java:19)
at com.atmecs.demoblaze.Signup.signUp(Signup.java:19)
at com.atmecs.demoblaze.Signup.signUp(Signup.java:19)
at com.atmecs.demoblaze.Signup.signUp(Signup.java:19)
at com.atmecs.demoblaze.Signup.signUp(Signup.java:19)
at com.atmecs.demoblaze.Signup.signUp(Signup.java:19)
at com.atmecs.demoblaze.Signup.signUp(Signup.java:19)
at com.atmecs.demoblaze.Signup.signUp(Signup.java:19)
at com.atmecs.demoblaze.Signup.signUp(Signup.java:19)
at com.atmecs.demoblaze.Signup.signUp(Signup.java:19)
at com.atmecs.demoblaze.Signup.signUp(Signup.java:19)
at com.atmecs.demoblaze.Signup.signUp(Signup.java:19)
at com.atmecs.demoblaze.Signup.signUp(Signup.java:19)
at com.atmecs.demoblaze.Signup.signUp(Signup.java:19)
at com.atmecs.demoblaze.Signup.signUp(Signup.java:19)
at com.atmecs.demoblaze.Signup.signUp(Signup.java:19)
at com.atmecs.demoblaze.Signup.signUp(Signup.java:19)
at com.atmecs.demoblaze.Signup.signUp(Signup.java:19)
at com.atmecs.demoblaze.Signup.signUp(Signup.java:19)
at com.atmecs.demoblaze.Signup.signUp(Signup.java:19)
at com.atmecs.demoblaze.Signup.signUp(Signup.java:19)
at com.atmecs.demoblaze.Signup.signUp(Signup.java:19)
at com.atmecs.demoblaze.Signup.signUp(Signup.java:19)
at com.atmecs.demoblaze.Signup.signUp(Signup.java:19)
at com.atmecs.demoblaze.Signup.signUp(Signup.java:19)
at com.atmecs.demoblaze.Signup.signUp(Signup.java:19)
at com.atmecs.demoblaze.Signup.signUp(Signup.java:19)
at com.atmecs.demoblaze.Signup.signUp(Signup.java:19)
at com.atmecs.demoblaze.Signup.signUp(Signup.java:19)
at com.atmecs.demoblaze.Signup.signUp(Signup.java:19)
at com.atmecs.demoblaze.Signup.signUp(Signup.java:19)
at com.atmecs.demoblaze.Signup.signUp(Signup.java:19)
at com.atmecs.demoblaze.Signup.signUp(Signup.java:19)
at com.atmecs.demoblaze.Signup.signUp(Signup.java:19)
at com.atmecs.demoblaze.Signup.signUp(Signup.java:19)
at com.atmecs.demoblaze.Signup.signUp(Signup.java:19)
at com.atmecs.demoblaze.Signup.signUp(Signup.java:19)
at com.atmecs.demoblaze.Signup.signUp(Signup.java:19)
at com.atmecs.demoblaze.Signup.signUp(Signup.java:19)
at com.atmecs.demoblaze.Signup.signUp(Signup.java:19)
at com.atmecs.demoblaze.Signup.signUp(Signup.java:19)
at com.atmecs.demoblaze.Signup.signUp(Signup.java:19)
at com.atmecs.demoblaze.Signup.signUp(Signup.java:19)
at com.atmecs.demoblaze.Signup.signUp(Signup.java:19)
at com.atmecs.demoblaze.Signup.signUp(Signup.java:19)
at com.atmecs.demoblaze.Signup.signUp(Signup.java:19)
at com.atmecs.demoblaze.Signup.signUp(Signup.java:19)
at com.atmecs.demoblaze.Signup.signUp(Signup.java:19)
at com.atmecs.demoblaze.Signup.signUp(Signup.java:19)
at com.atmecs.demoblaze.Signup.signUp(Signup.java:19)
at com.atmecs.demoblaze.Signup.signUp(Signup.java:19)
at com.atmecs.demoblaze.Signup.signUp(Signup.java:19)
at com.atmecs.demoblaze.Signup.signUp(Signup.java:19)
at com.atmecs.demoblaze.Signup.signUp(Signup.java:19)
at com.atmecs.demoblaze.Signup.signUp(Signup.java:19)
at com.atmecs.demoblaze.Signup.signUp(Signup.java:19)
at com.atmecs.demoblaze.Signup.signUp(Signup.java:19)
at com.atmecs.demoblaze.Signup.signUp(Signup.java:19)
at com.atmecs.demoblaze.Signup.signUp(Signup.java:19)
at com.atmecs.demoblaze.Signup.signUp(Signup.java:19)
at com.atmecs.demoblaze.Signup.signUp(Signup.java:19)
at com.atmecs.demoblaze.Signup.signUp(Signup.java:19)
at com.atmecs.demoblaze.Signup.signUp(Signup.java:19)
at com.atmecs.demoblaze.Signup.signUp(Signup.java:19)
at com.atmecs.demoblaze.Signup.signUp(Signup.java:19)
at com.atmecs.demoblaze.Signup.signUp(Signup.java:19)
at com.atmecs.demoblaze.Signup.signUp(Signup.java:19)
at com.atmecs.demoblaze.Signup.signUp(Signup.java:19)
at com.atmecs.demoblaze.Signup.signUp(Signup.java:19)
at com.atmecs.demoblaze.Signup.signUp(Signup.java:19)
at com.atmecs.demoblaze.Signup.signUp(Signup.java:19)
at com.atmecs.demoblaze.Signup.signUp(Signup.java:19)
at com.atmecs.demoblaze.Signup.signUp(Signup.java:19)
at com.atmecs.demoblaze.Signup.signUp(Signup.java:19)
at com.atmecs.demoblaze.Signup.signUp(Signup.java:19)
at com.atmecs.demoblaze.Signup.signUp(Signup.java:19)
at com.atmecs.demoblaze.Signup.signUp(Signup.java:19)
at com.atmecs.demoblaze.Signup.signUp(Signup.java:19)
at com.atmecs.demoblaze.Signup.signUp(Signup.java:19)
at com.atmecs.demoblaze.Signup.signUp(Signup.java:19)
at com.atmecs.demoblaze.Signup.signUp(Signup.java:19)
at com.atmecs.demoblaze.Signup.signUp(Signup.java:19)
at com.atmecs.demoblaze.Signup.signUp(Signup.java:19)
at com.atmecs.demoblaze.Signup.signUp(Signup.java:19)
at com.atmecs.demoblaze.Signup.signUp(Signup.java:19)
at com.atmecs.demoblaze.Signup.signUp(Signup.java:19)
at com.atmecs.demoblaze.Signup.signUp(Signup.java:19)
at com.atmecs.demoblaze.Signup.signUp(Signup.java:19)
at com.atmecs.demoblaze.Signup.signUp(Signup.java:19)
at com.atmecs.demoblaze.Signup.signUp(Signup.java:19)
at com.atmecs.demoblaze.Signup.signUp(Signup.java:19)
at com.atmecs.demoblaze.Signup.signUp(Signup.java:19)
at com.atmecs.demoblaze.Signup.signUp(Signup.java:19)
at com.atmecs.demoblaze.Signup.signUp(Signup.java:19)
at com.atmecs.demoblaze.Signup.signUp(Signup.java:19)
at com.atmecs.demoblaze.Signup.signUp(Signup.java:19)
at com.atmecs.demoblaze.Signup.signUp(Signup.java:19)
at com.atmecs.demoblaze.Signup.signUp(Signup.java:19)
at com.atmecs.demoblaze.Signup.signUp(Signup.java:19)
at com.atmecs.demoblaze.Signup.signUp(Signup.java:19)
at com.atmecs.demoblaze.Signup.signUp(Signup.java:19)
at com.atmecs.demoblaze.Signup.signUp(Signup.java:19)
at com.atmecs.demoblaze.Signup.signUp(Signup.java:19)
at com.atmecs.demoblaze.Signup.signUp(Signup.java:19)
at com.atmecs.demoblaze.Signup.signUp(Signup.java:19)
at com.atmecs.demoblaze.Signup.signUp(Signup.java:19)
at com.atmecs.demoblaze.Signup.signUp(Signup.java:19)
at com.atmecs.demoblaze.Signup.signUp(Signup.java:19)
at com.atmecs.demoblaze.Signup.signUp(Signup.java:19)
at com.atmecs.demoblaze.Signup.signUp(Signup.java:19)
at com.atmecs.demoblaze.Signup.signUp(Signup.java:19)
at com.atmecs.demoblaze.Signup.signUp(Signup.java:19)
at com.atmecs.demoblaze.Signup.signUp(Signup.java:19)
at com.atmecs.demoblaze.Signup.signUp(Signup.java:19)
at com.atmecs.demoblaze.Signup.signUp(Signup.java:19)
at com.atmecs.demoblaze.Signup.signUp(Signup.java:19)
at com.atmecs.demoblaze.Signup.signUp(Signup.java:19)
at com.atmecs.demoblaze.Signup.signUp(Signup.java:19)
at com.atmecs.demoblaze.Signup.signUp(Signup.java:19)
at com.atmecs.demoblaze.Signup.signUp(Signup.java:19)
at com.atmecs.demoblaze.Signup.signUp(Signup.java:19)
at com.atmecs.demoblaze.Signup.signUp(Signup.java:19)
at com.atmecs.demoblaze.Signup.signUp(Signup.java:19)
at com.atmecs.demoblaze.Signup.signUp(Signup.java:19)
at com.atmecs.demoblaze.Signup.signUp(Signup.java:19)
at com.atmecs.demoblaze.Signup.signUp(Signup.java:19)
at com.atmecs.demoblaze.Signup.signUp(Signup.java:19)
at com.atmecs.demoblaze.Signup.signUp(Signup.java:19)
at com.atmecs.demoblaze.Signup.signUp(Signup.java:19)
at com.atmecs.demoblaze.Signup.signUp(Signup.java:19)
at com.atmecs.demoblaze.Signup.signUp(Signup.java:19)
at com.atmecs.demoblaze.Signup.signUp(Signup.java:19)
at com.atmecs.demoblaze.Signup.signUp(Signup.java:19)
at com.atmecs.demoblaze.Signup.signUp(Signup.java:19)
at com.atmecs.demoblaze.Signup.signUp(Signup.java:19)
at com.atmecs.demoblaze.Signup.signUp(Signup.java:19)
at com.atmecs.demoblaze.Signup.signUp(Signup.java:19)
at com.atmecs.demoblaze.Signup.signUp(Signup.java:19)
at com.atmecs.demoblaze.Signup.signUp(Signup.java:19)
at com.atmecs.demoblaze.Signup.signUp(Signup.java:19)
at com.atmecs.demoblaze.Signup.signUp(Signup.java:19)
at com.atmecs.demoblaze.Signup.signUp(Signup.java:19)
at com.atmecs.demoblaze.Signup.signUp(Signup.java:19)
at com.atmecs.demoblaze.Signup.signUp(Signup.java:19)
at com.atmecs.demoblaze.Signup.signUp(Signup.java:19)
at com.atmecs.demoblaze.Signup.signUp(Signup.java:19)
at com.atmecs.demoblaze.Signup.signUp(Signup.java:19)
at com.atmecs.demoblaze.Signup.signUp(Signup.java:19)
at com.atmecs.demoblaze.Signup.signUp(Signup.java:19)
at com.atmecs.demoblaze.Signup.signUp(Signup.java:19)
at com.atmecs.demoblaze.Signup.signUp(Signup.java:19)
at com.atmecs.demoblaze.Signup.signUp(Signup.java:19)
at com.atmecs.demoblaze.Signup.signUp(Signup.java:19)
at com.atmecs.demoblaze.Signup.signUp(Signup.java:19)
at com.atmecs.demoblaze.Signup.signUp(Signup.java:19)
at com.atmecs.demoblaze.Signup.signUp(Signup.java:19)
at com.atmecs.demoblaze.Signup.signUp(Signup.java:19)
at com.atmecs.demoblaze.Signup.signUp(Signup.java:19)
at com.atmecs.demoblaze.Signup.signUp(Signup.java:19)
at com.atmecs.demoblaze.Signup.signUp(Signup.java:19)
at com.atmecs.demoblaze.Signup.signUp(Signup.java:19)
at com.atmecs.demoblaze.Signup.signUp(Signup.java:19)
at com.atmecs.demoblaze.Signup.signUp(Signup.java:19)
at com.atmecs.demoblaze.Signup.signUp(Signup.java:19)
at com.atmecs.demoblaze.Signup.signUp(Signup.java:19)
at com.atmecs.demoblaze.Signup.signUp(Signup.java:19)
at com.atmecs.demoblaze.Signup.signUp(Signup.java:19)
at com.atmecs.demoblaze.Signup.signUp(Signup.java:19)
at com.atmecs.demoblaze.Signup.signUp(Signup.java:19)
at com.atmecs.demoblaze.Signup.signUp(Signup.java:19)
at com.atmecs.demoblaze.Signup.signUp(Signup.java:19)
at com.atmecs.demoblaze.Signup.signUp(Signup.java:19)
at com.atmecs.demoblaze.Signup.signUp(Signup.java:19)
at com.atmecs.demoblaze.Signup.signUp(Signup.java:19)
at com.atmecs.demoblaze.Signup.signUp(Signup.java:19)
at com.atmecs.demoblaze.Signup.signUp(Signup.java:19)
at com.atmecs.demoblaze.Signup.signUp(Signup.java:19)
at com.atmecs.demoblaze.Signup.signUp(Signup.java:19)
at com.atmecs.demoblaze.Signup.signUp(Signup.java:19)
at com.atmecs.demoblaze.Signup.signUp(Signup.java:19)
at com.atmecs.demoblaze.Signup.signUp(Signup.java:19)
at com.atmecs.demoblaze.Signup.signUp(Signup.java:19)
at com.atmecs.demoblaze.Signup.signUp(Signup.java:19)
at com.atmecs.demoblaze.Signup.signUp(Signup.java:19)
at com.atmecs.demoblaze.Signup.signUp(Signup.java:19)
at com.atmecs.demoblaze.Signup.signUp(Signup.java:19)
at com.atmecs.demoblaze.Signup.signUp(Signup.java:19)
at com.atmecs.demoblaze.Signup.signUp(Signup.java:19)
at com.atmecs.demoblaze.Signup.signUp(Signup.java:19)
at com.atmecs.demoblaze.Signup.signUp(Signup.java:19)
at com.atmecs.demoblaze.Signup.signUp(Signup.java:19)
at com.atmecs.demoblaze.Signup.signUp(Signup.java:19)
at com.atmecs.demoblaze.Signup.signUp(Signup.java:19)
at com.atmecs.demoblaze.Signup.signUp(Signup.java:19)
at com.atmecs.demoblaze.Signup.signUp(Signup.java:19)
at com.atmecs.demoblaze.Signup.signUp(Signup.java:19)
at com.atmecs.demoblaze.Signup.signUp(Signup.java:19)
at com.atmecs.demoblaze.Signup.signUp(Signup.java:19)
at com.atmecs.demoblaze.Signup.signUp(Signup.java:19)
at com.atmecs.demoblaze.Signup.signUp(Signup.java:19)
at com.atmecs.demoblaze.Signup.signUp(Signup.java:19)
at com.atmecs.demoblaze.Signup.signUp(Signup.java:19)
at com.atmecs.demoblaze.Signup.signUp(Signup.java:19)
at com.atmecs.demoblaze.Signup.signUp(Signup.java:19)
at com.atmecs.demoblaze.Signup.signUp(Signup.java:19)
at com.atmecs.demoblaze.Signup.signUp(Signup.java:19)
at com.atmecs.demoblaze.Signup.signUp(Signup.java:19)
at com.atmecs.demoblaze.Signup.signUp(Signup.java:19)
at com.atmecs.demoblaze.Signup.signUp(Signup.java:19)
at com.atmecs.demoblaze.Signup.signUp(Signup.java:19)
at com.atmecs.demoblaze.Signup.signUp(Signup.java:19)
at com.atmecs.demoblaze.Signup.signUp(Signup.java:19)
at com.atmecs.demoblaze.Signup.signUp(Signup.java:19)
at com.atmecs.demoblaze.Signup.signUp(Signup.java:19)
at com.atmecs.demoblaze.Signup.signUp(Signup.java:19)
at com.atmecs.demoblaze.Signup.signUp(Signup.java:19)
at com.atmecs.demoblaze.Signup.signUp(Signup.java:19)
at com.atmecs.demoblaze.Signup.signUp(Signup.java:19)
at com.atmecs.demoblaze.Signup.signUp(Signup.java:19)
at com.atmecs.demoblaze.Signup.signUp(Signup.java:19)
at com.atmecs.demoblaze.Signup.signUp(Signup.java:19)
at com.atmecs.demoblaze.Signup.signUp(Signup.java:19)
at com.atmecs.demoblaze.Signup.signUp(Signup.java:19)
at com.atmecs.demoblaze.Signup.signUp(Signup.java:19)
at com.atmecs.demoblaze.Signup.signUp(Signup.java:19)
at com.atmecs.demoblaze.Signup.signUp(Signup.java:19)
at com.atmecs.demoblaze.Signup.signUp(Signup.java:19)
at com.atmecs.demoblaze.Signup.signUp(Signup.java:19)
at com.atmecs.demoblaze.Signup.signUp(Signup.java:19)
at com.atmecs.demoblaze.Signup.signUp(Signup.java:19)
at com.atmecs.demoblaze.Signup.signUp(Signup.java:19)
at com.atmecs.demoblaze.Signup.signUp(Signup.java:19)
at com.atmecs.demoblaze.Signup.signUp(Signup.java:19)
at com.atmecs.demoblaze.Signup.signUp(Signup.java:19)
at com.atmecs.demoblaze.Signup.signUp(Signup.java:19)
at com.atmecs.demoblaze.Signup.signUp(Signup.java:19)
at com.atmecs.demoblaze.Signup.signUp(Signup.java:19)
at com.atmecs.demoblaze.Signup.signUp(Signup.java:19)
at com.atmecs.demoblaze.Signup.signUp(Signup.java:19)
at com.atmecs.demoblaze.Signup.signUp(Signup.java:19)
at com.atmecs.demoblaze.Signup.signUp(Signup.java:19)
at com.atmecs.demoblaze.Signup.signUp(Signup.java:19)
at com.atmecs.demoblaze.Signup.signUp(Signup.java:19)
at com.atmecs.demoblaze.Signup.signUp(Signup.java:19)
at com.atmecs.demoblaze.Signup.signUp(Signup.java:19)
at com.atmecs.demoblaze.Signup.signUp(Signup.java:19)
at com.atmecs.demoblaze.Signup.signUp(Signup.java:19)
at com.atmecs.demoblaze.Signup.signUp(Signup.java:19)
at com.atmecs.demoblaze.Signup.signUp(Signup.java:19)
at com.atmecs.demoblaze.Signup.signUp(Signup.java:19)
at com.atmecs.demoblaze.Signup.signUp(Signup.java:19)
at com.atmecs.demoblaze.Signup.signUp(Signup.java:19)
at com.atmecs.demoblaze.Signup.signUp(Signup.java:19)
at com.atmecs.demoblaze.Signup.signUp(Signup.java:19)
at com.atmecs.demoblaze.Signup.signUp(Signup.java:19)
at com.atmecs.demoblaze.Signup.signUp(Signup.java:19)
at com.atmecs.demoblaze.Signup.signUp(Signup.java:19)
at com.atmecs.demoblaze.Signup.signUp(Signup.java:19)
at com.atmecs.demoblaze.Signup.signUp(Signup.java:19)
at com.atmecs.demoblaze.Signup.signUp(Signup.java:19)
at com.atmecs.demoblaze.Signup.signUp(Signup.java:19)
at com.atmecs.demoblaze.Signup.signUp(Signup.java:19)
at com.atmecs.demoblaze.Signup.signUp(Signup.java:19)
at com.atmecs.demoblaze.Signup.signUp(Signup.java:19)
at com.atmecs.demoblaze.Signup.signUp(Signup.java:19)
at com.atmecs.demoblaze.Signup.signUp(Signup.java:19)
at com.atmecs.demoblaze.Signup.signUp(Signup.java:19)
at com.atmecs.demoblaze.Signup.signUp(Signup.java:19)
at com.atmecs.demoblaze.Signup.signUp(Signup.java:19)
at com.atmecs.demoblaze.Signup.signUp(Signup.java:19)
at com.atmecs.demoblaze.Signup.signUp(Signup.java:19)
at com.atmecs.demoblaze.Signup.signUp(Signup.java:19)
at com.atmecs.demoblaze.Signup.signUp(Signup.java:19)
at com.atmecs.demoblaze.Signup.signUp(Signup.java:19)
at com.atmecs.demoblaze.Signup.signUp(Signup.java:19)
at com.atmecs.demoblaze.Signup.signUp(Signup.java:19)
at com.atmecs.demoblaze.Signup.signUp(Signup.java:19)
at com.atmecs.demoblaze.Signup.signUp(Signup.java:19)
at com.atmecs.demoblaze.Signup.signUp(Signup.java:19)
at com.atmecs.demoblaze.Signup.signUp(Signup.java:19)
at com.atmecs.demoblaze.Signup.signUp(Signup.java:19)
at com.atmecs.demoblaze.Signup.signUp(Signup.java:19)
at com.atmecs.demoblaze.Signup.signUp(Signup.java:19)
at com.atmecs.demoblaze.Signup.signUp(Signup.java:19)
at com.atmecs.demoblaze.Signup.signUp(Signup.java:19)
at com.atmecs.demoblaze.Signup.signUp(Signup.java:19)
at com.atmecs.demoblaze.Signup.signUp(Signup.java:19)
at com.atmecs.demoblaze.Signup.signUp(Signup.java:19)
at com.atmecs.demoblaze.Signup.signUp(Signup.java:19)
at com.atmecs.demoblaze.Signup.signUp(Signup.java:19)
at com.atmecs.demoblaze.Signup.signUp(Signup.java:19)
at com.atmecs.demoblaze.Signup.signUp(Signup.java:19)
at com.atmecs.demoblaze.Signup.signUp(Signup.java:19)
at com.atmecs.demoblaze.Signup.signUp(Signup.java:19)
at com.atmecs.demoblaze.Signup.signUp(Signup.java:19)
at com.atmecs.demoblaze.Signup.signUp(Signup.java:19)
at com.atmecs.demoblaze.Signup.signUp(Signup.java:19)
at com.atmecs.demoblaze.Signup.signUp(Signup.java:19)
at com.atmecs.demoblaze.Signup.signUp(Signup.java:19)
at com.atmecs.demoblaze.Signup.signUp(Signup.java:19)
at com.atmecs.demoblaze.Signup.signUp(Signup.java:19)
at com.atmecs.demoblaze.Signup.signUp(Signup.java:19)
at com.atmecs.demoblaze.Signup.signUp(Signup.java:19)
at com.atmecs.demoblaze.Signup.signUp(Signup.java:19)
at com.atmecs.demoblaze.Signup.signUp(Signup.java:19)
at com.atmecs.demoblaze.Signup.signUp(Signup.java:19)
at com.atmecs.demoblaze.Signup.signUp(Signup.java:19)
at com.atmecs.demoblaze.Signup.signUp(Signup.java:19)
at com.atmecs.demoblaze.Signup.signUp(Signup.java:19)
at com.atmecs.demoblaze.Signup.signUp(Signup.java:19)
at com.atmecs.demoblaze.Signup.signUp(Signup.java:19)
at com.atmecs.demoblaze.Signup.signUp(Signup.java:19)
at com.atmecs.demoblaze.Signup.signUp(Signup.java:19)
at com.atmecs.demoblaze.Signup.signUp(Signup.java:19)
at com.atmecs.demoblaze.Signup.signUp(Signup.java:19)
at com.atmecs.demoblaze.Signup.signUp(Signup.java:19)
at com.atmecs.demoblaze.Signup.signUp(Signup.java:19)
at com.atmecs.demoblaze.Signup.signUp(Signup.java:19)
at com.atmecs.demoblaze.Signup.signUp(Signup.java:19)
at com.atmecs.demoblaze.Signup.signUp(Signup.java:19)
at com.atmecs.demoblaze.Signup.signUp(Signup.java:19)
at com.atmecs.demoblaze.Signup.signUp(Signup.java:19)
at com.atmecs.demoblaze.Signup.signUp(Signup.java:19)
at com.atmecs.demoblaze.Signup.signUp(Signup.java:19)
at com.atmecs.demoblaze.Signup.signUp(Signup.java:19)
at com.atmecs.demoblaze.Signup.signUp(Signup.java:19)
at com.atmecs.demoblaze.Signup.signUp(Signup.java:19)
at com.atmecs.demoblaze.Signup.signUp(Signup.java:19)
at com.atmecs.demoblaze.Signup.signUp(Signup.java:19)
at com.atmecs.demoblaze.Signup.signUp(Signup.java:19)
at com.atmecs.demoblaze.Signup.signUp(Signup.java:19)
at com.atmecs.demoblaze.Signup.signUp(Signup.java:19)
at com.atmecs.demoblaze.Signup.signUp(Signup.java:19)
at com.atmecs.demoblaze.Signup.signUp(Signup.java:19)
at com.atmecs.demoblaze.Signup.signUp(Signup.java:19)
at com.atmecs.demoblaze.Signup.signUp(Signup.java:19)
at com.atmecs.demoblaze.Signup.signUp(Signup.java:19)
at com.atmecs.demoblaze.Signup.signUp(Signup.java:19)
at com.atmecs.demoblaze.Signup.signUp(Signup.java:19)
at com.atmecs.demoblaze.Signup.signUp(Signup.java:19)
at com.atmecs.demoblaze.Signup.signUp(Signup.java:19)
at com.atmecs.demoblaze.Signup.signUp(Signup.java:19)
at com.atmecs.demoblaze.Signup.signUp(Signup.java:19)
at com.atmecs.demoblaze.Signup.signUp(Signup.java:19)
at com.atmecs.demoblaze.Signup.signUp(Signup.java:19)
at com.atmecs.demoblaze.Signup.signUp(Signup.java:19)
at com.atmecs.demoblaze.Signup.signUp(Signup.java:19)
at com.atmecs.demoblaze.Signup.signUp(Signup.java:19)
at com.atmecs.demoblaze.Signup.signUp(Signup.java:19)
at com.atmecs.demoblaze.Signup.signUp(Signup.java:19)
at com.atmecs.demoblaze.Signup.signUp(Signup.java:19)
at com.atmecs.demoblaze.Signup.signUp(Signup.java:19)
at com.atmecs.demoblaze.Signup.signUp(Signup.java:19)
at com.atmecs.demoblaze.Signup.signUp(Signup.java:19)
at com.atmecs.demoblaze.Signup.signUp(Signup.java:19)
at com.atmecs.demoblaze.Signup.signUp(Signup.java:19)
at com.atmecs.demoblaze.Signup.signUp(Signup.java:19)
at com.atmecs.demoblaze.Signup.signUp(Signup.java:19)
at com.atmecs.demoblaze.Signup.signUp(Signup.java:19)
at com.atmecs.demoblaze.Signup.signUp(Signup.java:19)
at com.atmecs.demoblaze.Signup.signUp(Signup.java:19)
at com.atmecs.demoblaze.Signup.signUp(Signup.java:19)
at com.atmecs.demoblaze.Signup.signUp(Signup.java:19)
at com.atmecs.demoblaze.Signup.signUp(Signup.java:19)
at com.atmecs.demoblaze.Signup.signUp(Signup.java:19)
at com.atmecs.demoblaze.Signup.signUp(Signup.java:19)
at com.atmecs.demoblaze.Signup.signUp(Signup.java:19)
at com.atmecs.demoblaze.Signup.signUp(Signup.java:19)
at com.atmecs.demoblaze.Signup.signUp(Signup.java:19)
at com.atmecs.demoblaze.Signup.signUp(Signup.java:19)
at com.atmecs.demoblaze.Signup.signUp(Signup.java:19)
at com.atmecs.demoblaze.Signup.signUp(Signup.java:19)
at com.atmecs.demoblaze.Signup.signUp(Signup.java:19)
at com.atmecs.demoblaze.Signup.signUp(Signup.java:19)
at com.atmecs.demoblaze.Signup.signUp(Signup.java:19)
at com.atmecs.demoblaze.Signup.signUp(Signup.java:19)
at com.atmecs.demoblaze.Signup.signUp(Signup.java:19)
at com.atmecs.demoblaze.Signup.signUp(Signup.java:19)
at com.atmecs.demoblaze.Signup.signUp(Signup.java:19)
at com.atmecs.demoblaze.Signup.signUp(Signup.java:19)
at com.atmecs.demoblaze.Signup.signUp(Signup.java:19)
at com.atmecs.demoblaze.Signup.signUp(Signup.java:19)
at com.atmecs.demoblaze.Signup.signUp(Signup.java:19)
at com.atmecs.demoblaze.Signup.signUp(Signup.java:19)
at com.atmecs.demoblaze.Signup.signUp(Signup.java:19)
at com.atmecs.demoblaze.Signup.signUp(Signup.java:19)
at com.atmecs.demoblaze.Signup.signUp(Signup.java:19)
at com.atmecs.demoblaze.Signup.signUp(Signup.java:19)
at com.atmecs.demoblaze.Signup.signUp(Signup.java:19)
at com.atmecs.demoblaze.Signup.signUp(Signup.java:19)
at com.atmecs.demoblaze.Signup.signUp(Signup.java:19)
at com.atmecs.demoblaze.Signup.signUp(Signup.java:19)
at com.atmecs.demoblaze.Signup.signUp(Signup.java:19)
at com.atmecs.demoblaze.Signup.signUp(Signup.java:19)
at com.atmecs.demoblaze.Signup.signUp(Signup.java:19)
at com.atmecs.demoblaze.Signup.signUp(Signup.java:19)
at com.atmecs.demoblaze.Signup.signUp(Signup.java:19)
at com.atmecs.demoblaze.Signup.signUp(Signup.java:19)
at com.atmecs.demoblaze.Signup.signUp(Signup.java:19)
at com.atmecs.demoblaze.Signup.signUp(Signup.java:19)
at com.atmecs.demoblaze.Signup.signUp(Signup.java:19)
at com.atmecs.demoblaze.Signup.signUp(Signup.java:19)
at com.atmecs.demoblaze.Signup.signUp(Signup.java:19)
at com.atmecs.demoblaze.Signup.signUp(Signup.java:19)
at com.atmecs.demoblaze.Signup.signUp(Signup.java:19)
at com.atmecs.demoblaze.Signup.signUp(Signup.java:19)
at com.atmecs.demoblaze.Signup.signUp(Signup.java:19)
at com.atmecs.demoblaze.Signup.signUp(Signup.java:19)
at com.atmecs.demoblaze.Signup.signUp(Signup.java:19)
at com.atmecs.demoblaze.Signup.signUp(Signup.java:19)
at com.atmecs.demoblaze.Signup.signUp(Signup.java:19)
at com.atmecs.demoblaze.Signup.signUp(Signup.java:19)
at com.atmecs.demoblaze.Signup.signUp(Signup.java:19)
at com.atmecs.demoblaze.Signup.signUp(Signup.java:19)
at com.atmecs.demoblaze.Signup.signUp(Signup.java:19)
at com.atmecs.demoblaze.Signup.signUp(Signup.java:19)
at com.atmecs.demoblaze.Signup.signUp(Signup.java:19)
at com.atmecs.demoblaze.Signup.signUp(Signup.java:19)
at com.atmecs.demoblaze.Signup.signUp(Signup.java:19)
at com.atmecs.demoblaze.Signup.signUp(Signup.java:19)
at com.atmecs.demoblaze.Signup.signUp(Signup.java:19)
at com.atmecs.demoblaze.Signup.signUp(Signup.java:19)
at com.atmecs.demoblaze.Signup.signUp(Signup.java:19)
at com.atmecs.demoblaze.Signup.signUp(Signup.java:19)
at com.atmecs.demoblaze.Signup.signUp(Signup.java:19)
at com.atmecs.demoblaze.Signup.signUp(Signup.java:19)
at com.atmecs.demoblaze.Signup.signUp(Signup.java:19)
at com.atmecs.demoblaze.Signup.signUp(Signup.java:19)
at com.atmecs.demoblaze.Signup.signUp(Signup.java:19)
at com.atmecs.demoblaze.Signup.signUp(Signup.java:19)
at com.atmecs.demoblaze.Signup.signUp(Signup.java:19)
at com.atmecs.demoblaze.Signup.signUp(Signup.java:19)
at com.atmecs.demoblaze.Signup.signUp(Signup.java:19)
at com.atmecs.demoblaze.Signup.signUp(Signup.java:19)
at com.atmecs.demoblaze.Signup.signUp(Signup.java:19)
at com.atmecs.demoblaze.Signup.signUp(Signup.java:19)
at com.atmecs.demoblaze.Signup.signUp(Signup.java:19)
at com.atmecs.demoblaze.Signup.signUp(Signup.java:19)
at com.atmecs.demoblaze.Signup.signUp(Signup.java:19)
at com.atmecs.demoblaze.Signup.signUp(Signup.java:19)
at com.atmecs.demoblaze.Signup.signUp(Signup.java:19)
at com.atmecs.demoblaze.Signup.signUp(Signup.java:19)
at com.atmecs.demoblaze.Signup.signUp(Signup.java:19)
at com.atmecs.demoblaze.Signup.signUp(Signup.java:19)
at com.atmecs.demoblaze.Signup.signUp(Signup.java:19)
at com.atmecs.demoblaze.Signup.signUp(Signup.java:19)
at com.atmecs.demoblaze.Signup.signUp(Signup.java:19)
at com.atmecs.demoblaze.Signup.signUp(Signup.java:19)
at com.atmecs.demoblaze.Signup.signUp(Signup.java:19)
at com.atmecs.demoblaze.Signup.signUp(Signup.java:19)
at com.atmecs.demoblaze.Signup.signUp(Signup.java:19)
at com.atmecs.demoblaze.Signup.signUp(Signup.java:19)
at com.atmecs.demoblaze.Signup.signUp(Signup.java:19)
at com.atmecs.demoblaze.Signup.signUp(Signup.java:19)
at com.atmecs.demoblaze.Signup.signUp(Signup.java:19)
at com.atmecs.demoblaze.Signup.signUp(Signup.java:19)
at com.atmecs.demoblaze.Signup.signUp(Signup.java:19)
at com.atmecs.demoblaze.Signup.signUp(Signup.java:19)
at com.atmecs.demoblaze.Signup.signUp(Signup.java:19)
at com.atmecs.demoblaze.Signup.signUp(Signup.java:19)
at com.atmecs.demoblaze.Signup.signUp(Signup.java:19)
at com.atmecs.demoblaze.Signup.signUp(Signup.java:19)
at com.atmecs.demoblaze.Signup.signUp(Signup.java:19)
at com.atmecs.demoblaze.Signup.signUp(Signup.java:19)
at com.atmecs.demoblaze.Signup.signUp(Signup.java:19)
at com.atmecs.demoblaze.Signup.signUp(Signup.java:19)
at com.atmecs.demoblaze.Signup.signUp(Signup.java:19)
at com.atmecs.demoblaze.Signup.signUp(Signup.java:19)
at com.atmecs.demoblaze.Signup.signUp(Signup.java:19)
at com.atmecs.demoblaze.Signup.signUp(Signup.java:19)
at com.atmecs.demoblaze.Signup.signUp(Signup.java:19)
at com.atmecs.demoblaze.Signup.signUp(Signup.java:19)
at com.atmecs.demoblaze.Signup.signUp(Signup.java:19)
at com.atmecs.demoblaze.Signup.signUp(Signup.java:19)
at com.atmecs.demoblaze.Signup.signUp(Signup.java:19)
at com.atmecs.demoblaze.Signup.signUp(Signup.java:19)
at com.atmecs.demoblaze.Signup.signUp(Signup.java:19)
at com.atmecs.demoblaze.Signup.signUp(Signup.java:19)
at com.atmecs.demoblaze.Signup.signUp(Signup.java:19)
at com.atmecs.demoblaze.Signup.signUp(Signup.java:19)
at com.atmecs.demoblaze.Signup.signUp(Signup.java:19)
at com.atmecs.demoblaze.Signup.signUp(Signup.java:19)
at com.atmecs.demoblaze.Signup.signUp(Signup.java:19)
at com.atmecs.demoblaze.Signup.signUp(Signup.java:19)
at com.atmecs.demoblaze.Signup.signUp(Signup.java:19)
at com.atmecs.demoblaze.Signup.signUp(Signup.java:19)
at com.atmecs.demoblaze.Signup.signUp(Signup.java:19)
at com.atmecs.demoblaze.Signup.signUp(Signup.java:19)
at com.atmecs.demoblaze.Signup.signUp(Signup.java:19)
at com.atmecs.demoblaze.Signup.signUp(Signup.java:19)
at com.atmecs.demoblaze.Signup.signUp(Signup.java:19)
at com.atmecs.demoblaze.Signup.signUp(Signup.java:19)
at com.atmecs.demoblaze.Signup.signUp(Signup.java:19)
at com.atmecs.demoblaze.Signup.signUp(Signup.java:19)
at com.atmecs.demoblaze.Signup.signUp(Signup.java:19)
at com.atmecs.demoblaze.Signup.signUp(Signup.java:19)
at com.atmecs.demoblaze.Signup.signUp(Signup.java:19)
at com.atmecs.demoblaze.Signup.signUp(Signup.java:19)
at com.atmecs.demoblaze.Signup.signUp(Signup.java:19)
at com.atmecs.demoblaze.Signup.signUp(Signup.java:19)
at com.atmecs.demoblaze.Signup.signUp(Signup.java:19)
at com.atmecs.demoblaze.Signup.signUp(Signup.java:19)
at com.atmecs.demoblaze.Signup.signUp(Signup.java:19)
at com.atmecs.demoblaze.Signup.signUp(Signup.java:19)
]]>
    </error>
  </testcase> <!-- signUp -->
</testsuite> <!-- com.atmecs.demoblaze.Signup -->
