<?xml version="1.0" encoding="UTF-8"?>
<!-- Generated by org.testng.reporters.JUnitReportReporter -->
<testsuite hostname="ATMECSBLRLT-030" failures="0" tests="1" name="com.atmecs.demoblaze.LoginPage" time="6.309" errors="0" timestamp="24 Sep 2020 07:20:46 GMT" skipped="0">
  <testcase classname="com.atmecs.demoblaze.LoginPage" name="loginPageMethod" time="6.309"/>
</testsuite> <!-- com.atmecs.demoblaze.LoginPage -->
