<?xml version="1.0" encoding="UTF-8"?>
<!-- Generated by org.testng.reporters.JUnitReportReporter -->
<testsuite hostname="ATMECSBLRLT-030" failures="0" tests="1" name="com.atmecs.demoblaze.AddCartClass" time="0.014" errors="1" timestamp="23 Sep 2020 12:09:09 GMT" skipped="0">
  <testcase classname="com.atmecs.demoblaze.AddCartClass" name="addCart" time="0.014">
    <error type="java.lang.StackOverflowError">
      <![CDATA[java.lang.StackOverflowError
at com.atmecs.demoblaze.AddCartClass.addCart(AddCartClass.java:17)
at com.atmecs.demoblaze.AddCartClass.addCart(AddCartClass.java:17)
at com.atmecs.demoblaze.AddCartClass.addCart(AddCartClass.java:17)
at com.atmecs.demoblaze.AddCartClass.addCart(AddCartClass.java:17)
at com.atmecs.demoblaze.AddCartClass.addCart(AddCartClass.java:17)
at com.atmecs.demoblaze.AddCartClass.addCart(AddCartClass.java:17)
at com.atmecs.demoblaze.AddCartClass.addCart(AddCartClass.java:17)
at com.atmecs.demoblaze.AddCartClass.addCart(AddCartClass.java:17)
at com.atmecs.demoblaze.AddCartClass.addCart(AddCartClass.java:17)
at com.atmecs.demoblaze.AddCartClass.addCart(AddCartClass.java:17)
at com.atmecs.demoblaze.AddCartClass.addCart(AddCartClass.java:17)
at com.atmecs.demoblaze.AddCartClass.addCart(AddCartClass.java:17)
at com.atmecs.demoblaze.AddCartClass.addCart(AddCartClass.java:17)
at com.atmecs.demoblaze.AddCartClass.addCart(AddCartClass.java:17)
at com.atmecs.demoblaze.AddCartClass.addCart(AddCartClass.java:17)
at com.atmecs.demoblaze.AddCartClass.addCart(AddCartClass.java:17)
at com.atmecs.demoblaze.AddCartClass.addCart(AddCartClass.java:17)
at com.atmecs.demoblaze.AddCartClass.addCart(AddCartClass.java:17)
at com.atmecs.demoblaze.AddCartClass.addCart(AddCartClass.java:17)
at com.atmecs.demoblaze.AddCartClass.addCart(AddCartClass.java:17)
at com.atmecs.demoblaze.AddCartClass.addCart(AddCartClass.java:17)
at com.atmecs.demoblaze.AddCartClass.addCart(AddCartClass.java:17)
at com.atmecs.demoblaze.AddCartClass.addCart(AddCartClass.java:17)
at com.atmecs.demoblaze.AddCartClass.addCart(AddCartClass.java:17)
at com.atmecs.demoblaze.AddCartClass.addCart(AddCartClass.java:17)
at com.atmecs.demoblaze.AddCartClass.addCart(AddCartClass.java:17)
at com.atmecs.demoblaze.AddCartClass.addCart(AddCartClass.java:17)
at com.atmecs.demoblaze.AddCartClass.addCart(AddCartClass.java:17)
at com.atmecs.demoblaze.AddCartClass.addCart(AddCartClass.java:17)
at com.atmecs.demoblaze.AddCartClass.addCart(AddCartClass.java:17)
at com.atmecs.demoblaze.AddCartClass.addCart(AddCartClass.java:17)
at com.atmecs.demoblaze.AddCartClass.addCart(AddCartClass.java:17)
at com.atmecs.demoblaze.AddCartClass.addCart(AddCartClass.java:17)
at com.atmecs.demoblaze.AddCartClass.addCart(AddCartClass.java:17)
at com.atmecs.demoblaze.AddCartClass.addCart(AddCartClass.java:17)
at com.atmecs.demoblaze.AddCartClass.addCart(AddCartClass.java:17)
at com.atmecs.demoblaze.AddCartClass.addCart(AddCartClass.java:17)
at com.atmecs.demoblaze.AddCartClass.addCart(AddCartClass.java:17)
at com.atmecs.demoblaze.AddCartClass.addCart(AddCartClass.java:17)
at com.atmecs.demoblaze.AddCartClass.addCart(AddCartClass.java:17)
at com.atmecs.demoblaze.AddCartClass.addCart(AddCartClass.java:17)
at com.atmecs.demoblaze.AddCartClass.addCart(AddCartClass.java:17)
at com.atmecs.demoblaze.AddCartClass.addCart(AddCartClass.java:17)
at com.atmecs.demoblaze.AddCartClass.addCart(AddCartClass.java:17)
at com.atmecs.demoblaze.AddCartClass.addCart(AddCartClass.java:17)
at com.atmecs.demoblaze.AddCartClass.addCart(AddCartClass.java:17)
at com.atmecs.demoblaze.AddCartClass.addCart(AddCartClass.java:17)
at com.atmecs.demoblaze.AddCartClass.addCart(AddCartClass.java:17)
at com.atmecs.demoblaze.AddCartClass.addCart(AddCartClass.java:17)
at com.atmecs.demoblaze.AddCartClass.addCart(AddCartClass.java:17)
at com.atmecs.demoblaze.AddCartClass.addCart(AddCartClass.java:17)
at com.atmecs.demoblaze.AddCartClass.addCart(AddCartClass.java:17)
at com.atmecs.demoblaze.AddCartClass.addCart(AddCartClass.java:17)
at com.atmecs.demoblaze.AddCartClass.addCart(AddCartClass.java:17)
at com.atmecs.demoblaze.AddCartClass.addCart(AddCartClass.java:17)
at com.atmecs.demoblaze.AddCartClass.addCart(AddCartClass.java:17)
at com.atmecs.demoblaze.AddCartClass.addCart(AddCartClass.java:17)
at com.atmecs.demoblaze.AddCartClass.addCart(AddCartClass.java:17)
at com.atmecs.demoblaze.AddCartClass.addCart(AddCartClass.java:17)
at com.atmecs.demoblaze.AddCartClass.addCart(AddCartClass.java:17)
at com.atmecs.demoblaze.AddCartClass.addCart(AddCartClass.java:17)
at com.atmecs.demoblaze.AddCartClass.addCart(AddCartClass.java:17)
at com.atmecs.demoblaze.AddCartClass.addCart(AddCartClass.java:17)
at com.atmecs.demoblaze.AddCartClass.addCart(AddCartClass.java:17)
at com.atmecs.demoblaze.AddCartClass.addCart(AddCartClass.java:17)
at com.atmecs.demoblaze.AddCartClass.addCart(AddCartClass.java:17)
at com.atmecs.demoblaze.AddCartClass.addCart(AddCartClass.java:17)
at com.atmecs.demoblaze.AddCartClass.addCart(AddCartClass.java:17)
at com.atmecs.demoblaze.AddCartClass.addCart(AddCartClass.java:17)
at com.atmecs.demoblaze.AddCartClass.addCart(AddCartClass.java:17)
at com.atmecs.demoblaze.AddCartClass.addCart(AddCartClass.java:17)
at com.atmecs.demoblaze.AddCartClass.addCart(AddCartClass.java:17)
at com.atmecs.demoblaze.AddCartClass.addCart(AddCartClass.java:17)
at com.atmecs.demoblaze.AddCartClass.addCart(AddCartClass.java:17)
at com.atmecs.demoblaze.AddCartClass.addCart(AddCartClass.java:17)
at com.atmecs.demoblaze.AddCartClass.addCart(AddCartClass.java:17)
at com.atmecs.demoblaze.AddCartClass.addCart(AddCartClass.java:17)
at com.atmecs.demoblaze.AddCartClass.addCart(AddCartClass.java:17)
at com.atmecs.demoblaze.AddCartClass.addCart(AddCartClass.java:17)
at com.atmecs.demoblaze.AddCartClass.addCart(AddCartClass.java:17)
at com.atmecs.demoblaze.AddCartClass.addCart(AddCartClass.java:17)
at com.atmecs.demoblaze.AddCartClass.addCart(AddCartClass.java:17)
at com.atmecs.demoblaze.AddCartClass.addCart(AddCartClass.java:17)
at com.atmecs.demoblaze.AddCartClass.addCart(AddCartClass.java:17)
at com.atmecs.demoblaze.AddCartClass.addCart(AddCartClass.java:17)
at com.atmecs.demoblaze.AddCartClass.addCart(AddCartClass.java:17)
at com.atmecs.demoblaze.AddCartClass.addCart(AddCartClass.java:17)
at com.atmecs.demoblaze.AddCartClass.addCart(AddCartClass.java:17)
at com.atmecs.demoblaze.AddCartClass.addCart(AddCartClass.java:17)
at com.atmecs.demoblaze.AddCartClass.addCart(AddCartClass.java:17)
at com.atmecs.demoblaze.AddCartClass.addCart(AddCartClass.java:17)
at com.atmecs.demoblaze.AddCartClass.addCart(AddCartClass.java:17)
at com.atmecs.demoblaze.AddCartClass.addCart(AddCartClass.java:17)
at com.atmecs.demoblaze.AddCartClass.addCart(AddCartClass.java:17)
at com.atmecs.demoblaze.AddCartClass.addCart(AddCartClass.java:17)
at com.atmecs.demoblaze.AddCartClass.addCart(AddCartClass.java:17)
at com.atmecs.demoblaze.AddCartClass.addCart(AddCartClass.java:17)
at com.atmecs.demoblaze.AddCartClass.addCart(AddCartClass.java:17)
at com.atmecs.demoblaze.AddCartClass.addCart(AddCartClass.java:17)
at com.atmecs.demoblaze.AddCartClass.addCart(AddCartClass.java:17)
at com.atmecs.demoblaze.AddCartClass.addCart(AddCartClass.java:17)
at com.atmecs.demoblaze.AddCartClass.addCart(AddCartClass.java:17)
at com.atmecs.demoblaze.AddCartClass.addCart(AddCartClass.java:17)
at com.atmecs.demoblaze.AddCartClass.addCart(AddCartClass.java:17)
at com.atmecs.demoblaze.AddCartClass.addCart(AddCartClass.java:17)
at com.atmecs.demoblaze.AddCartClass.addCart(AddCartClass.java:17)
at com.atmecs.demoblaze.AddCartClass.addCart(AddCartClass.java:17)
at com.atmecs.demoblaze.AddCartClass.addCart(AddCartClass.java:17)
at com.atmecs.demoblaze.AddCartClass.addCart(AddCartClass.java:17)
at com.atmecs.demoblaze.AddCartClass.addCart(AddCartClass.java:17)
at com.atmecs.demoblaze.AddCartClass.addCart(AddCartClass.java:17)
at com.atmecs.demoblaze.AddCartClass.addCart(AddCartClass.java:17)
at com.atmecs.demoblaze.AddCartClass.addCart(AddCartClass.java:17)
at com.atmecs.demoblaze.AddCartClass.addCart(AddCartClass.java:17)
at com.atmecs.demoblaze.AddCartClass.addCart(AddCartClass.java:17)
at com.atmecs.demoblaze.AddCartClass.addCart(AddCartClass.java:17)
at com.atmecs.demoblaze.AddCartClass.addCart(AddCartClass.java:17)
at com.atmecs.demoblaze.AddCartClass.addCart(AddCartClass.java:17)
at com.atmecs.demoblaze.AddCartClass.addCart(AddCartClass.java:17)
at com.atmecs.demoblaze.AddCartClass.addCart(AddCartClass.java:17)
at com.atmecs.demoblaze.AddCartClass.addCart(AddCartClass.java:17)
at com.atmecs.demoblaze.AddCartClass.addCart(AddCartClass.java:17)
at com.atmecs.demoblaze.AddCartClass.addCart(AddCartClass.java:17)
at com.atmecs.demoblaze.AddCartClass.addCart(AddCartClass.java:17)
at com.atmecs.demoblaze.AddCartClass.addCart(AddCartClass.java:17)
at com.atmecs.demoblaze.AddCartClass.addCart(AddCartClass.java:17)
at com.atmecs.demoblaze.AddCartClass.addCart(AddCartClass.java:17)
at com.atmecs.demoblaze.AddCartClass.addCart(AddCartClass.java:17)
at com.atmecs.demoblaze.AddCartClass.addCart(AddCartClass.java:17)
at com.atmecs.demoblaze.AddCartClass.addCart(AddCartClass.java:17)
at com.atmecs.demoblaze.AddCartClass.addCart(AddCartClass.java:17)
at com.atmecs.demoblaze.AddCartClass.addCart(AddCartClass.java:17)
at com.atmecs.demoblaze.AddCartClass.addCart(AddCartClass.java:17)
at com.atmecs.demoblaze.AddCartClass.addCart(AddCartClass.java:17)
at com.atmecs.demoblaze.AddCartClass.addCart(AddCartClass.java:17)
at com.atmecs.demoblaze.AddCartClass.addCart(AddCartClass.java:17)
at com.atmecs.demoblaze.AddCartClass.addCart(AddCartClass.java:17)
at com.atmecs.demoblaze.AddCartClass.addCart(AddCartClass.java:17)
at com.atmecs.demoblaze.AddCartClass.addCart(AddCartClass.java:17)
at com.atmecs.demoblaze.AddCartClass.addCart(AddCartClass.java:17)
at com.atmecs.demoblaze.AddCartClass.addCart(AddCartClass.java:17)
at com.atmecs.demoblaze.AddCartClass.addCart(AddCartClass.java:17)
at com.atmecs.demoblaze.AddCartClass.addCart(AddCartClass.java:17)
at com.atmecs.demoblaze.AddCartClass.addCart(AddCartClass.java:17)
at com.atmecs.demoblaze.AddCartClass.addCart(AddCartClass.java:17)
at com.atmecs.demoblaze.AddCartClass.addCart(AddCartClass.java:17)
at com.atmecs.demoblaze.AddCartClass.addCart(AddCartClass.java:17)
at com.atmecs.demoblaze.AddCartClass.addCart(AddCartClass.java:17)
at com.atmecs.demoblaze.AddCartClass.addCart(AddCartClass.java:17)
at com.atmecs.demoblaze.AddCartClass.addCart(AddCartClass.java:17)
at com.atmecs.demoblaze.AddCartClass.addCart(AddCartClass.java:17)
at com.atmecs.demoblaze.AddCartClass.addCart(AddCartClass.java:17)
at com.atmecs.demoblaze.AddCartClass.addCart(AddCartClass.java:17)
at com.atmecs.demoblaze.AddCartClass.addCart(AddCartClass.java:17)
at com.atmecs.demoblaze.AddCartClass.addCart(AddCartClass.java:17)
at com.atmecs.demoblaze.AddCartClass.addCart(AddCartClass.java:17)
at com.atmecs.demoblaze.AddCartClass.addCart(AddCartClass.java:17)
at com.atmecs.demoblaze.AddCartClass.addCart(AddCartClass.java:17)
at com.atmecs.demoblaze.AddCartClass.addCart(AddCartClass.java:17)
at com.atmecs.demoblaze.AddCartClass.addCart(AddCartClass.java:17)
at com.atmecs.demoblaze.AddCartClass.addCart(AddCartClass.java:17)
at com.atmecs.demoblaze.AddCartClass.addCart(AddCartClass.java:17)
at com.atmecs.demoblaze.AddCartClass.addCart(AddCartClass.java:17)
at com.atmecs.demoblaze.AddCartClass.addCart(AddCartClass.java:17)
at com.atmecs.demoblaze.AddCartClass.addCart(AddCartClass.java:17)
at com.atmecs.demoblaze.AddCartClass.addCart(AddCartClass.java:17)
at com.atmecs.demoblaze.AddCartClass.addCart(AddCartClass.java:17)
at com.atmecs.demoblaze.AddCartClass.addCart(AddCartClass.java:17)
at com.atmecs.demoblaze.AddCartClass.addCart(AddCartClass.java:17)
at com.atmecs.demoblaze.AddCartClass.addCart(AddCartClass.java:17)
at com.atmecs.demoblaze.AddCartClass.addCart(AddCartClass.java:17)
at com.atmecs.demoblaze.AddCartClass.addCart(AddCartClass.java:17)
at com.atmecs.demoblaze.AddCartClass.addCart(AddCartClass.java:17)
at com.atmecs.demoblaze.AddCartClass.addCart(AddCartClass.java:17)
at com.atmecs.demoblaze.AddCartClass.addCart(AddCartClass.java:17)
at com.atmecs.demoblaze.AddCartClass.addCart(AddCartClass.java:17)
at com.atmecs.demoblaze.AddCartClass.addCart(AddCartClass.java:17)
at com.atmecs.demoblaze.AddCartClass.addCart(AddCartClass.java:17)
at com.atmecs.demoblaze.AddCartClass.addCart(AddCartClass.java:17)
at com.atmecs.demoblaze.AddCartClass.addCart(AddCartClass.java:17)
at com.atmecs.demoblaze.AddCartClass.addCart(AddCartClass.java:17)
at com.atmecs.demoblaze.AddCartClass.addCart(AddCartClass.java:17)
at com.atmecs.demoblaze.AddCartClass.addCart(AddCartClass.java:17)
at com.atmecs.demoblaze.AddCartClass.addCart(AddCartClass.java:17)
at com.atmecs.demoblaze.AddCartClass.addCart(AddCartClass.java:17)
at com.atmecs.demoblaze.AddCartClass.addCart(AddCartClass.java:17)
at com.atmecs.demoblaze.AddCartClass.addCart(AddCartClass.java:17)
at com.atmecs.demoblaze.AddCartClass.addCart(AddCartClass.java:17)
at com.atmecs.demoblaze.AddCartClass.addCart(AddCartClass.java:17)
at com.atmecs.demoblaze.AddCartClass.addCart(AddCartClass.java:17)
at com.atmecs.demoblaze.AddCartClass.addCart(AddCartClass.java:17)
at com.atmecs.demoblaze.AddCartClass.addCart(AddCartClass.java:17)
at com.atmecs.demoblaze.AddCartClass.addCart(AddCartClass.java:17)
at com.atmecs.demoblaze.AddCartClass.addCart(AddCartClass.java:17)
at com.atmecs.demoblaze.AddCartClass.addCart(AddCartClass.java:17)
at com.atmecs.demoblaze.AddCartClass.addCart(AddCartClass.java:17)
at com.atmecs.demoblaze.AddCartClass.addCart(AddCartClass.java:17)
at com.atmecs.demoblaze.AddCartClass.addCart(AddCartClass.java:17)
at com.atmecs.demoblaze.AddCartClass.addCart(AddCartClass.java:17)
at com.atmecs.demoblaze.AddCartClass.addCart(AddCartClass.java:17)
at com.atmecs.demoblaze.AddCartClass.addCart(AddCartClass.java:17)
at com.atmecs.demoblaze.AddCartClass.addCart(AddCartClass.java:17)
at com.atmecs.demoblaze.AddCartClass.addCart(AddCartClass.java:17)
at com.atmecs.demoblaze.AddCartClass.addCart(AddCartClass.java:17)
at com.atmecs.demoblaze.AddCartClass.addCart(AddCartClass.java:17)
at com.atmecs.demoblaze.AddCartClass.addCart(AddCartClass.java:17)
at com.atmecs.demoblaze.AddCartClass.addCart(AddCartClass.java:17)
at com.atmecs.demoblaze.AddCartClass.addCart(AddCartClass.java:17)
at com.atmecs.demoblaze.AddCartClass.addCart(AddCartClass.java:17)
at com.atmecs.demoblaze.AddCartClass.addCart(AddCartClass.java:17)
at com.atmecs.demoblaze.AddCartClass.addCart(AddCartClass.java:17)
at com.atmecs.demoblaze.AddCartClass.addCart(AddCartClass.java:17)
at com.atmecs.demoblaze.AddCartClass.addCart(AddCartClass.java:17)
at com.atmecs.demoblaze.AddCartClass.addCart(AddCartClass.java:17)
at com.atmecs.demoblaze.AddCartClass.addCart(AddCartClass.java:17)
at com.atmecs.demoblaze.AddCartClass.addCart(AddCartClass.java:17)
at com.atmecs.demoblaze.AddCartClass.addCart(AddCartClass.java:17)
at com.atmecs.demoblaze.AddCartClass.addCart(AddCartClass.java:17)
at com.atmecs.demoblaze.AddCartClass.addCart(AddCartClass.java:17)
at com.atmecs.demoblaze.AddCartClass.addCart(AddCartClass.java:17)
at com.atmecs.demoblaze.AddCartClass.addCart(AddCartClass.java:17)
at com.atmecs.demoblaze.AddCartClass.addCart(AddCartClass.java:17)
at com.atmecs.demoblaze.AddCartClass.addCart(AddCartClass.java:17)
at com.atmecs.demoblaze.AddCartClass.addCart(AddCartClass.java:17)
at com.atmecs.demoblaze.AddCartClass.addCart(AddCartClass.java:17)
at com.atmecs.demoblaze.AddCartClass.addCart(AddCartClass.java:17)
at com.atmecs.demoblaze.AddCartClass.addCart(AddCartClass.java:17)
at com.atmecs.demoblaze.AddCartClass.addCart(AddCartClass.java:17)
at com.atmecs.demoblaze.AddCartClass.addCart(AddCartClass.java:17)
at com.atmecs.demoblaze.AddCartClass.addCart(AddCartClass.java:17)
at com.atmecs.demoblaze.AddCartClass.addCart(AddCartClass.java:17)
at com.atmecs.demoblaze.AddCartClass.addCart(AddCartClass.java:17)
at com.atmecs.demoblaze.AddCartClass.addCart(AddCartClass.java:17)
at com.atmecs.demoblaze.AddCartClass.addCart(AddCartClass.java:17)
at com.atmecs.demoblaze.AddCartClass.addCart(AddCartClass.java:17)
at com.atmecs.demoblaze.AddCartClass.addCart(AddCartClass.java:17)
at com.atmecs.demoblaze.AddCartClass.addCart(AddCartClass.java:17)
at com.atmecs.demoblaze.AddCartClass.addCart(AddCartClass.java:17)
at com.atmecs.demoblaze.AddCartClass.addCart(AddCartClass.java:17)
at com.atmecs.demoblaze.AddCartClass.addCart(AddCartClass.java:17)
at com.atmecs.demoblaze.AddCartClass.addCart(AddCartClass.java:17)
at com.atmecs.demoblaze.AddCartClass.addCart(AddCartClass.java:17)
at com.atmecs.demoblaze.AddCartClass.addCart(AddCartClass.java:17)
at com.atmecs.demoblaze.AddCartClass.addCart(AddCartClass.java:17)
at com.atmecs.demoblaze.AddCartClass.addCart(AddCartClass.java:17)
at com.atmecs.demoblaze.AddCartClass.addCart(AddCartClass.java:17)
at com.atmecs.demoblaze.AddCartClass.addCart(AddCartClass.java:17)
at com.atmecs.demoblaze.AddCartClass.addCart(AddCartClass.java:17)
at com.atmecs.demoblaze.AddCartClass.addCart(AddCartClass.java:17)
at com.atmecs.demoblaze.AddCartClass.addCart(AddCartClass.java:17)
at com.atmecs.demoblaze.AddCartClass.addCart(AddCartClass.java:17)
at com.atmecs.demoblaze.AddCartClass.addCart(AddCartClass.java:17)
at com.atmecs.demoblaze.AddCartClass.addCart(AddCartClass.java:17)
at com.atmecs.demoblaze.AddCartClass.addCart(AddCartClass.java:17)
at com.atmecs.demoblaze.AddCartClass.addCart(AddCartClass.java:17)
at com.atmecs.demoblaze.AddCartClass.addCart(AddCartClass.java:17)
at com.atmecs.demoblaze.AddCartClass.addCart(AddCartClass.java:17)
at com.atmecs.demoblaze.AddCartClass.addCart(AddCartClass.java:17)
at com.atmecs.demoblaze.AddCartClass.addCart(AddCartClass.java:17)
at com.atmecs.demoblaze.AddCartClass.addCart(AddCartClass.java:17)
at com.atmecs.demoblaze.AddCartClass.addCart(AddCartClass.java:17)
at com.atmecs.demoblaze.AddCartClass.addCart(AddCartClass.java:17)
at com.atmecs.demoblaze.AddCartClass.addCart(AddCartClass.java:17)
at com.atmecs.demoblaze.AddCartClass.addCart(AddCartClass.java:17)
at com.atmecs.demoblaze.AddCartClass.addCart(AddCartClass.java:17)
at com.atmecs.demoblaze.AddCartClass.addCart(AddCartClass.java:17)
at com.atmecs.demoblaze.AddCartClass.addCart(AddCartClass.java:17)
at com.atmecs.demoblaze.AddCartClass.addCart(AddCartClass.java:17)
at com.atmecs.demoblaze.AddCartClass.addCart(AddCartClass.java:17)
at com.atmecs.demoblaze.AddCartClass.addCart(AddCartClass.java:17)
at com.atmecs.demoblaze.AddCartClass.addCart(AddCartClass.java:17)
at com.atmecs.demoblaze.AddCartClass.addCart(AddCartClass.java:17)
at com.atmecs.demoblaze.AddCartClass.addCart(AddCartClass.java:17)
at com.atmecs.demoblaze.AddCartClass.addCart(AddCartClass.java:17)
at com.atmecs.demoblaze.AddCartClass.addCart(AddCartClass.java:17)
at com.atmecs.demoblaze.AddCartClass.addCart(AddCartClass.java:17)
at com.atmecs.demoblaze.AddCartClass.addCart(AddCartClass.java:17)
at com.atmecs.demoblaze.AddCartClass.addCart(AddCartClass.java:17)
at com.atmecs.demoblaze.AddCartClass.addCart(AddCartClass.java:17)
at com.atmecs.demoblaze.AddCartClass.addCart(AddCartClass.java:17)
at com.atmecs.demoblaze.AddCartClass.addCart(AddCartClass.java:17)
at com.atmecs.demoblaze.AddCartClass.addCart(AddCartClass.java:17)
at com.atmecs.demoblaze.AddCartClass.addCart(AddCartClass.java:17)
at com.atmecs.demoblaze.AddCartClass.addCart(AddCartClass.java:17)
at com.atmecs.demoblaze.AddCartClass.addCart(AddCartClass.java:17)
at com.atmecs.demoblaze.AddCartClass.addCart(AddCartClass.java:17)
at com.atmecs.demoblaze.AddCartClass.addCart(AddCartClass.java:17)
at com.atmecs.demoblaze.AddCartClass.addCart(AddCartClass.java:17)
at com.atmecs.demoblaze.AddCartClass.addCart(AddCartClass.java:17)
at com.atmecs.demoblaze.AddCartClass.addCart(AddCartClass.java:17)
at com.atmecs.demoblaze.AddCartClass.addCart(AddCartClass.java:17)
at com.atmecs.demoblaze.AddCartClass.addCart(AddCartClass.java:17)
at com.atmecs.demoblaze.AddCartClass.addCart(AddCartClass.java:17)
at com.atmecs.demoblaze.AddCartClass.addCart(AddCartClass.java:17)
at com.atmecs.demoblaze.AddCartClass.addCart(AddCartClass.java:17)
at com.atmecs.demoblaze.AddCartClass.addCart(AddCartClass.java:17)
at com.atmecs.demoblaze.AddCartClass.addCart(AddCartClass.java:17)
at com.atmecs.demoblaze.AddCartClass.addCart(AddCartClass.java:17)
at com.atmecs.demoblaze.AddCartClass.addCart(AddCartClass.java:17)
at com.atmecs.demoblaze.AddCartClass.addCart(AddCartClass.java:17)
at com.atmecs.demoblaze.AddCartClass.addCart(AddCartClass.java:17)
at com.atmecs.demoblaze.AddCartClass.addCart(AddCartClass.java:17)
at com.atmecs.demoblaze.AddCartClass.addCart(AddCartClass.java:17)
at com.atmecs.demoblaze.AddCartClass.addCart(AddCartClass.java:17)
at com.atmecs.demoblaze.AddCartClass.addCart(AddCartClass.java:17)
at com.atmecs.demoblaze.AddCartClass.addCart(AddCartClass.java:17)
at com.atmecs.demoblaze.AddCartClass.addCart(AddCartClass.java:17)
at com.atmecs.demoblaze.AddCartClass.addCart(AddCartClass.java:17)
at com.atmecs.demoblaze.AddCartClass.addCart(AddCartClass.java:17)
at com.atmecs.demoblaze.AddCartClass.addCart(AddCartClass.java:17)
at com.atmecs.demoblaze.AddCartClass.addCart(AddCartClass.java:17)
at com.atmecs.demoblaze.AddCartClass.addCart(AddCartClass.java:17)
at com.atmecs.demoblaze.AddCartClass.addCart(AddCartClass.java:17)
at com.atmecs.demoblaze.AddCartClass.addCart(AddCartClass.java:17)
at com.atmecs.demoblaze.AddCartClass.addCart(AddCartClass.java:17)
at com.atmecs.demoblaze.AddCartClass.addCart(AddCartClass.java:17)
at com.atmecs.demoblaze.AddCartClass.addCart(AddCartClass.java:17)
at com.atmecs.demoblaze.AddCartClass.addCart(AddCartClass.java:17)
at com.atmecs.demoblaze.AddCartClass.addCart(AddCartClass.java:17)
at com.atmecs.demoblaze.AddCartClass.addCart(AddCartClass.java:17)
at com.atmecs.demoblaze.AddCartClass.addCart(AddCartClass.java:17)
at com.atmecs.demoblaze.AddCartClass.addCart(AddCartClass.java:17)
at com.atmecs.demoblaze.AddCartClass.addCart(AddCartClass.java:17)
at com.atmecs.demoblaze.AddCartClass.addCart(AddCartClass.java:17)
at com.atmecs.demoblaze.AddCartClass.addCart(AddCartClass.java:17)
at com.atmecs.demoblaze.AddCartClass.addCart(AddCartClass.java:17)
at com.atmecs.demoblaze.AddCartClass.addCart(AddCartClass.java:17)
at com.atmecs.demoblaze.AddCartClass.addCart(AddCartClass.java:17)
at com.atmecs.demoblaze.AddCartClass.addCart(AddCartClass.java:17)
at com.atmecs.demoblaze.AddCartClass.addCart(AddCartClass.java:17)
at com.atmecs.demoblaze.AddCartClass.addCart(AddCartClass.java:17)
at com.atmecs.demoblaze.AddCartClass.addCart(AddCartClass.java:17)
at com.atmecs.demoblaze.AddCartClass.addCart(AddCartClass.java:17)
at com.atmecs.demoblaze.AddCartClass.addCart(AddCartClass.java:17)
at com.atmecs.demoblaze.AddCartClass.addCart(AddCartClass.java:17)
at com.atmecs.demoblaze.AddCartClass.addCart(AddCartClass.java:17)
at com.atmecs.demoblaze.AddCartClass.addCart(AddCartClass.java:17)
at com.atmecs.demoblaze.AddCartClass.addCart(AddCartClass.java:17)
at com.atmecs.demoblaze.AddCartClass.addCart(AddCartClass.java:17)
at com.atmecs.demoblaze.AddCartClass.addCart(AddCartClass.java:17)
at com.atmecs.demoblaze.AddCartClass.addCart(AddCartClass.java:17)
at com.atmecs.demoblaze.AddCartClass.addCart(AddCartClass.java:17)
at com.atmecs.demoblaze.AddCartClass.addCart(AddCartClass.java:17)
at com.atmecs.demoblaze.AddCartClass.addCart(AddCartClass.java:17)
at com.atmecs.demoblaze.AddCartClass.addCart(AddCartClass.java:17)
at com.atmecs.demoblaze.AddCartClass.addCart(AddCartClass.java:17)
at com.atmecs.demoblaze.AddCartClass.addCart(AddCartClass.java:17)
at com.atmecs.demoblaze.AddCartClass.addCart(AddCartClass.java:17)
at com.atmecs.demoblaze.AddCartClass.addCart(AddCartClass.java:17)
at com.atmecs.demoblaze.AddCartClass.addCart(AddCartClass.java:17)
at com.atmecs.demoblaze.AddCartClass.addCart(AddCartClass.java:17)
at com.atmecs.demoblaze.AddCartClass.addCart(AddCartClass.java:17)
at com.atmecs.demoblaze.AddCartClass.addCart(AddCartClass.java:17)
at com.atmecs.demoblaze.AddCartClass.addCart(AddCartClass.java:17)
at com.atmecs.demoblaze.AddCartClass.addCart(AddCartClass.java:17)
at com.atmecs.demoblaze.AddCartClass.addCart(AddCartClass.java:17)
at com.atmecs.demoblaze.AddCartClass.addCart(AddCartClass.java:17)
at com.atmecs.demoblaze.AddCartClass.addCart(AddCartClass.java:17)
at com.atmecs.demoblaze.AddCartClass.addCart(AddCartClass.java:17)
at com.atmecs.demoblaze.AddCartClass.addCart(AddCartClass.java:17)
at com.atmecs.demoblaze.AddCartClass.addCart(AddCartClass.java:17)
at com.atmecs.demoblaze.AddCartClass.addCart(AddCartClass.java:17)
at com.atmecs.demoblaze.AddCartClass.addCart(AddCartClass.java:17)
at com.atmecs.demoblaze.AddCartClass.addCart(AddCartClass.java:17)
at com.atmecs.demoblaze.AddCartClass.addCart(AddCartClass.java:17)
at com.atmecs.demoblaze.AddCartClass.addCart(AddCartClass.java:17)
at com.atmecs.demoblaze.AddCartClass.addCart(AddCartClass.java:17)
at com.atmecs.demoblaze.AddCartClass.addCart(AddCartClass.java:17)
at com.atmecs.demoblaze.AddCartClass.addCart(AddCartClass.java:17)
at com.atmecs.demoblaze.AddCartClass.addCart(AddCartClass.java:17)
at com.atmecs.demoblaze.AddCartClass.addCart(AddCartClass.java:17)
at com.atmecs.demoblaze.AddCartClass.addCart(AddCartClass.java:17)
at com.atmecs.demoblaze.AddCartClass.addCart(AddCartClass.java:17)
at com.atmecs.demoblaze.AddCartClass.addCart(AddCartClass.java:17)
at com.atmecs.demoblaze.AddCartClass.addCart(AddCartClass.java:17)
at com.atmecs.demoblaze.AddCartClass.addCart(AddCartClass.java:17)
at com.atmecs.demoblaze.AddCartClass.addCart(AddCartClass.java:17)
at com.atmecs.demoblaze.AddCartClass.addCart(AddCartClass.java:17)
at com.atmecs.demoblaze.AddCartClass.addCart(AddCartClass.java:17)
at com.atmecs.demoblaze.AddCartClass.addCart(AddCartClass.java:17)
at com.atmecs.demoblaze.AddCartClass.addCart(AddCartClass.java:17)
at com.atmecs.demoblaze.AddCartClass.addCart(AddCartClass.java:17)
at com.atmecs.demoblaze.AddCartClass.addCart(AddCartClass.java:17)
at com.atmecs.demoblaze.AddCartClass.addCart(AddCartClass.java:17)
at com.atmecs.demoblaze.AddCartClass.addCart(AddCartClass.java:17)
at com.atmecs.demoblaze.AddCartClass.addCart(AddCartClass.java:17)
at com.atmecs.demoblaze.AddCartClass.addCart(AddCartClass.java:17)
at com.atmecs.demoblaze.AddCartClass.addCart(AddCartClass.java:17)
at com.atmecs.demoblaze.AddCartClass.addCart(AddCartClass.java:17)
at com.atmecs.demoblaze.AddCartClass.addCart(AddCartClass.java:17)
at com.atmecs.demoblaze.AddCartClass.addCart(AddCartClass.java:17)
at com.atmecs.demoblaze.AddCartClass.addCart(AddCartClass.java:17)
at com.atmecs.demoblaze.AddCartClass.addCart(AddCartClass.java:17)
at com.atmecs.demoblaze.AddCartClass.addCart(AddCartClass.java:17)
at com.atmecs.demoblaze.AddCartClass.addCart(AddCartClass.java:17)
at com.atmecs.demoblaze.AddCartClass.addCart(AddCartClass.java:17)
at com.atmecs.demoblaze.AddCartClass.addCart(AddCartClass.java:17)
at com.atmecs.demoblaze.AddCartClass.addCart(AddCartClass.java:17)
at com.atmecs.demoblaze.AddCartClass.addCart(AddCartClass.java:17)
at com.atmecs.demoblaze.AddCartClass.addCart(AddCartClass.java:17)
at com.atmecs.demoblaze.AddCartClass.addCart(AddCartClass.java:17)
at com.atmecs.demoblaze.AddCartClass.addCart(AddCartClass.java:17)
at com.atmecs.demoblaze.AddCartClass.addCart(AddCartClass.java:17)
at com.atmecs.demoblaze.AddCartClass.addCart(AddCartClass.java:17)
at com.atmecs.demoblaze.AddCartClass.addCart(AddCartClass.java:17)
at com.atmecs.demoblaze.AddCartClass.addCart(AddCartClass.java:17)
at com.atmecs.demoblaze.AddCartClass.addCart(AddCartClass.java:17)
at com.atmecs.demoblaze.AddCartClass.addCart(AddCartClass.java:17)
at com.atmecs.demoblaze.AddCartClass.addCart(AddCartClass.java:17)
at com.atmecs.demoblaze.AddCartClass.addCart(AddCartClass.java:17)
at com.atmecs.demoblaze.AddCartClass.addCart(AddCartClass.java:17)
at com.atmecs.demoblaze.AddCartClass.addCart(AddCartClass.java:17)
at com.atmecs.demoblaze.AddCartClass.addCart(AddCartClass.java:17)
at com.atmecs.demoblaze.AddCartClass.addCart(AddCartClass.java:17)
at com.atmecs.demoblaze.AddCartClass.addCart(AddCartClass.java:17)
at com.atmecs.demoblaze.AddCartClass.addCart(AddCartClass.java:17)
at com.atmecs.demoblaze.AddCartClass.addCart(AddCartClass.java:17)
at com.atmecs.demoblaze.AddCartClass.addCart(AddCartClass.java:17)
at com.atmecs.demoblaze.AddCartClass.addCart(AddCartClass.java:17)
at com.atmecs.demoblaze.AddCartClass.addCart(AddCartClass.java:17)
at com.atmecs.demoblaze.AddCartClass.addCart(AddCartClass.java:17)
at com.atmecs.demoblaze.AddCartClass.addCart(AddCartClass.java:17)
at com.atmecs.demoblaze.AddCartClass.addCart(AddCartClass.java:17)
at com.atmecs.demoblaze.AddCartClass.addCart(AddCartClass.java:17)
at com.atmecs.demoblaze.AddCartClass.addCart(AddCartClass.java:17)
at com.atmecs.demoblaze.AddCartClass.addCart(AddCartClass.java:17)
at com.atmecs.demoblaze.AddCartClass.addCart(AddCartClass.java:17)
at com.atmecs.demoblaze.AddCartClass.addCart(AddCartClass.java:17)
at com.atmecs.demoblaze.AddCartClass.addCart(AddCartClass.java:17)
at com.atmecs.demoblaze.AddCartClass.addCart(AddCartClass.java:17)
at com.atmecs.demoblaze.AddCartClass.addCart(AddCartClass.java:17)
at com.atmecs.demoblaze.AddCartClass.addCart(AddCartClass.java:17)
at com.atmecs.demoblaze.AddCartClass.addCart(AddCartClass.java:17)
at com.atmecs.demoblaze.AddCartClass.addCart(AddCartClass.java:17)
at com.atmecs.demoblaze.AddCartClass.addCart(AddCartClass.java:17)
at com.atmecs.demoblaze.AddCartClass.addCart(AddCartClass.java:17)
at com.atmecs.demoblaze.AddCartClass.addCart(AddCartClass.java:17)
at com.atmecs.demoblaze.AddCartClass.addCart(AddCartClass.java:17)
at com.atmecs.demoblaze.AddCartClass.addCart(AddCartClass.java:17)
at com.atmecs.demoblaze.AddCartClass.addCart(AddCartClass.java:17)
at com.atmecs.demoblaze.AddCartClass.addCart(AddCartClass.java:17)
at com.atmecs.demoblaze.AddCartClass.addCart(AddCartClass.java:17)
at com.atmecs.demoblaze.AddCartClass.addCart(AddCartClass.java:17)
at com.atmecs.demoblaze.AddCartClass.addCart(AddCartClass.java:17)
at com.atmecs.demoblaze.AddCartClass.addCart(AddCartClass.java:17)
at com.atmecs.demoblaze.AddCartClass.addCart(AddCartClass.java:17)
at com.atmecs.demoblaze.AddCartClass.addCart(AddCartClass.java:17)
at com.atmecs.demoblaze.AddCartClass.addCart(AddCartClass.java:17)
at com.atmecs.demoblaze.AddCartClass.addCart(AddCartClass.java:17)
at com.atmecs.demoblaze.AddCartClass.addCart(AddCartClass.java:17)
at com.atmecs.demoblaze.AddCartClass.addCart(AddCartClass.java:17)
at com.atmecs.demoblaze.AddCartClass.addCart(AddCartClass.java:17)
at com.atmecs.demoblaze.AddCartClass.addCart(AddCartClass.java:17)
at com.atmecs.demoblaze.AddCartClass.addCart(AddCartClass.java:17)
at com.atmecs.demoblaze.AddCartClass.addCart(AddCartClass.java:17)
at com.atmecs.demoblaze.AddCartClass.addCart(AddCartClass.java:17)
at com.atmecs.demoblaze.AddCartClass.addCart(AddCartClass.java:17)
at com.atmecs.demoblaze.AddCartClass.addCart(AddCartClass.java:17)
at com.atmecs.demoblaze.AddCartClass.addCart(AddCartClass.java:17)
at com.atmecs.demoblaze.AddCartClass.addCart(AddCartClass.java:17)
at com.atmecs.demoblaze.AddCartClass.addCart(AddCartClass.java:17)
at com.atmecs.demoblaze.AddCartClass.addCart(AddCartClass.java:17)
at com.atmecs.demoblaze.AddCartClass.addCart(AddCartClass.java:17)
at com.atmecs.demoblaze.AddCartClass.addCart(AddCartClass.java:17)
at com.atmecs.demoblaze.AddCartClass.addCart(AddCartClass.java:17)
at com.atmecs.demoblaze.AddCartClass.addCart(AddCartClass.java:17)
at com.atmecs.demoblaze.AddCartClass.addCart(AddCartClass.java:17)
at com.atmecs.demoblaze.AddCartClass.addCart(AddCartClass.java:17)
at com.atmecs.demoblaze.AddCartClass.addCart(AddCartClass.java:17)
at com.atmecs.demoblaze.AddCartClass.addCart(AddCartClass.java:17)
at com.atmecs.demoblaze.AddCartClass.addCart(AddCartClass.java:17)
at com.atmecs.demoblaze.AddCartClass.addCart(AddCartClass.java:17)
at com.atmecs.demoblaze.AddCartClass.addCart(AddCartClass.java:17)
at com.atmecs.demoblaze.AddCartClass.addCart(AddCartClass.java:17)
at com.atmecs.demoblaze.AddCartClass.addCart(AddCartClass.java:17)
at com.atmecs.demoblaze.AddCartClass.addCart(AddCartClass.java:17)
at com.atmecs.demoblaze.AddCartClass.addCart(AddCartClass.java:17)
at com.atmecs.demoblaze.AddCartClass.addCart(AddCartClass.java:17)
at com.atmecs.demoblaze.AddCartClass.addCart(AddCartClass.java:17)
at com.atmecs.demoblaze.AddCartClass.addCart(AddCartClass.java:17)
at com.atmecs.demoblaze.AddCartClass.addCart(AddCartClass.java:17)
at com.atmecs.demoblaze.AddCartClass.addCart(AddCartClass.java:17)
at com.atmecs.demoblaze.AddCartClass.addCart(AddCartClass.java:17)
at com.atmecs.demoblaze.AddCartClass.addCart(AddCartClass.java:17)
at com.atmecs.demoblaze.AddCartClass.addCart(AddCartClass.java:17)
at com.atmecs.demoblaze.AddCartClass.addCart(AddCartClass.java:17)
at com.atmecs.demoblaze.AddCartClass.addCart(AddCartClass.java:17)
at com.atmecs.demoblaze.AddCartClass.addCart(AddCartClass.java:17)
at com.atmecs.demoblaze.AddCartClass.addCart(AddCartClass.java:17)
at com.atmecs.demoblaze.AddCartClass.addCart(AddCartClass.java:17)
at com.atmecs.demoblaze.AddCartClass.addCart(AddCartClass.java:17)
at com.atmecs.demoblaze.AddCartClass.addCart(AddCartClass.java:17)
at com.atmecs.demoblaze.AddCartClass.addCart(AddCartClass.java:17)
at com.atmecs.demoblaze.AddCartClass.addCart(AddCartClass.java:17)
at com.atmecs.demoblaze.AddCartClass.addCart(AddCartClass.java:17)
at com.atmecs.demoblaze.AddCartClass.addCart(AddCartClass.java:17)
at com.atmecs.demoblaze.AddCartClass.addCart(AddCartClass.java:17)
at com.atmecs.demoblaze.AddCartClass.addCart(AddCartClass.java:17)
at com.atmecs.demoblaze.AddCartClass.addCart(AddCartClass.java:17)
at com.atmecs.demoblaze.AddCartClass.addCart(AddCartClass.java:17)
at com.atmecs.demoblaze.AddCartClass.addCart(AddCartClass.java:17)
at com.atmecs.demoblaze.AddCartClass.addCart(AddCartClass.java:17)
at com.atmecs.demoblaze.AddCartClass.addCart(AddCartClass.java:17)
at com.atmecs.demoblaze.AddCartClass.addCart(AddCartClass.java:17)
at com.atmecs.demoblaze.AddCartClass.addCart(AddCartClass.java:17)
at com.atmecs.demoblaze.AddCartClass.addCart(AddCartClass.java:17)
at com.atmecs.demoblaze.AddCartClass.addCart(AddCartClass.java:17)
at com.atmecs.demoblaze.AddCartClass.addCart(AddCartClass.java:17)
at com.atmecs.demoblaze.AddCartClass.addCart(AddCartClass.java:17)
at com.atmecs.demoblaze.AddCartClass.addCart(AddCartClass.java:17)
at com.atmecs.demoblaze.AddCartClass.addCart(AddCartClass.java:17)
at com.atmecs.demoblaze.AddCartClass.addCart(AddCartClass.java:17)
at com.atmecs.demoblaze.AddCartClass.addCart(AddCartClass.java:17)
at com.atmecs.demoblaze.AddCartClass.addCart(AddCartClass.java:17)
at com.atmecs.demoblaze.AddCartClass.addCart(AddCartClass.java:17)
at com.atmecs.demoblaze.AddCartClass.addCart(AddCartClass.java:17)
at com.atmecs.demoblaze.AddCartClass.addCart(AddCartClass.java:17)
at com.atmecs.demoblaze.AddCartClass.addCart(AddCartClass.java:17)
at com.atmecs.demoblaze.AddCartClass.addCart(AddCartClass.java:17)
at com.atmecs.demoblaze.AddCartClass.addCart(AddCartClass.java:17)
at com.atmecs.demoblaze.AddCartClass.addCart(AddCartClass.java:17)
at com.atmecs.demoblaze.AddCartClass.addCart(AddCartClass.java:17)
at com.atmecs.demoblaze.AddCartClass.addCart(AddCartClass.java:17)
at com.atmecs.demoblaze.AddCartClass.addCart(AddCartClass.java:17)
at com.atmecs.demoblaze.AddCartClass.addCart(AddCartClass.java:17)
at com.atmecs.demoblaze.AddCartClass.addCart(AddCartClass.java:17)
at com.atmecs.demoblaze.AddCartClass.addCart(AddCartClass.java:17)
at com.atmecs.demoblaze.AddCartClass.addCart(AddCartClass.java:17)
at com.atmecs.demoblaze.AddCartClass.addCart(AddCartClass.java:17)
at com.atmecs.demoblaze.AddCartClass.addCart(AddCartClass.java:17)
at com.atmecs.demoblaze.AddCartClass.addCart(AddCartClass.java:17)
at com.atmecs.demoblaze.AddCartClass.addCart(AddCartClass.java:17)
at com.atmecs.demoblaze.AddCartClass.addCart(AddCartClass.java:17)
at com.atmecs.demoblaze.AddCartClass.addCart(AddCartClass.java:17)
at com.atmecs.demoblaze.AddCartClass.addCart(AddCartClass.java:17)
at com.atmecs.demoblaze.AddCartClass.addCart(AddCartClass.java:17)
at com.atmecs.demoblaze.AddCartClass.addCart(AddCartClass.java:17)
at com.atmecs.demoblaze.AddCartClass.addCart(AddCartClass.java:17)
at com.atmecs.demoblaze.AddCartClass.addCart(AddCartClass.java:17)
at com.atmecs.demoblaze.AddCartClass.addCart(AddCartClass.java:17)
at com.atmecs.demoblaze.AddCartClass.addCart(AddCartClass.java:17)
at com.atmecs.demoblaze.AddCartClass.addCart(AddCartClass.java:17)
at com.atmecs.demoblaze.AddCartClass.addCart(AddCartClass.java:17)
at com.atmecs.demoblaze.AddCartClass.addCart(AddCartClass.java:17)
at com.atmecs.demoblaze.AddCartClass.addCart(AddCartClass.java:17)
at com.atmecs.demoblaze.AddCartClass.addCart(AddCartClass.java:17)
at com.atmecs.demoblaze.AddCartClass.addCart(AddCartClass.java:17)
at com.atmecs.demoblaze.AddCartClass.addCart(AddCartClass.java:17)
at com.atmecs.demoblaze.AddCartClass.addCart(AddCartClass.java:17)
at com.atmecs.demoblaze.AddCartClass.addCart(AddCartClass.java:17)
at com.atmecs.demoblaze.AddCartClass.addCart(AddCartClass.java:17)
at com.atmecs.demoblaze.AddCartClass.addCart(AddCartClass.java:17)
at com.atmecs.demoblaze.AddCartClass.addCart(AddCartClass.java:17)
at com.atmecs.demoblaze.AddCartClass.addCart(AddCartClass.java:17)
at com.atmecs.demoblaze.AddCartClass.addCart(AddCartClass.java:17)
at com.atmecs.demoblaze.AddCartClass.addCart(AddCartClass.java:17)
at com.atmecs.demoblaze.AddCartClass.addCart(AddCartClass.java:17)
at com.atmecs.demoblaze.AddCartClass.addCart(AddCartClass.java:17)
at com.atmecs.demoblaze.AddCartClass.addCart(AddCartClass.java:17)
at com.atmecs.demoblaze.AddCartClass.addCart(AddCartClass.java:17)
at com.atmecs.demoblaze.AddCartClass.addCart(AddCartClass.java:17)
at com.atmecs.demoblaze.AddCartClass.addCart(AddCartClass.java:17)
at com.atmecs.demoblaze.AddCartClass.addCart(AddCartClass.java:17)
at com.atmecs.demoblaze.AddCartClass.addCart(AddCartClass.java:17)
at com.atmecs.demoblaze.AddCartClass.addCart(AddCartClass.java:17)
at com.atmecs.demoblaze.AddCartClass.addCart(AddCartClass.java:17)
at com.atmecs.demoblaze.AddCartClass.addCart(AddCartClass.java:17)
at com.atmecs.demoblaze.AddCartClass.addCart(AddCartClass.java:17)
at com.atmecs.demoblaze.AddCartClass.addCart(AddCartClass.java:17)
at com.atmecs.demoblaze.AddCartClass.addCart(AddCartClass.java:17)
at com.atmecs.demoblaze.AddCartClass.addCart(AddCartClass.java:17)
at com.atmecs.demoblaze.AddCartClass.addCart(AddCartClass.java:17)
at com.atmecs.demoblaze.AddCartClass.addCart(AddCartClass.java:17)
at com.atmecs.demoblaze.AddCartClass.addCart(AddCartClass.java:17)
at com.atmecs.demoblaze.AddCartClass.addCart(AddCartClass.java:17)
at com.atmecs.demoblaze.AddCartClass.addCart(AddCartClass.java:17)
at com.atmecs.demoblaze.AddCartClass.addCart(AddCartClass.java:17)
at com.atmecs.demoblaze.AddCartClass.addCart(AddCartClass.java:17)
at com.atmecs.demoblaze.AddCartClass.addCart(AddCartClass.java:17)
at com.atmecs.demoblaze.AddCartClass.addCart(AddCartClass.java:17)
at com.atmecs.demoblaze.AddCartClass.addCart(AddCartClass.java:17)
at com.atmecs.demoblaze.AddCartClass.addCart(AddCartClass.java:17)
at com.atmecs.demoblaze.AddCartClass.addCart(AddCartClass.java:17)
at com.atmecs.demoblaze.AddCartClass.addCart(AddCartClass.java:17)
at com.atmecs.demoblaze.AddCartClass.addCart(AddCartClass.java:17)
at com.atmecs.demoblaze.AddCartClass.addCart(AddCartClass.java:17)
at com.atmecs.demoblaze.AddCartClass.addCart(AddCartClass.java:17)
at com.atmecs.demoblaze.AddCartClass.addCart(AddCartClass.java:17)
at com.atmecs.demoblaze.AddCartClass.addCart(AddCartClass.java:17)
at com.atmecs.demoblaze.AddCartClass.addCart(AddCartClass.java:17)
at com.atmecs.demoblaze.AddCartClass.addCart(AddCartClass.java:17)
at com.atmecs.demoblaze.AddCartClass.addCart(AddCartClass.java:17)
at com.atmecs.demoblaze.AddCartClass.addCart(AddCartClass.java:17)
at com.atmecs.demoblaze.AddCartClass.addCart(AddCartClass.java:17)
at com.atmecs.demoblaze.AddCartClass.addCart(AddCartClass.java:17)
at com.atmecs.demoblaze.AddCartClass.addCart(AddCartClass.java:17)
at com.atmecs.demoblaze.AddCartClass.addCart(AddCartClass.java:17)
at com.atmecs.demoblaze.AddCartClass.addCart(AddCartClass.java:17)
at com.atmecs.demoblaze.AddCartClass.addCart(AddCartClass.java:17)
at com.atmecs.demoblaze.AddCartClass.addCart(AddCartClass.java:17)
at com.atmecs.demoblaze.AddCartClass.addCart(AddCartClass.java:17)
at com.atmecs.demoblaze.AddCartClass.addCart(AddCartClass.java:17)
at com.atmecs.demoblaze.AddCartClass.addCart(AddCartClass.java:17)
at com.atmecs.demoblaze.AddCartClass.addCart(AddCartClass.java:17)
at com.atmecs.demoblaze.AddCartClass.addCart(AddCartClass.java:17)
at com.atmecs.demoblaze.AddCartClass.addCart(AddCartClass.java:17)
at com.atmecs.demoblaze.AddCartClass.addCart(AddCartClass.java:17)
at com.atmecs.demoblaze.AddCartClass.addCart(AddCartClass.java:17)
at com.atmecs.demoblaze.AddCartClass.addCart(AddCartClass.java:17)
at com.atmecs.demoblaze.AddCartClass.addCart(AddCartClass.java:17)
at com.atmecs.demoblaze.AddCartClass.addCart(AddCartClass.java:17)
at com.atmecs.demoblaze.AddCartClass.addCart(AddCartClass.java:17)
at com.atmecs.demoblaze.AddCartClass.addCart(AddCartClass.java:17)
at com.atmecs.demoblaze.AddCartClass.addCart(AddCartClass.java:17)
at com.atmecs.demoblaze.AddCartClass.addCart(AddCartClass.java:17)
at com.atmecs.demoblaze.AddCartClass.addCart(AddCartClass.java:17)
at com.atmecs.demoblaze.AddCartClass.addCart(AddCartClass.java:17)
at com.atmecs.demoblaze.AddCartClass.addCart(AddCartClass.java:17)
at com.atmecs.demoblaze.AddCartClass.addCart(AddCartClass.java:17)
at com.atmecs.demoblaze.AddCartClass.addCart(AddCartClass.java:17)
at com.atmecs.demoblaze.AddCartClass.addCart(AddCartClass.java:17)
at com.atmecs.demoblaze.AddCartClass.addCart(AddCartClass.java:17)
at com.atmecs.demoblaze.AddCartClass.addCart(AddCartClass.java:17)
at com.atmecs.demoblaze.AddCartClass.addCart(AddCartClass.java:17)
at com.atmecs.demoblaze.AddCartClass.addCart(AddCartClass.java:17)
at com.atmecs.demoblaze.AddCartClass.addCart(AddCartClass.java:17)
at com.atmecs.demoblaze.AddCartClass.addCart(AddCartClass.java:17)
at com.atmecs.demoblaze.AddCartClass.addCart(AddCartClass.java:17)
at com.atmecs.demoblaze.AddCartClass.addCart(AddCartClass.java:17)
at com.atmecs.demoblaze.AddCartClass.addCart(AddCartClass.java:17)
at com.atmecs.demoblaze.AddCartClass.addCart(AddCartClass.java:17)
at com.atmecs.demoblaze.AddCartClass.addCart(AddCartClass.java:17)
at com.atmecs.demoblaze.AddCartClass.addCart(AddCartClass.java:17)
at com.atmecs.demoblaze.AddCartClass.addCart(AddCartClass.java:17)
at com.atmecs.demoblaze.AddCartClass.addCart(AddCartClass.java:17)
at com.atmecs.demoblaze.AddCartClass.addCart(AddCartClass.java:17)
at com.atmecs.demoblaze.AddCartClass.addCart(AddCartClass.java:17)
at com.atmecs.demoblaze.AddCartClass.addCart(AddCartClass.java:17)
at com.atmecs.demoblaze.AddCartClass.addCart(AddCartClass.java:17)
at com.atmecs.demoblaze.AddCartClass.addCart(AddCartClass.java:17)
at com.atmecs.demoblaze.AddCartClass.addCart(AddCartClass.java:17)
at com.atmecs.demoblaze.AddCartClass.addCart(AddCartClass.java:17)
at com.atmecs.demoblaze.AddCartClass.addCart(AddCartClass.java:17)
at com.atmecs.demoblaze.AddCartClass.addCart(AddCartClass.java:17)
at com.atmecs.demoblaze.AddCartClass.addCart(AddCartClass.java:17)
at com.atmecs.demoblaze.AddCartClass.addCart(AddCartClass.java:17)
at com.atmecs.demoblaze.AddCartClass.addCart(AddCartClass.java:17)
at com.atmecs.demoblaze.AddCartClass.addCart(AddCartClass.java:17)
at com.atmecs.demoblaze.AddCartClass.addCart(AddCartClass.java:17)
at com.atmecs.demoblaze.AddCartClass.addCart(AddCartClass.java:17)
at com.atmecs.demoblaze.AddCartClass.addCart(AddCartClass.java:17)
at com.atmecs.demoblaze.AddCartClass.addCart(AddCartClass.java:17)
at com.atmecs.demoblaze.AddCartClass.addCart(AddCartClass.java:17)
at com.atmecs.demoblaze.AddCartClass.addCart(AddCartClass.java:17)
at com.atmecs.demoblaze.AddCartClass.addCart(AddCartClass.java:17)
at com.atmecs.demoblaze.AddCartClass.addCart(AddCartClass.java:17)
at com.atmecs.demoblaze.AddCartClass.addCart(AddCartClass.java:17)
at com.atmecs.demoblaze.AddCartClass.addCart(AddCartClass.java:17)
at com.atmecs.demoblaze.AddCartClass.addCart(AddCartClass.java:17)
at com.atmecs.demoblaze.AddCartClass.addCart(AddCartClass.java:17)
at com.atmecs.demoblaze.AddCartClass.addCart(AddCartClass.java:17)
at com.atmecs.demoblaze.AddCartClass.addCart(AddCartClass.java:17)
at com.atmecs.demoblaze.AddCartClass.addCart(AddCartClass.java:17)
at com.atmecs.demoblaze.AddCartClass.addCart(AddCartClass.java:17)
at com.atmecs.demoblaze.AddCartClass.addCart(AddCartClass.java:17)
at com.atmecs.demoblaze.AddCartClass.addCart(AddCartClass.java:17)
at com.atmecs.demoblaze.AddCartClass.addCart(AddCartClass.java:17)
at com.atmecs.demoblaze.AddCartClass.addCart(AddCartClass.java:17)
at com.atmecs.demoblaze.AddCartClass.addCart(AddCartClass.java:17)
at com.atmecs.demoblaze.AddCartClass.addCart(AddCartClass.java:17)
at com.atmecs.demoblaze.AddCartClass.addCart(AddCartClass.java:17)
at com.atmecs.demoblaze.AddCartClass.addCart(AddCartClass.java:17)
at com.atmecs.demoblaze.AddCartClass.addCart(AddCartClass.java:17)
at com.atmecs.demoblaze.AddCartClass.addCart(AddCartClass.java:17)
at com.atmecs.demoblaze.AddCartClass.addCart(AddCartClass.java:17)
at com.atmecs.demoblaze.AddCartClass.addCart(AddCartClass.java:17)
at com.atmecs.demoblaze.AddCartClass.addCart(AddCartClass.java:17)
at com.atmecs.demoblaze.AddCartClass.addCart(AddCartClass.java:17)
at com.atmecs.demoblaze.AddCartClass.addCart(AddCartClass.java:17)
at com.atmecs.demoblaze.AddCartClass.addCart(AddCartClass.java:17)
at com.atmecs.demoblaze.AddCartClass.addCart(AddCartClass.java:17)
at com.atmecs.demoblaze.AddCartClass.addCart(AddCartClass.java:17)
at com.atmecs.demoblaze.AddCartClass.addCart(AddCartClass.java:17)
at com.atmecs.demoblaze.AddCartClass.addCart(AddCartClass.java:17)
at com.atmecs.demoblaze.AddCartClass.addCart(AddCartClass.java:17)
at com.atmecs.demoblaze.AddCartClass.addCart(AddCartClass.java:17)
at com.atmecs.demoblaze.AddCartClass.addCart(AddCartClass.java:17)
at com.atmecs.demoblaze.AddCartClass.addCart(AddCartClass.java:17)
at com.atmecs.demoblaze.AddCartClass.addCart(AddCartClass.java:17)
at com.atmecs.demoblaze.AddCartClass.addCart(AddCartClass.java:17)
at com.atmecs.demoblaze.AddCartClass.addCart(AddCartClass.java:17)
at com.atmecs.demoblaze.AddCartClass.addCart(AddCartClass.java:17)
at com.atmecs.demoblaze.AddCartClass.addCart(AddCartClass.java:17)
at com.atmecs.demoblaze.AddCartClass.addCart(AddCartClass.java:17)
at com.atmecs.demoblaze.AddCartClass.addCart(AddCartClass.java:17)
at com.atmecs.demoblaze.AddCartClass.addCart(AddCartClass.java:17)
at com.atmecs.demoblaze.AddCartClass.addCart(AddCartClass.java:17)
at com.atmecs.demoblaze.AddCartClass.addCart(AddCartClass.java:17)
at com.atmecs.demoblaze.AddCartClass.addCart(AddCartClass.java:17)
at com.atmecs.demoblaze.AddCartClass.addCart(AddCartClass.java:17)
at com.atmecs.demoblaze.AddCartClass.addCart(AddCartClass.java:17)
at com.atmecs.demoblaze.AddCartClass.addCart(AddCartClass.java:17)
at com.atmecs.demoblaze.AddCartClass.addCart(AddCartClass.java:17)
at com.atmecs.demoblaze.AddCartClass.addCart(AddCartClass.java:17)
at com.atmecs.demoblaze.AddCartClass.addCart(AddCartClass.java:17)
at com.atmecs.demoblaze.AddCartClass.addCart(AddCartClass.java:17)
at com.atmecs.demoblaze.AddCartClass.addCart(AddCartClass.java:17)
at com.atmecs.demoblaze.AddCartClass.addCart(AddCartClass.java:17)
at com.atmecs.demoblaze.AddCartClass.addCart(AddCartClass.java:17)
at com.atmecs.demoblaze.AddCartClass.addCart(AddCartClass.java:17)
at com.atmecs.demoblaze.AddCartClass.addCart(AddCartClass.java:17)
at com.atmecs.demoblaze.AddCartClass.addCart(AddCartClass.java:17)
at com.atmecs.demoblaze.AddCartClass.addCart(AddCartClass.java:17)
at com.atmecs.demoblaze.AddCartClass.addCart(AddCartClass.java:17)
at com.atmecs.demoblaze.AddCartClass.addCart(AddCartClass.java:17)
at com.atmecs.demoblaze.AddCartClass.addCart(AddCartClass.java:17)
at com.atmecs.demoblaze.AddCartClass.addCart(AddCartClass.java:17)
at com.atmecs.demoblaze.AddCartClass.addCart(AddCartClass.java:17)
at com.atmecs.demoblaze.AddCartClass.addCart(AddCartClass.java:17)
at com.atmecs.demoblaze.AddCartClass.addCart(AddCartClass.java:17)
at com.atmecs.demoblaze.AddCartClass.addCart(AddCartClass.java:17)
at com.atmecs.demoblaze.AddCartClass.addCart(AddCartClass.java:17)
at com.atmecs.demoblaze.AddCartClass.addCart(AddCartClass.java:17)
at com.atmecs.demoblaze.AddCartClass.addCart(AddCartClass.java:17)
at com.atmecs.demoblaze.AddCartClass.addCart(AddCartClass.java:17)
at com.atmecs.demoblaze.AddCartClass.addCart(AddCartClass.java:17)
at com.atmecs.demoblaze.AddCartClass.addCart(AddCartClass.java:17)
at com.atmecs.demoblaze.AddCartClass.addCart(AddCartClass.java:17)
at com.atmecs.demoblaze.AddCartClass.addCart(AddCartClass.java:17)
at com.atmecs.demoblaze.AddCartClass.addCart(AddCartClass.java:17)
at com.atmecs.demoblaze.AddCartClass.addCart(AddCartClass.java:17)
at com.atmecs.demoblaze.AddCartClass.addCart(AddCartClass.java:17)
at com.atmecs.demoblaze.AddCartClass.addCart(AddCartClass.java:17)
at com.atmecs.demoblaze.AddCartClass.addCart(AddCartClass.java:17)
at com.atmecs.demoblaze.AddCartClass.addCart(AddCartClass.java:17)
at com.atmecs.demoblaze.AddCartClass.addCart(AddCartClass.java:17)
at com.atmecs.demoblaze.AddCartClass.addCart(AddCartClass.java:17)
at com.atmecs.demoblaze.AddCartClass.addCart(AddCartClass.java:17)
at com.atmecs.demoblaze.AddCartClass.addCart(AddCartClass.java:17)
at com.atmecs.demoblaze.AddCartClass.addCart(AddCartClass.java:17)
at com.atmecs.demoblaze.AddCartClass.addCart(AddCartClass.java:17)
at com.atmecs.demoblaze.AddCartClass.addCart(AddCartClass.java:17)
at com.atmecs.demoblaze.AddCartClass.addCart(AddCartClass.java:17)
at com.atmecs.demoblaze.AddCartClass.addCart(AddCartClass.java:17)
at com.atmecs.demoblaze.AddCartClass.addCart(AddCartClass.java:17)
at com.atmecs.demoblaze.AddCartClass.addCart(AddCartClass.java:17)
at com.atmecs.demoblaze.AddCartClass.addCart(AddCartClass.java:17)
at com.atmecs.demoblaze.AddCartClass.addCart(AddCartClass.java:17)
at com.atmecs.demoblaze.AddCartClass.addCart(AddCartClass.java:17)
at com.atmecs.demoblaze.AddCartClass.addCart(AddCartClass.java:17)
at com.atmecs.demoblaze.AddCartClass.addCart(AddCartClass.java:17)
at com.atmecs.demoblaze.AddCartClass.addCart(AddCartClass.java:17)
at com.atmecs.demoblaze.AddCartClass.addCart(AddCartClass.java:17)
at com.atmecs.demoblaze.AddCartClass.addCart(AddCartClass.java:17)
at com.atmecs.demoblaze.AddCartClass.addCart(AddCartClass.java:17)
at com.atmecs.demoblaze.AddCartClass.addCart(AddCartClass.java:17)
at com.atmecs.demoblaze.AddCartClass.addCart(AddCartClass.java:17)
at com.atmecs.demoblaze.AddCartClass.addCart(AddCartClass.java:17)
at com.atmecs.demoblaze.AddCartClass.addCart(AddCartClass.java:17)
at com.atmecs.demoblaze.AddCartClass.addCart(AddCartClass.java:17)
at com.atmecs.demoblaze.AddCartClass.addCart(AddCartClass.java:17)
at com.atmecs.demoblaze.AddCartClass.addCart(AddCartClass.java:17)
at com.atmecs.demoblaze.AddCartClass.addCart(AddCartClass.java:17)
at com.atmecs.demoblaze.AddCartClass.addCart(AddCartClass.java:17)
at com.atmecs.demoblaze.AddCartClass.addCart(AddCartClass.java:17)
at com.atmecs.demoblaze.AddCartClass.addCart(AddCartClass.java:17)
at com.atmecs.demoblaze.AddCartClass.addCart(AddCartClass.java:17)
at com.atmecs.demoblaze.AddCartClass.addCart(AddCartClass.java:17)
at com.atmecs.demoblaze.AddCartClass.addCart(AddCartClass.java:17)
at com.atmecs.demoblaze.AddCartClass.addCart(AddCartClass.java:17)
at com.atmecs.demoblaze.AddCartClass.addCart(AddCartClass.java:17)
at com.atmecs.demoblaze.AddCartClass.addCart(AddCartClass.java:17)
at com.atmecs.demoblaze.AddCartClass.addCart(AddCartClass.java:17)
at com.atmecs.demoblaze.AddCartClass.addCart(AddCartClass.java:17)
at com.atmecs.demoblaze.AddCartClass.addCart(AddCartClass.java:17)
at com.atmecs.demoblaze.AddCartClass.addCart(AddCartClass.java:17)
at com.atmecs.demoblaze.AddCartClass.addCart(AddCartClass.java:17)
at com.atmecs.demoblaze.AddCartClass.addCart(AddCartClass.java:17)
at com.atmecs.demoblaze.AddCartClass.addCart(AddCartClass.java:17)
at com.atmecs.demoblaze.AddCartClass.addCart(AddCartClass.java:17)
at com.atmecs.demoblaze.AddCartClass.addCart(AddCartClass.java:17)
at com.atmecs.demoblaze.AddCartClass.addCart(AddCartClass.java:17)
at com.atmecs.demoblaze.AddCartClass.addCart(AddCartClass.java:17)
at com.atmecs.demoblaze.AddCartClass.addCart(AddCartClass.java:17)
at com.atmecs.demoblaze.AddCartClass.addCart(AddCartClass.java:17)
at com.atmecs.demoblaze.AddCartClass.addCart(AddCartClass.java:17)
at com.atmecs.demoblaze.AddCartClass.addCart(AddCartClass.java:17)
at com.atmecs.demoblaze.AddCartClass.addCart(AddCartClass.java:17)
at com.atmecs.demoblaze.AddCartClass.addCart(AddCartClass.java:17)
at com.atmecs.demoblaze.AddCartClass.addCart(AddCartClass.java:17)
at com.atmecs.demoblaze.AddCartClass.addCart(AddCartClass.java:17)
at com.atmecs.demoblaze.AddCartClass.addCart(AddCartClass.java:17)
at com.atmecs.demoblaze.AddCartClass.addCart(AddCartClass.java:17)
at com.atmecs.demoblaze.AddCartClass.addCart(AddCartClass.java:17)
at com.atmecs.demoblaze.AddCartClass.addCart(AddCartClass.java:17)
at com.atmecs.demoblaze.AddCartClass.addCart(AddCartClass.java:17)
at com.atmecs.demoblaze.AddCartClass.addCart(AddCartClass.java:17)
at com.atmecs.demoblaze.AddCartClass.addCart(AddCartClass.java:17)
at com.atmecs.demoblaze.AddCartClass.addCart(AddCartClass.java:17)
at com.atmecs.demoblaze.AddCartClass.addCart(AddCartClass.java:17)
at com.atmecs.demoblaze.AddCartClass.addCart(AddCartClass.java:17)
at com.atmecs.demoblaze.AddCartClass.addCart(AddCartClass.java:17)
at com.atmecs.demoblaze.AddCartClass.addCart(AddCartClass.java:17)
at com.atmecs.demoblaze.AddCartClass.addCart(AddCartClass.java:17)
at com.atmecs.demoblaze.AddCartClass.addCart(AddCartClass.java:17)
at com.atmecs.demoblaze.AddCartClass.addCart(AddCartClass.java:17)
at com.atmecs.demoblaze.AddCartClass.addCart(AddCartClass.java:17)
at com.atmecs.demoblaze.AddCartClass.addCart(AddCartClass.java:17)
at com.atmecs.demoblaze.AddCartClass.addCart(AddCartClass.java:17)
at com.atmecs.demoblaze.AddCartClass.addCart(AddCartClass.java:17)
at com.atmecs.demoblaze.AddCartClass.addCart(AddCartClass.java:17)
at com.atmecs.demoblaze.AddCartClass.addCart(AddCartClass.java:17)
at com.atmecs.demoblaze.AddCartClass.addCart(AddCartClass.java:17)
at com.atmecs.demoblaze.AddCartClass.addCart(AddCartClass.java:17)
at com.atmecs.demoblaze.AddCartClass.addCart(AddCartClass.java:17)
at com.atmecs.demoblaze.AddCartClass.addCart(AddCartClass.java:17)
at com.atmecs.demoblaze.AddCartClass.addCart(AddCartClass.java:17)
at com.atmecs.demoblaze.AddCartClass.addCart(AddCartClass.java:17)
at com.atmecs.demoblaze.AddCartClass.addCart(AddCartClass.java:17)
at com.atmecs.demoblaze.AddCartClass.addCart(AddCartClass.java:17)
at com.atmecs.demoblaze.AddCartClass.addCart(AddCartClass.java:17)
at com.atmecs.demoblaze.AddCartClass.addCart(AddCartClass.java:17)
at com.atmecs.demoblaze.AddCartClass.addCart(AddCartClass.java:17)
at com.atmecs.demoblaze.AddCartClass.addCart(AddCartClass.java:17)
at com.atmecs.demoblaze.AddCartClass.addCart(AddCartClass.java:17)
at com.atmecs.demoblaze.AddCartClass.addCart(AddCartClass.java:17)
at com.atmecs.demoblaze.AddCartClass.addCart(AddCartClass.java:17)
at com.atmecs.demoblaze.AddCartClass.addCart(AddCartClass.java:17)
at com.atmecs.demoblaze.AddCartClass.addCart(AddCartClass.java:17)
at com.atmecs.demoblaze.AddCartClass.addCart(AddCartClass.java:17)
at com.atmecs.demoblaze.AddCartClass.addCart(AddCartClass.java:17)
at com.atmecs.demoblaze.AddCartClass.addCart(AddCartClass.java:17)
at com.atmecs.demoblaze.AddCartClass.addCart(AddCartClass.java:17)
at com.atmecs.demoblaze.AddCartClass.addCart(AddCartClass.java:17)
at com.atmecs.demoblaze.AddCartClass.addCart(AddCartClass.java:17)
at com.atmecs.demoblaze.AddCartClass.addCart(AddCartClass.java:17)
at com.atmecs.demoblaze.AddCartClass.addCart(AddCartClass.java:17)
at com.atmecs.demoblaze.AddCartClass.addCart(AddCartClass.java:17)
at com.atmecs.demoblaze.AddCartClass.addCart(AddCartClass.java:17)
at com.atmecs.demoblaze.AddCartClass.addCart(AddCartClass.java:17)
at com.atmecs.demoblaze.AddCartClass.addCart(AddCartClass.java:17)
at com.atmecs.demoblaze.AddCartClass.addCart(AddCartClass.java:17)
at com.atmecs.demoblaze.AddCartClass.addCart(AddCartClass.java:17)
at com.atmecs.demoblaze.AddCartClass.addCart(AddCartClass.java:17)
at com.atmecs.demoblaze.AddCartClass.addCart(AddCartClass.java:17)
at com.atmecs.demoblaze.AddCartClass.addCart(AddCartClass.java:17)
at com.atmecs.demoblaze.AddCartClass.addCart(AddCartClass.java:17)
at com.atmecs.demoblaze.AddCartClass.addCart(AddCartClass.java:17)
at com.atmecs.demoblaze.AddCartClass.addCart(AddCartClass.java:17)
at com.atmecs.demoblaze.AddCartClass.addCart(AddCartClass.java:17)
at com.atmecs.demoblaze.AddCartClass.addCart(AddCartClass.java:17)
at com.atmecs.demoblaze.AddCartClass.addCart(AddCartClass.java:17)
at com.atmecs.demoblaze.AddCartClass.addCart(AddCartClass.java:17)
at com.atmecs.demoblaze.AddCartClass.addCart(AddCartClass.java:17)
at com.atmecs.demoblaze.AddCartClass.addCart(AddCartClass.java:17)
at com.atmecs.demoblaze.AddCartClass.addCart(AddCartClass.java:17)
at com.atmecs.demoblaze.AddCartClass.addCart(AddCartClass.java:17)
at com.atmecs.demoblaze.AddCartClass.addCart(AddCartClass.java:17)
at com.atmecs.demoblaze.AddCartClass.addCart(AddCartClass.java:17)
at com.atmecs.demoblaze.AddCartClass.addCart(AddCartClass.java:17)
at com.atmecs.demoblaze.AddCartClass.addCart(AddCartClass.java:17)
at com.atmecs.demoblaze.AddCartClass.addCart(AddCartClass.java:17)
at com.atmecs.demoblaze.AddCartClass.addCart(AddCartClass.java:17)
at com.atmecs.demoblaze.AddCartClass.addCart(AddCartClass.java:17)
at com.atmecs.demoblaze.AddCartClass.addCart(AddCartClass.java:17)
at com.atmecs.demoblaze.AddCartClass.addCart(AddCartClass.java:17)
at com.atmecs.demoblaze.AddCartClass.addCart(AddCartClass.java:17)
at com.atmecs.demoblaze.AddCartClass.addCart(AddCartClass.java:17)
at com.atmecs.demoblaze.AddCartClass.addCart(AddCartClass.java:17)
at com.atmecs.demoblaze.AddCartClass.addCart(AddCartClass.java:17)
at com.atmecs.demoblaze.AddCartClass.addCart(AddCartClass.java:17)
at com.atmecs.demoblaze.AddCartClass.addCart(AddCartClass.java:17)
at com.atmecs.demoblaze.AddCartClass.addCart(AddCartClass.java:17)
at com.atmecs.demoblaze.AddCartClass.addCart(AddCartClass.java:17)
at com.atmecs.demoblaze.AddCartClass.addCart(AddCartClass.java:17)
at com.atmecs.demoblaze.AddCartClass.addCart(AddCartClass.java:17)
at com.atmecs.demoblaze.AddCartClass.addCart(AddCartClass.java:17)
at com.atmecs.demoblaze.AddCartClass.addCart(AddCartClass.java:17)
at com.atmecs.demoblaze.AddCartClass.addCart(AddCartClass.java:17)
at com.atmecs.demoblaze.AddCartClass.addCart(AddCartClass.java:17)
at com.atmecs.demoblaze.AddCartClass.addCart(AddCartClass.java:17)
at com.atmecs.demoblaze.AddCartClass.addCart(AddCartClass.java:17)
at com.atmecs.demoblaze.AddCartClass.addCart(AddCartClass.java:17)
at com.atmecs.demoblaze.AddCartClass.addCart(AddCartClass.java:17)
at com.atmecs.demoblaze.AddCartClass.addCart(AddCartClass.java:17)
at com.atmecs.demoblaze.AddCartClass.addCart(AddCartClass.java:17)
at com.atmecs.demoblaze.AddCartClass.addCart(AddCartClass.java:17)
at com.atmecs.demoblaze.AddCartClass.addCart(AddCartClass.java:17)
at com.atmecs.demoblaze.AddCartClass.addCart(AddCartClass.java:17)
at com.atmecs.demoblaze.AddCartClass.addCart(AddCartClass.java:17)
at com.atmecs.demoblaze.AddCartClass.addCart(AddCartClass.java:17)
at com.atmecs.demoblaze.AddCartClass.addCart(AddCartClass.java:17)
at com.atmecs.demoblaze.AddCartClass.addCart(AddCartClass.java:17)
at com.atmecs.demoblaze.AddCartClass.addCart(AddCartClass.java:17)
at com.atmecs.demoblaze.AddCartClass.addCart(AddCartClass.java:17)
at com.atmecs.demoblaze.AddCartClass.addCart(AddCartClass.java:17)
at com.atmecs.demoblaze.AddCartClass.addCart(AddCartClass.java:17)
at com.atmecs.demoblaze.AddCartClass.addCart(AddCartClass.java:17)
at com.atmecs.demoblaze.AddCartClass.addCart(AddCartClass.java:17)
at com.atmecs.demoblaze.AddCartClass.addCart(AddCartClass.java:17)
at com.atmecs.demoblaze.AddCartClass.addCart(AddCartClass.java:17)
at com.atmecs.demoblaze.AddCartClass.addCart(AddCartClass.java:17)
at com.atmecs.demoblaze.AddCartClass.addCart(AddCartClass.java:17)
at com.atmecs.demoblaze.AddCartClass.addCart(AddCartClass.java:17)
at com.atmecs.demoblaze.AddCartClass.addCart(AddCartClass.java:17)
at com.atmecs.demoblaze.AddCartClass.addCart(AddCartClass.java:17)
at com.atmecs.demoblaze.AddCartClass.addCart(AddCartClass.java:17)
at com.atmecs.demoblaze.AddCartClass.addCart(AddCartClass.java:17)
at com.atmecs.demoblaze.AddCartClass.addCart(AddCartClass.java:17)
at com.atmecs.demoblaze.AddCartClass.addCart(AddCartClass.java:17)
at com.atmecs.demoblaze.AddCartClass.addCart(AddCartClass.java:17)
at com.atmecs.demoblaze.AddCartClass.addCart(AddCartClass.java:17)
at com.atmecs.demoblaze.AddCartClass.addCart(AddCartClass.java:17)
at com.atmecs.demoblaze.AddCartClass.addCart(AddCartClass.java:17)
at com.atmecs.demoblaze.AddCartClass.addCart(AddCartClass.java:17)
at com.atmecs.demoblaze.AddCartClass.addCart(AddCartClass.java:17)
at com.atmecs.demoblaze.AddCartClass.addCart(AddCartClass.java:17)
at com.atmecs.demoblaze.AddCartClass.addCart(AddCartClass.java:17)
at com.atmecs.demoblaze.AddCartClass.addCart(AddCartClass.java:17)
at com.atmecs.demoblaze.AddCartClass.addCart(AddCartClass.java:17)
at com.atmecs.demoblaze.AddCartClass.addCart(AddCartClass.java:17)
at com.atmecs.demoblaze.AddCartClass.addCart(AddCartClass.java:17)
at com.atmecs.demoblaze.AddCartClass.addCart(AddCartClass.java:17)
at com.atmecs.demoblaze.AddCartClass.addCart(AddCartClass.java:17)
at com.atmecs.demoblaze.AddCartClass.addCart(AddCartClass.java:17)
at com.atmecs.demoblaze.AddCartClass.addCart(AddCartClass.java:17)
at com.atmecs.demoblaze.AddCartClass.addCart(AddCartClass.java:17)
at com.atmecs.demoblaze.AddCartClass.addCart(AddCartClass.java:17)
at com.atmecs.demoblaze.AddCartClass.addCart(AddCartClass.java:17)
at com.atmecs.demoblaze.AddCartClass.addCart(AddCartClass.java:17)
at com.atmecs.demoblaze.AddCartClass.addCart(AddCartClass.java:17)
at com.atmecs.demoblaze.AddCartClass.addCart(AddCartClass.java:17)
at com.atmecs.demoblaze.AddCartClass.addCart(AddCartClass.java:17)
at com.atmecs.demoblaze.AddCartClass.addCart(AddCartClass.java:17)
at com.atmecs.demoblaze.AddCartClass.addCart(AddCartClass.java:17)
at com.atmecs.demoblaze.AddCartClass.addCart(AddCartClass.java:17)
at com.atmecs.demoblaze.AddCartClass.addCart(AddCartClass.java:17)
at com.atmecs.demoblaze.AddCartClass.addCart(AddCartClass.java:17)
at com.atmecs.demoblaze.AddCartClass.addCart(AddCartClass.java:17)
at com.atmecs.demoblaze.AddCartClass.addCart(AddCartClass.java:17)
at com.atmecs.demoblaze.AddCartClass.addCart(AddCartClass.java:17)
at com.atmecs.demoblaze.AddCartClass.addCart(AddCartClass.java:17)
at com.atmecs.demoblaze.AddCartClass.addCart(AddCartClass.java:17)
at com.atmecs.demoblaze.AddCartClass.addCart(AddCartClass.java:17)
at com.atmecs.demoblaze.AddCartClass.addCart(AddCartClass.java:17)
at com.atmecs.demoblaze.AddCartClass.addCart(AddCartClass.java:17)
at com.atmecs.demoblaze.AddCartClass.addCart(AddCartClass.java:17)
at com.atmecs.demoblaze.AddCartClass.addCart(AddCartClass.java:17)
at com.atmecs.demoblaze.AddCartClass.addCart(AddCartClass.java:17)
at com.atmecs.demoblaze.AddCartClass.addCart(AddCartClass.java:17)
at com.atmecs.demoblaze.AddCartClass.addCart(AddCartClass.java:17)
at com.atmecs.demoblaze.AddCartClass.addCart(AddCartClass.java:17)
at com.atmecs.demoblaze.AddCartClass.addCart(AddCartClass.java:17)
at com.atmecs.demoblaze.AddCartClass.addCart(AddCartClass.java:17)
at com.atmecs.demoblaze.AddCartClass.addCart(AddCartClass.java:17)
at com.atmecs.demoblaze.AddCartClass.addCart(AddCartClass.java:17)
at com.atmecs.demoblaze.AddCartClass.addCart(AddCartClass.java:17)
at com.atmecs.demoblaze.AddCartClass.addCart(AddCartClass.java:17)
at com.atmecs.demoblaze.AddCartClass.addCart(AddCartClass.java:17)
at com.atmecs.demoblaze.AddCartClass.addCart(AddCartClass.java:17)
at com.atmecs.demoblaze.AddCartClass.addCart(AddCartClass.java:17)
at com.atmecs.demoblaze.AddCartClass.addCart(AddCartClass.java:17)
at com.atmecs.demoblaze.AddCartClass.addCart(AddCartClass.java:17)
at com.atmecs.demoblaze.AddCartClass.addCart(AddCartClass.java:17)
at com.atmecs.demoblaze.AddCartClass.addCart(AddCartClass.java:17)
at com.atmecs.demoblaze.AddCartClass.addCart(AddCartClass.java:17)
at com.atmecs.demoblaze.AddCartClass.addCart(AddCartClass.java:17)
at com.atmecs.demoblaze.AddCartClass.addCart(AddCartClass.java:17)
at com.atmecs.demoblaze.AddCartClass.addCart(AddCartClass.java:17)
at com.atmecs.demoblaze.AddCartClass.addCart(AddCartClass.java:17)
at com.atmecs.demoblaze.AddCartClass.addCart(AddCartClass.java:17)
at com.atmecs.demoblaze.AddCartClass.addCart(AddCartClass.java:17)
at com.atmecs.demoblaze.AddCartClass.addCart(AddCartClass.java:17)
at com.atmecs.demoblaze.AddCartClass.addCart(AddCartClass.java:17)
at com.atmecs.demoblaze.AddCartClass.addCart(AddCartClass.java:17)
at com.atmecs.demoblaze.AddCartClass.addCart(AddCartClass.java:17)
at com.atmecs.demoblaze.AddCartClass.addCart(AddCartClass.java:17)
at com.atmecs.demoblaze.AddCartClass.addCart(AddCartClass.java:17)
at com.atmecs.demoblaze.AddCartClass.addCart(AddCartClass.java:17)
at com.atmecs.demoblaze.AddCartClass.addCart(AddCartClass.java:17)
at com.atmecs.demoblaze.AddCartClass.addCart(AddCartClass.java:17)
at com.atmecs.demoblaze.AddCartClass.addCart(AddCartClass.java:17)
at com.atmecs.demoblaze.AddCartClass.addCart(AddCartClass.java:17)
at com.atmecs.demoblaze.AddCartClass.addCart(AddCartClass.java:17)
at com.atmecs.demoblaze.AddCartClass.addCart(AddCartClass.java:17)
at com.atmecs.demoblaze.AddCartClass.addCart(AddCartClass.java:17)
at com.atmecs.demoblaze.AddCartClass.addCart(AddCartClass.java:17)
at com.atmecs.demoblaze.AddCartClass.addCart(AddCartClass.java:17)
at com.atmecs.demoblaze.AddCartClass.addCart(AddCartClass.java:17)
at com.atmecs.demoblaze.AddCartClass.addCart(AddCartClass.java:17)
at com.atmecs.demoblaze.AddCartClass.addCart(AddCartClass.java:17)
at com.atmecs.demoblaze.AddCartClass.addCart(AddCartClass.java:17)
at com.atmecs.demoblaze.AddCartClass.addCart(AddCartClass.java:17)
at com.atmecs.demoblaze.AddCartClass.addCart(AddCartClass.java:17)
at com.atmecs.demoblaze.AddCartClass.addCart(AddCartClass.java:17)
at com.atmecs.demoblaze.AddCartClass.addCart(AddCartClass.java:17)
at com.atmecs.demoblaze.AddCartClass.addCart(AddCartClass.java:17)
at com.atmecs.demoblaze.AddCartClass.addCart(AddCartClass.java:17)
at com.atmecs.demoblaze.AddCartClass.addCart(AddCartClass.java:17)
at com.atmecs.demoblaze.AddCartClass.addCart(AddCartClass.java:17)
at com.atmecs.demoblaze.AddCartClass.addCart(AddCartClass.java:17)
at com.atmecs.demoblaze.AddCartClass.addCart(AddCartClass.java:17)
at com.atmecs.demoblaze.AddCartClass.addCart(AddCartClass.java:17)
at com.atmecs.demoblaze.AddCartClass.addCart(AddCartClass.java:17)
at com.atmecs.demoblaze.AddCartClass.addCart(AddCartClass.java:17)
at com.atmecs.demoblaze.AddCartClass.addCart(AddCartClass.java:17)
at com.atmecs.demoblaze.AddCartClass.addCart(AddCartClass.java:17)
at com.atmecs.demoblaze.AddCartClass.addCart(AddCartClass.java:17)
at com.atmecs.demoblaze.AddCartClass.addCart(AddCartClass.java:17)
at com.atmecs.demoblaze.AddCartClass.addCart(AddCartClass.java:17)
at com.atmecs.demoblaze.AddCartClass.addCart(AddCartClass.java:17)
at com.atmecs.demoblaze.AddCartClass.addCart(AddCartClass.java:17)
at com.atmecs.demoblaze.AddCartClass.addCart(AddCartClass.java:17)
at com.atmecs.demoblaze.AddCartClass.addCart(AddCartClass.java:17)
at com.atmecs.demoblaze.AddCartClass.addCart(AddCartClass.java:17)
at com.atmecs.demoblaze.AddCartClass.addCart(AddCartClass.java:17)
at com.atmecs.demoblaze.AddCartClass.addCart(AddCartClass.java:17)
at com.atmecs.demoblaze.AddCartClass.addCart(AddCartClass.java:17)
at com.atmecs.demoblaze.AddCartClass.addCart(AddCartClass.java:17)
at com.atmecs.demoblaze.AddCartClass.addCart(AddCartClass.java:17)
at com.atmecs.demoblaze.AddCartClass.addCart(AddCartClass.java:17)
at com.atmecs.demoblaze.AddCartClass.addCart(AddCartClass.java:17)
at com.atmecs.demoblaze.AddCartClass.addCart(AddCartClass.java:17)
at com.atmecs.demoblaze.AddCartClass.addCart(AddCartClass.java:17)
]]>
    </error>
  </testcase> <!-- addCart -->
</testsuite> <!-- com.atmecs.demoblaze.AddCartClass -->
