<?xml version="1.0" encoding="UTF-8"?>
<!-- Generated by org.testng.reporters.JUnitReportReporter -->
<testsuite hostname="ATMECSBLRLT-030" failures="0" tests="1" name="pageActions.ContactClass" time="0.675" errors="0" timestamp="24 Sep 2020 06:26:03 GMT" skipped="0">
  <testcase classname="pageActions.ContactClass" name="contact" time="0.675"/>
</testsuite> <!-- pageActions.ContactClass -->
